#! /usr/bin/vvp
:ivl_version "11.0 (stable)";
:ivl_delay_selection "TYPICAL";
:vpi_time_precision + 0;
:vpi_module "/usr/lib/x86_64-linux-gnu/ivl/system.vpi";
:vpi_module "/usr/lib/x86_64-linux-gnu/ivl/vhdl_sys.vpi";
:vpi_module "/usr/lib/x86_64-linux-gnu/ivl/vhdl_textio.vpi";
:vpi_module "/usr/lib/x86_64-linux-gnu/ivl/v2005_math.vpi";
:vpi_module "/usr/lib/x86_64-linux-gnu/ivl/va_math.vpi";
S_0x55c4e1e2ec30 .scope module, "TestBench" "TestBench" 2 3;
 .timescale 0 0;
v0x55c4e1e5af20_0 .var "Clk", 0 0;
v0x55c4e1e5afc0_0 .var "Reset", 0 0;
v0x55c4e1e5b080_0 .var/i "counter", 31 0;
v0x55c4e1e5b120_0 .var/i "i", 31 0;
v0x55c4e1e5b200_0 .var/i "outfile", 31 0;
E_0x55c4e1e023b0 .event posedge, v0x55c4e1e58100_0;
S_0x55c4e1dfb640 .scope module, "CPU" "CPU" 2 11, 3 1 0, S_0x55c4e1e2ec30;
 .timescale 0 0;
    .port_info 0 /INPUT 1 "clk_i";
    .port_info 1 /INPUT 1 "rst_i";
    .port_info 2 /NODIR 0 "";
v0x55c4e1e59d10_0 .net "ALUOp", 1 0, L_0x55c4e1e5b670;  1 drivers
v0x55c4e1e59dd0_0 .net "ALUOp3", 2 0, L_0x55c4e1e70030;  1 drivers
v0x55c4e1e59ee0_0 .net "ALUSrc", 0 0, L_0x55c4e1e5b800;  1 drivers
v0x55c4e1e59fd0_0 .net "ALUinst", 9 0, L_0x55c4e1e5b420;  1 drivers
v0x55c4e1e5a070_0 .net "ALUres", 31 0, L_0x55c4e1e6e800;  1 drivers
L_0x1509b7756018 .functor BUFT 1, C4<1>, C4<0>, C4<0>, C4<0>;
v0x55c4e1e5a1b0_0 .net "RegWrite", 0 0, L_0x1509b7756018;  1 drivers
L_0x1509b7756330 .functor BUFT 1, C4<0>, C4<0>, C4<0>, C4<0>;
v0x55c4e1e5a2a0_0 .net "Zero", 0 0, L_0x1509b7756330;  1 drivers
v0x55c4e1e5a340_0 .net *"_ivl_3", 6 0, L_0x55c4e1e5b330;  1 drivers
v0x55c4e1e5a400_0 .net *"_ivl_8", 2 0, L_0x55c4e1e5b580;  1 drivers
v0x55c4e1e5a570_0 .net "clk_i", 0 0, v0x55c4e1e5af20_0;  1 drivers
v0x55c4e1e5a610_0 .net "ext", 31 0, L_0x55c4e1e6cd60;  1 drivers
v0x55c4e1e5a720_0 .net "inst", 31 0, L_0x55c4e1e5ba00;  1 drivers
v0x55c4e1e5a7e0_0 .net "pc_i", 31 0, L_0x55c4e1e5b960;  1 drivers
v0x55c4e1e5a8d0_0 .net "pc_o", 31 0, v0x55c4e1e582d0_0;  1 drivers
v0x55c4e1e5a990_0 .net "rs1", 31 0, L_0x55c4e1e6bfc0;  1 drivers
v0x55c4e1e5aaa0_0 .net "rs2", 31 0, L_0x55c4e1e6c2b0;  1 drivers
v0x55c4e1e5abb0_0 .net "rs3", 31 0, L_0x55c4e1e6c740;  1 drivers
v0x55c4e1e5add0_0 .net "rst_i", 0 0, v0x55c4e1e5afc0_0;  1 drivers
L_0x55c4e1e5b330 .part L_0x55c4e1e5ba00, 25, 7;
L_0x55c4e1e5b420 .concat8 [ 3 7 0 0], L_0x55c4e1e5b580, L_0x55c4e1e5b330;
L_0x55c4e1e5b580 .part L_0x55c4e1e5ba00, 12, 3;
L_0x55c4e1e5b8c0 .part L_0x55c4e1e5ba00, 0, 7;
L_0x55c4e1e6c370 .part L_0x55c4e1e5ba00, 15, 5;
L_0x55c4e1e6c460 .part L_0x55c4e1e5ba00, 20, 5;
L_0x55c4e1e6c590 .part L_0x55c4e1e5ba00, 7, 5;
L_0x55c4e1e6ce00 .part L_0x55c4e1e5ba00, 20, 12;
S_0x55c4e1df9b10 .scope module, "ALU" "ALU" 3 34, 4 1 0, S_0x55c4e1dfb640;
 .timescale 0 0;
    .port_info 0 /INPUT 32 "a";
    .port_info 1 /INPUT 32 "b";
    .port_info 2 /INPUT 3 "op";
    .port_info 3 /OUTPUT 32 "c";
    .port_info 4 /OUTPUT 1 "Zero";
L_0x55c4e1e6cf90 .functor AND 32, L_0x55c4e1e6bfc0, L_0x55c4e1e6c740, C4<11111111111111111111111111111111>, C4<11111111111111111111111111111111>;
L_0x55c4e1e6d250 .functor XOR 32, L_0x55c4e1e6bfc0, L_0x55c4e1e6c740, C4<00000000000000000000000000000000>, C4<00000000000000000000000000000000>;
v0x55c4e1dfad60_0 .net "Zero", 0 0, L_0x1509b7756330;  alias, 1 drivers
L_0x1509b7756180 .functor BUFT 1, C4<000>, C4<0>, C4<0>, C4<0>;
v0x55c4e1dfae00_0 .net/2u *"_ivl_0", 2 0, L_0x1509b7756180;  1 drivers
v0x55c4e1e52c90_0 .net *"_ivl_10", 31 0, L_0x55c4e1e6d250;  1 drivers
L_0x1509b7756210 .functor BUFT 1, C4<010>, C4<0>, C4<0>, C4<0>;
v0x55c4e1e52d50_0 .net/2u *"_ivl_12", 2 0, L_0x1509b7756210;  1 drivers
v0x55c4e1e52e30_0 .net *"_ivl_14", 0 0, L_0x55c4e1e6d2c0;  1 drivers
v0x55c4e1e52f40_0 .net *"_ivl_16", 31 0, L_0x55c4e1e6d360;  1 drivers
L_0x1509b7756258 .functor BUFT 1, C4<011>, C4<0>, C4<0>, C4<0>;
v0x55c4e1e53020_0 .net/2u *"_ivl_18", 2 0, L_0x1509b7756258;  1 drivers
v0x55c4e1e53100_0 .net *"_ivl_2", 0 0, L_0x55c4e1e6cef0;  1 drivers
v0x55c4e1e531c0_0 .net *"_ivl_20", 0 0, L_0x55c4e1e6d4c0;  1 drivers
v0x55c4e1e53280_0 .net/s *"_ivl_22", 31 0, L_0x55c4e1e6d590;  1 drivers
L_0x1509b77562a0 .functor BUFT 1, C4<100>, C4<0>, C4<0>, C4<0>;
v0x55c4e1e53360_0 .net/2u *"_ivl_24", 2 0, L_0x1509b77562a0;  1 drivers
v0x55c4e1e53440_0 .net *"_ivl_26", 0 0, L_0x55c4e1e6d6e0;  1 drivers
v0x55c4e1e53500_0 .net/s *"_ivl_28", 31 0, L_0x55c4e1e6d7b0;  1 drivers
L_0x1509b77562e8 .functor BUFT 1, C4<101>, C4<0>, C4<0>, C4<0>;
v0x55c4e1e535e0_0 .net/2u *"_ivl_30", 2 0, L_0x1509b77562e8;  1 drivers
v0x55c4e1e536c0_0 .net *"_ivl_32", 0 0, L_0x55c4e1e6d9e0;  1 drivers
v0x55c4e1e53780_0 .net/s *"_ivl_35", 31 0, L_0x55c4e1e6dc10;  1 drivers
v0x55c4e1e53860_0 .net *"_ivl_37", 4 0, L_0x55c4e1e6dd10;  1 drivers
v0x55c4e1e53940_0 .net *"_ivl_38", 31 0, L_0x55c4e1e6dde0;  1 drivers
v0x55c4e1e53a20_0 .net *"_ivl_4", 31 0, L_0x55c4e1e6cf90;  1 drivers
v0x55c4e1e53b00_0 .net *"_ivl_40", 31 0, L_0x55c4e1e6df20;  1 drivers
v0x55c4e1e53be0_0 .net *"_ivl_42", 31 0, L_0x55c4e1e6e0b0;  1 drivers
v0x55c4e1e53cc0_0 .net *"_ivl_44", 31 0, L_0x55c4e1e6e2c0;  1 drivers
v0x55c4e1e53da0_0 .net *"_ivl_46", 31 0, L_0x55c4e1e6e450;  1 drivers
v0x55c4e1e53e80_0 .net *"_ivl_48", 31 0, L_0x55c4e1e6e670;  1 drivers
L_0x1509b77561c8 .functor BUFT 1, C4<001>, C4<0>, C4<0>, C4<0>;
v0x55c4e1e53f60_0 .net/2u *"_ivl_6", 2 0, L_0x1509b77561c8;  1 drivers
v0x55c4e1e54040_0 .net *"_ivl_8", 0 0, L_0x55c4e1e6d120;  1 drivers
v0x55c4e1e54100_0 .net/s "a", 31 0, L_0x55c4e1e6bfc0;  alias, 1 drivers
v0x55c4e1e541e0_0 .net/s "b", 31 0, L_0x55c4e1e6c740;  alias, 1 drivers
v0x55c4e1e542c0_0 .net "c", 31 0, L_0x55c4e1e6e800;  alias, 1 drivers
v0x55c4e1e543a0_0 .net "op", 2 0, L_0x55c4e1e70030;  alias, 1 drivers
L_0x55c4e1e6cef0 .cmp/eq 3, L_0x55c4e1e70030, L_0x1509b7756180;
L_0x55c4e1e6d120 .cmp/eq 3, L_0x55c4e1e70030, L_0x1509b77561c8;
L_0x55c4e1e6d2c0 .cmp/eq 3, L_0x55c4e1e70030, L_0x1509b7756210;
L_0x55c4e1e6d360 .shift/l 32, L_0x55c4e1e6bfc0, L_0x55c4e1e6c740;
L_0x55c4e1e6d4c0 .cmp/eq 3, L_0x55c4e1e70030, L_0x1509b7756258;
L_0x55c4e1e6d590 .arith/sum 32, L_0x55c4e1e6bfc0, L_0x55c4e1e6c740;
L_0x55c4e1e6d6e0 .cmp/eq 3, L_0x55c4e1e70030, L_0x1509b77562a0;
L_0x55c4e1e6d7b0 .arith/sub 32, L_0x55c4e1e6bfc0, L_0x55c4e1e6c740;
L_0x55c4e1e6d9e0 .cmp/eq 3, L_0x55c4e1e70030, L_0x1509b77562e8;
L_0x55c4e1e6dc10 .arith/mult 32, L_0x55c4e1e6bfc0, L_0x55c4e1e6c740;
L_0x55c4e1e6dd10 .part L_0x55c4e1e6c740, 0, 5;
L_0x55c4e1e6dde0 .shift/rs 32, L_0x55c4e1e6bfc0, L_0x55c4e1e6dd10;
L_0x55c4e1e6df20 .functor MUXZ 32, L_0x55c4e1e6dde0, L_0x55c4e1e6dc10, L_0x55c4e1e6d9e0, C4<>;
L_0x55c4e1e6e0b0 .functor MUXZ 32, L_0x55c4e1e6df20, L_0x55c4e1e6d7b0, L_0x55c4e1e6d6e0, C4<>;
L_0x55c4e1e6e2c0 .functor MUXZ 32, L_0x55c4e1e6e0b0, L_0x55c4e1e6d590, L_0x55c4e1e6d4c0, C4<>;
L_0x55c4e1e6e450 .functor MUXZ 32, L_0x55c4e1e6e2c0, L_0x55c4e1e6d360, L_0x55c4e1e6d2c0, C4<>;
L_0x55c4e1e6e670 .functor MUXZ 32, L_0x55c4e1e6e450, L_0x55c4e1e6d250, L_0x55c4e1e6d120, C4<>;
L_0x55c4e1e6e800 .functor MUXZ 32, L_0x55c4e1e6e670, L_0x55c4e1e6cf90, L_0x55c4e1e6cef0, C4<>;
S_0x55c4e1df8cf0 .scope module, "ALU_Control" "ALU_Control" 3 36, 5 1 0, S_0x55c4e1dfb640;
 .timescale 0 0;
    .port_info 0 /INPUT 10 "inst";
    .port_info 1 /INPUT 2 "ALUOp";
    .port_info 2 /OUTPUT 3 "ALUOp3";
L_0x55c4e1e6deb0 .functor AND 1, L_0x55c4e1e6ea80, L_0x55c4e1e6ebc0, C4<1>, C4<1>;
v0x55c4e1e54590_0 .net "ALUOp", 1 0, L_0x55c4e1e5b670;  alias, 1 drivers
v0x55c4e1e54690_0 .net "ALUOp3", 2 0, L_0x55c4e1e70030;  alias, 1 drivers
L_0x1509b7756378 .functor BUFT 1, C4<01>, C4<0>, C4<0>, C4<0>;
v0x55c4e1e54750_0 .net/2u *"_ivl_0", 1 0, L_0x1509b7756378;  1 drivers
v0x55c4e1e547f0_0 .net *"_ivl_11", 0 0, L_0x55c4e1e6deb0;  1 drivers
L_0x1509b7756408 .functor BUFT 1, C4<011>, C4<0>, C4<0>, C4<0>;
v0x55c4e1e548b0_0 .net/2u *"_ivl_12", 2 0, L_0x1509b7756408;  1 drivers
L_0x1509b7756450 .functor BUFT 1, C4<01>, C4<0>, C4<0>, C4<0>;
v0x55c4e1e549e0_0 .net/2u *"_ivl_14", 1 0, L_0x1509b7756450;  1 drivers
v0x55c4e1e54ac0_0 .net *"_ivl_16", 0 0, L_0x55c4e1e6eda0;  1 drivers
L_0x1509b7756498 .functor BUFT 1, C4<110>, C4<0>, C4<0>, C4<0>;
v0x55c4e1e54b80_0 .net/2u *"_ivl_18", 2 0, L_0x1509b7756498;  1 drivers
v0x55c4e1e54c60_0 .net *"_ivl_2", 0 0, L_0x55c4e1e6ea80;  1 drivers
L_0x1509b77564e0 .functor BUFT 1, C4<0000000111>, C4<0>, C4<0>, C4<0>;
v0x55c4e1e54d20_0 .net/2u *"_ivl_20", 9 0, L_0x1509b77564e0;  1 drivers
v0x55c4e1e54e00_0 .net *"_ivl_22", 0 0, L_0x55c4e1e6efa0;  1 drivers
L_0x1509b7756528 .functor BUFT 1, C4<000>, C4<0>, C4<0>, C4<0>;
v0x55c4e1e54ec0_0 .net/2u *"_ivl_24", 2 0, L_0x1509b7756528;  1 drivers
L_0x1509b7756570 .functor BUFT 1, C4<0000000100>, C4<0>, C4<0>, C4<0>;
v0x55c4e1e54fa0_0 .net/2u *"_ivl_26", 9 0, L_0x1509b7756570;  1 drivers
v0x55c4e1e55080_0 .net *"_ivl_28", 0 0, L_0x55c4e1e6f040;  1 drivers
L_0x1509b77565b8 .functor BUFT 1, C4<001>, C4<0>, C4<0>, C4<0>;
v0x55c4e1e55140_0 .net/2u *"_ivl_30", 2 0, L_0x1509b77565b8;  1 drivers
L_0x1509b7756600 .functor BUFT 1, C4<0000000001>, C4<0>, C4<0>, C4<0>;
v0x55c4e1e55220_0 .net/2u *"_ivl_32", 9 0, L_0x1509b7756600;  1 drivers
v0x55c4e1e55300_0 .net *"_ivl_34", 0 0, L_0x55c4e1e6f170;  1 drivers
L_0x1509b7756648 .functor BUFT 1, C4<010>, C4<0>, C4<0>, C4<0>;
v0x55c4e1e553c0_0 .net/2u *"_ivl_36", 2 0, L_0x1509b7756648;  1 drivers
L_0x1509b7756690 .functor BUFT 1, C4<0000000000>, C4<0>, C4<0>, C4<0>;
v0x55c4e1e554a0_0 .net/2u *"_ivl_38", 9 0, L_0x1509b7756690;  1 drivers
v0x55c4e1e55580_0 .net *"_ivl_40", 0 0, L_0x55c4e1e6f260;  1 drivers
L_0x1509b77566d8 .functor BUFT 1, C4<011>, C4<0>, C4<0>, C4<0>;
v0x55c4e1e55640_0 .net/2u *"_ivl_42", 2 0, L_0x1509b77566d8;  1 drivers
L_0x1509b7756720 .functor BUFT 1, C4<0100000000>, C4<0>, C4<0>, C4<0>;
v0x55c4e1e55720_0 .net/2u *"_ivl_44", 9 0, L_0x1509b7756720;  1 drivers
v0x55c4e1e55800_0 .net *"_ivl_46", 0 0, L_0x55c4e1e6f3a0;  1 drivers
L_0x1509b7756768 .functor BUFT 1, C4<100>, C4<0>, C4<0>, C4<0>;
v0x55c4e1e558c0_0 .net/2u *"_ivl_48", 2 0, L_0x1509b7756768;  1 drivers
v0x55c4e1e559a0_0 .net *"_ivl_5", 2 0, L_0x55c4e1e6eb20;  1 drivers
L_0x1509b77567b0 .functor BUFT 1, C4<101>, C4<0>, C4<0>, C4<0>;
v0x55c4e1e55a80_0 .net/2u *"_ivl_50", 2 0, L_0x1509b77567b0;  1 drivers
v0x55c4e1e55b60_0 .net *"_ivl_52", 2 0, L_0x55c4e1e6f5a0;  1 drivers
v0x55c4e1e55c40_0 .net *"_ivl_54", 2 0, L_0x55c4e1e6f770;  1 drivers
v0x55c4e1e55d20_0 .net *"_ivl_56", 2 0, L_0x55c4e1e6f900;  1 drivers
v0x55c4e1e55e00_0 .net *"_ivl_58", 2 0, L_0x55c4e1e6fb00;  1 drivers
L_0x1509b77563c0 .functor BUFT 1, C4<000>, C4<0>, C4<0>, C4<0>;
v0x55c4e1e55ee0_0 .net/2u *"_ivl_6", 2 0, L_0x1509b77563c0;  1 drivers
v0x55c4e1e55fc0_0 .net *"_ivl_60", 2 0, L_0x55c4e1e6fc90;  1 drivers
v0x55c4e1e560a0_0 .net *"_ivl_62", 2 0, L_0x55c4e1e6fea0;  1 drivers
v0x55c4e1e56390_0 .net *"_ivl_8", 0 0, L_0x55c4e1e6ebc0;  1 drivers
v0x55c4e1e56450_0 .net "inst", 9 0, L_0x55c4e1e5b420;  alias, 1 drivers
L_0x55c4e1e6ea80 .cmp/eq 2, L_0x55c4e1e5b670, L_0x1509b7756378;
L_0x55c4e1e6eb20 .part L_0x55c4e1e5b420, 0, 3;
L_0x55c4e1e6ebc0 .cmp/eq 3, L_0x55c4e1e6eb20, L_0x1509b77563c0;
L_0x55c4e1e6eda0 .cmp/eq 2, L_0x55c4e1e5b670, L_0x1509b7756450;
L_0x55c4e1e6efa0 .cmp/eq 10, L_0x55c4e1e5b420, L_0x1509b77564e0;
L_0x55c4e1e6f040 .cmp/eq 10, L_0x55c4e1e5b420, L_0x1509b7756570;
L_0x55c4e1e6f170 .cmp/eq 10, L_0x55c4e1e5b420, L_0x1509b7756600;
L_0x55c4e1e6f260 .cmp/eq 10, L_0x55c4e1e5b420, L_0x1509b7756690;
L_0x55c4e1e6f3a0 .cmp/eq 10, L_0x55c4e1e5b420, L_0x1509b7756720;
L_0x55c4e1e6f5a0 .functor MUXZ 3, L_0x1509b77567b0, L_0x1509b7756768, L_0x55c4e1e6f3a0, C4<>;
L_0x55c4e1e6f770 .functor MUXZ 3, L_0x55c4e1e6f5a0, L_0x1509b77566d8, L_0x55c4e1e6f260, C4<>;
L_0x55c4e1e6f900 .functor MUXZ 3, L_0x55c4e1e6f770, L_0x1509b7756648, L_0x55c4e1e6f170, C4<>;
L_0x55c4e1e6fb00 .functor MUXZ 3, L_0x55c4e1e6f900, L_0x1509b77565b8, L_0x55c4e1e6f040, C4<>;
L_0x55c4e1e6fc90 .functor MUXZ 3, L_0x55c4e1e6fb00, L_0x1509b7756528, L_0x55c4e1e6efa0, C4<>;
L_0x55c4e1e6fea0 .functor MUXZ 3, L_0x55c4e1e6fc90, L_0x1509b7756498, L_0x55c4e1e6eda0, C4<>;
L_0x55c4e1e70030 .functor MUXZ 3, L_0x55c4e1e6fea0, L_0x1509b7756408, L_0x55c4e1e6deb0, C4<>;
S_0x55c4e1dfb370 .scope module, "Add_PC" "Adder" 3 22, 6 1 0, S_0x55c4e1dfb640;
 .timescale 0 0;
    .port_info 0 /INPUT 32 "a";
    .port_info 1 /INPUT 32 "b";
    .port_info 2 /OUTPUT 32 "c";
v0x55c4e1e56600_0 .net "a", 31 0, v0x55c4e1e582d0_0;  alias, 1 drivers
L_0x1509b7756060 .functor BUFT 1, C4<00000000000000000000000000000100>, C4<0>, C4<0>, C4<0>;
v0x55c4e1e566e0_0 .net "b", 31 0, L_0x1509b7756060;  1 drivers
v0x55c4e1e567c0_0 .net "c", 31 0, L_0x55c4e1e5b960;  alias, 1 drivers
L_0x55c4e1e5b960 .arith/sum 32, v0x55c4e1e582d0_0, L_0x1509b7756060;
S_0x55c4e1e56900 .scope module, "Control" "Control" 3 20, 7 1 0, S_0x55c4e1dfb640;
 .timescale 0 0;
    .port_info 0 /INPUT 7 "inst";
    .port_info 1 /OUTPUT 2 "ALUOp";
    .port_info 2 /OUTPUT 1 "ALUSrc";
    .port_info 3 /OUTPUT 1 "RegWrite";
L_0x55c4e1e5b800 .functor NOT 1, L_0x55c4e1e5b710, C4<0>, C4<0>, C4<0>;
v0x55c4e1e56ae0_0 .net "ALUOp", 1 0, L_0x55c4e1e5b670;  alias, 1 drivers
v0x55c4e1e56bd0_0 .net "ALUSrc", 0 0, L_0x55c4e1e5b800;  alias, 1 drivers
v0x55c4e1e56c70_0 .net "RegWrite", 0 0, L_0x1509b7756018;  alias, 1 drivers
v0x55c4e1e56d40_0 .net *"_ivl_3", 0 0, L_0x55c4e1e5b710;  1 drivers
v0x55c4e1e56e20_0 .net "inst", 6 0, L_0x55c4e1e5b8c0;  1 drivers
L_0x55c4e1e5b670 .part L_0x55c4e1e5b8c0, 4, 2;
L_0x55c4e1e5b710 .part L_0x55c4e1e5b8c0, 5, 1;
S_0x55c4e1e56fd0 .scope module, "Instruction_Memory" "Instruction_Memory" 3 26, 8 1 0, S_0x55c4e1dfb640;
 .timescale 0 0;
    .port_info 0 /INPUT 32 "addr_i";
    .port_info 1 /OUTPUT 32 "instr_o";
L_0x55c4e1e5ba00 .functor BUFZ 32, L_0x55c4e1e6bb10, C4<00000000000000000000000000000000>, C4<00000000000000000000000000000000>, C4<00000000000000000000000000000000>;
v0x55c4e1e57220_0 .net *"_ivl_0", 31 0, L_0x55c4e1e6bb10;  1 drivers
v0x55c4e1e57320_0 .net *"_ivl_2", 31 0, L_0x55c4e1e6bc50;  1 drivers
v0x55c4e1e57400_0 .net *"_ivl_4", 29 0, L_0x55c4e1e6bbb0;  1 drivers
L_0x1509b77560a8 .functor BUFT 1, C4<00>, C4<0>, C4<0>, C4<0>;
v0x55c4e1e574c0_0 .net *"_ivl_6", 1 0, L_0x1509b77560a8;  1 drivers
v0x55c4e1e575a0_0 .net "addr_i", 31 0, v0x55c4e1e582d0_0;  alias, 1 drivers
v0x55c4e1e576b0_0 .net "instr_o", 31 0, L_0x55c4e1e5ba00;  alias, 1 drivers
v0x55c4e1e57770 .array "memory", 255 0, 31 0;
L_0x55c4e1e6bb10 .array/port v0x55c4e1e57770, L_0x55c4e1e6bc50;
L_0x55c4e1e6bbb0 .part v0x55c4e1e582d0_0, 2, 30;
L_0x55c4e1e6bc50 .concat [ 30 2 0 0], L_0x55c4e1e6bbb0, L_0x1509b77560a8;
S_0x55c4e1e57890 .scope module, "MUX_ALUSrc" "MUX32" 3 30, 9 1 0, S_0x55c4e1dfb640;
 .timescale 0 0;
    .port_info 0 /INPUT 32 "a";
    .port_info 1 /INPUT 32 "b";
    .port_info 2 /INPUT 1 "sel";
    .port_info 3 /OUTPUT 32 "c";
v0x55c4e1e57a70_0 .net "a", 31 0, L_0x55c4e1e6c2b0;  alias, 1 drivers
v0x55c4e1e57b50_0 .net "b", 31 0, L_0x55c4e1e6cd60;  alias, 1 drivers
v0x55c4e1e57c30_0 .net "c", 31 0, L_0x55c4e1e6c740;  alias, 1 drivers
v0x55c4e1e57d30_0 .net "sel", 0 0, L_0x55c4e1e5b800;  alias, 1 drivers
L_0x55c4e1e6c740 .functor MUXZ 32, L_0x55c4e1e6c2b0, L_0x55c4e1e6cd60, L_0x55c4e1e5b800, C4<>;
S_0x55c4e1e57e70 .scope module, "PC" "PC" 3 24, 10 1 0, S_0x55c4e1dfb640;
 .timescale 0 0;
    .port_info 0 /INPUT 1 "clk_i";
    .port_info 1 /INPUT 1 "rst_i";
    .port_info 2 /INPUT 32 "pc_i";
    .port_info 3 /OUTPUT 32 "pc_o";
v0x55c4e1e58100_0 .net "clk_i", 0 0, v0x55c4e1e5af20_0;  alias, 1 drivers
v0x55c4e1e581e0_0 .net "pc_i", 31 0, L_0x55c4e1e5b960;  alias, 1 drivers
v0x55c4e1e582d0_0 .var "pc_o", 31 0;
v0x55c4e1e583f0_0 .net "rst_i", 0 0, v0x55c4e1e5afc0_0;  alias, 1 drivers
E_0x55c4e1e371f0/0 .event negedge, v0x55c4e1e583f0_0;
E_0x55c4e1e371f0/1 .event posedge, v0x55c4e1e58100_0;
E_0x55c4e1e371f0 .event/or E_0x55c4e1e371f0/0, E_0x55c4e1e371f0/1;
S_0x55c4e1e58510 .scope module, "Registers" "Registers" 3 28, 11 1 0, S_0x55c4e1dfb640;
 .timescale 0 0;
    .port_info 0 /INPUT 1 "rst_i";
    .port_info 1 /INPUT 1 "clk_i";
    .port_info 2 /INPUT 5 "RS1addr_i";
    .port_info 3 /INPUT 5 "RS2addr_i";
    .port_info 4 /INPUT 5 "RDaddr_i";
    .port_info 5 /INPUT 32 "RDdata_i";
    .port_info 6 /INPUT 1 "RegWrite_i";
    .port_info 7 /OUTPUT 32 "RS1data_o";
    .port_info 8 /OUTPUT 32 "RS2data_o";
L_0x55c4e1e6bfc0 .functor BUFZ 32, L_0x55c4e1e6bde0, C4<00000000000000000000000000000000>, C4<00000000000000000000000000000000>, C4<00000000000000000000000000000000>;
L_0x55c4e1e6c2b0 .functor BUFZ 32, L_0x55c4e1e6c080, C4<00000000000000000000000000000000>, C4<00000000000000000000000000000000>, C4<00000000000000000000000000000000>;
v0x55c4e1e58820_0 .net "RDaddr_i", 4 0, L_0x55c4e1e6c590;  1 drivers
v0x55c4e1e58920_0 .net "RDdata_i", 31 0, L_0x55c4e1e6e800;  alias, 1 drivers
v0x55c4e1e589e0_0 .net "RS1addr_i", 4 0, L_0x55c4e1e6c370;  1 drivers
v0x55c4e1e58ab0_0 .net "RS1data_o", 31 0, L_0x55c4e1e6bfc0;  alias, 1 drivers
v0x55c4e1e58ba0_0 .net "RS2addr_i", 4 0, L_0x55c4e1e6c460;  1 drivers
v0x55c4e1e58cb0_0 .net "RS2data_o", 31 0, L_0x55c4e1e6c2b0;  alias, 1 drivers
v0x55c4e1e58d70_0 .net "RegWrite_i", 0 0, L_0x1509b7756018;  alias, 1 drivers
v0x55c4e1e58e40_0 .net *"_ivl_0", 31 0, L_0x55c4e1e6bde0;  1 drivers
v0x55c4e1e58ee0_0 .net *"_ivl_10", 6 0, L_0x55c4e1e6c120;  1 drivers
L_0x1509b7756138 .functor BUFT 1, C4<00>, C4<0>, C4<0>, C4<0>;
v0x55c4e1e58fc0_0 .net *"_ivl_13", 1 0, L_0x1509b7756138;  1 drivers
v0x55c4e1e590a0_0 .net *"_ivl_2", 6 0, L_0x55c4e1e6be80;  1 drivers
L_0x1509b77560f0 .functor BUFT 1, C4<00>, C4<0>, C4<0>, C4<0>;
v0x55c4e1e59180_0 .net *"_ivl_5", 1 0, L_0x1509b77560f0;  1 drivers
v0x55c4e1e59260_0 .net *"_ivl_8", 31 0, L_0x55c4e1e6c080;  1 drivers
v0x55c4e1e59340_0 .net "clk_i", 0 0, v0x55c4e1e5af20_0;  alias, 1 drivers
v0x55c4e1e59410_0 .var/i "i", 31 0;
v0x55c4e1e594d0 .array/s "register", 31 0, 31 0;
v0x55c4e1e59590_0 .net "rst_i", 0 0, v0x55c4e1e5afc0_0;  alias, 1 drivers
L_0x55c4e1e6bde0 .array/port v0x55c4e1e594d0, L_0x55c4e1e6be80;
L_0x55c4e1e6be80 .concat [ 5 2 0 0], L_0x55c4e1e6c370, L_0x1509b77560f0;
L_0x55c4e1e6c080 .array/port v0x55c4e1e594d0, L_0x55c4e1e6c120;
L_0x55c4e1e6c120 .concat [ 5 2 0 0], L_0x55c4e1e6c460, L_0x1509b7756138;
S_0x55c4e1e59760 .scope module, "Sign_Extend" "Sign_Extend" 3 32, 12 1 0, S_0x55c4e1dfb640;
 .timescale 0 0;
    .port_info 0 /INPUT 12 "inst";
    .port_info 1 /OUTPUT 32 "res";
v0x55c4e1e59910_0 .net *"_ivl_1", 0 0, L_0x55c4e1e6c870;  1 drivers
v0x55c4e1e59a10_0 .net *"_ivl_2", 19 0, L_0x55c4e1e6c910;  1 drivers
v0x55c4e1e59af0_0 .net "inst", 11 0, L_0x55c4e1e6ce00;  1 drivers
v0x55c4e1e59be0_0 .net "res", 31 0, L_0x55c4e1e6cd60;  alias, 1 drivers
L_0x55c4e1e6c870 .part L_0x55c4e1e6ce00, 11, 1;
LS_0x55c4e1e6c910_0_0 .concat [ 1 1 1 1], L_0x55c4e1e6c870, L_0x55c4e1e6c870, L_0x55c4e1e6c870, L_0x55c4e1e6c870;
LS_0x55c4e1e6c910_0_4 .concat [ 1 1 1 1], L_0x55c4e1e6c870, L_0x55c4e1e6c870, L_0x55c4e1e6c870, L_0x55c4e1e6c870;
LS_0x55c4e1e6c910_0_8 .concat [ 1 1 1 1], L_0x55c4e1e6c870, L_0x55c4e1e6c870, L_0x55c4e1e6c870, L_0x55c4e1e6c870;
LS_0x55c4e1e6c910_0_12 .concat [ 1 1 1 1], L_0x55c4e1e6c870, L_0x55c4e1e6c870, L_0x55c4e1e6c870, L_0x55c4e1e6c870;
LS_0x55c4e1e6c910_0_16 .concat [ 1 1 1 1], L_0x55c4e1e6c870, L_0x55c4e1e6c870, L_0x55c4e1e6c870, L_0x55c4e1e6c870;
LS_0x55c4e1e6c910_1_0 .concat [ 4 4 4 4], LS_0x55c4e1e6c910_0_0, LS_0x55c4e1e6c910_0_4, LS_0x55c4e1e6c910_0_8, LS_0x55c4e1e6c910_0_12;
LS_0x55c4e1e6c910_1_4 .concat [ 4 0 0 0], LS_0x55c4e1e6c910_0_16;
L_0x55c4e1e6c910 .concat [ 16 4 0 0], LS_0x55c4e1e6c910_1_0, LS_0x55c4e1e6c910_1_4;
L_0x55c4e1e6cd60 .concat [ 12 20 0 0], L_0x55c4e1e6ce00, L_0x55c4e1e6c910;
    .scope S_0x55c4e1e57e70;
T_0 ;
    %wait E_0x55c4e1e371f0;
    %load/vec4 v0x55c4e1e583f0_0;
    %inv;
    %flag_set/vec4 8;
    %jmp/0xz  T_0.0, 8;
    %pushi/vec4 0, 0, 32;
    %assign/vec4 v0x55c4e1e582d0_0, 0;
    %jmp T_0.1;
T_0.0 ;
    %load/vec4 v0x55c4e1e581e0_0;
    %assign/vec4 v0x55c4e1e582d0_0, 0;
T_0.1 ;
    %jmp T_0;
    .thread T_0;
    .scope S_0x55c4e1e58510;
T_1 ;
    %wait E_0x55c4e1e371f0;
    %load/vec4 v0x55c4e1e59590_0;
    %inv;
    %flag_set/vec4 8;
    %jmp/0xz  T_1.0, 8;
    %pushi/vec4 0, 0, 32;
    %store/vec4 v0x55c4e1e59410_0, 0, 32;
T_1.2 ;
    %load/vec4 v0x55c4e1e59410_0;
    %cmpi/s 32, 0, 32;
    %jmp/0xz T_1.3, 5;
    %pushi/vec4 0, 0, 32;
    %ix/getv/s 3, v0x55c4e1e59410_0;
    %ix/load 4, 0, 0; Constant delay
    %assign/vec4/a/d v0x55c4e1e594d0, 0, 4;
    ; show_stmt_assign_vector: Get l-value for compressed += operand
    %load/vec4 v0x55c4e1e59410_0;
    %pushi/vec4 1, 0, 32;
    %add;
    %store/vec4 v0x55c4e1e59410_0, 0, 32;
    %jmp T_1.2;
T_1.3 ;
    %jmp T_1.1;
T_1.0 ;
    %load/vec4 v0x55c4e1e58d70_0;
    %load/vec4 v0x55c4e1e58820_0;
    %pushi/vec4 0, 0, 5;
    %cmp/ne;
    %flag_get/vec4 4;
    %and;
    %flag_set/vec4 8;
    %jmp/0xz  T_1.4, 8;
    %load/vec4 v0x55c4e1e58920_0;
    %load/vec4 v0x55c4e1e58820_0;
    %pad/u 7;
    %ix/vec4 3;
    %ix/load 4, 0, 0; Constant delay
    %assign/vec4/a/d v0x55c4e1e594d0, 0, 4;
T_1.4 ;
T_1.1 ;
    %jmp T_1;
    .thread T_1;
    .scope S_0x55c4e1e2ec30;
T_2 ;
    %delay 25, 0;
    %load/vec4 v0x55c4e1e5af20_0;
    %inv;
    %store/vec4 v0x55c4e1e5af20_0, 0, 1;
    %jmp T_2;
    .thread T_2;
    .scope S_0x55c4e1e2ec30;
T_3 ;
    %vpi_call 2 17 "$dumpfile", "waveform.vcd" {0 0 0};
    %vpi_call 2 18 "$dumpvars" {0 0 0};
    %pushi/vec4 0, 0, 32;
    %store/vec4 v0x55c4e1e5b080_0, 0, 32;
    %pushi/vec4 0, 0, 32;
    %store/vec4 v0x55c4e1e5b120_0, 0, 32;
T_3.0 ;
    %load/vec4 v0x55c4e1e5b120_0;
    %cmpi/s 256, 0, 32;
    %jmp/0xz T_3.1, 5;
    %pushi/vec4 0, 0, 32;
    %ix/getv/s 4, v0x55c4e1e5b120_0;
    %store/vec4a v0x55c4e1e57770, 4, 0;
    %load/vec4 v0x55c4e1e5b120_0;
    %addi 1, 0, 32;
    %store/vec4 v0x55c4e1e5b120_0, 0, 32;
    %jmp T_3.0;
T_3.1 ;
    %vpi_call 2 28 "$readmemb", "instruction.txt", v0x55c4e1e57770 {0 0 0};
    %vpi_func 2 31 "$fopen" 32, "output.txt" {0 0 0};
    %pushi/vec4 1, 0, 32;
    %or;
    %store/vec4 v0x55c4e1e5b200_0, 0, 32;
    %pushi/vec4 0, 0, 1;
    %store/vec4 v0x55c4e1e5af20_0, 0, 1;
    %pushi/vec4 0, 0, 1;
    %store/vec4 v0x55c4e1e5afc0_0, 0, 1;
    %delay 12, 0;
    %pushi/vec4 1, 0, 1;
    %store/vec4 v0x55c4e1e5afc0_0, 0, 1;
    %end;
    .thread T_3;
    .scope S_0x55c4e1e2ec30;
T_4 ;
    %wait E_0x55c4e1e023b0;
    %load/vec4 v0x55c4e1e5b080_0;
    %cmpi/e 30, 0, 32;
    %jmp/0xz  T_4.0, 4;
    %vpi_call 2 43 "$finish" {0 0 0};
T_4.0 ;
    %vpi_call 2 46 "$fdisplay", v0x55c4e1e5b200_0, "PC = %d", v0x55c4e1e582d0_0 {0 0 0};
    %vpi_call 2 49 "$fdisplay", v0x55c4e1e5b200_0, "Registers" {0 0 0};
    %vpi_call 2 50 "$fdisplay", v0x55c4e1e5b200_0, "x0     = %d, x8(s0)  = %d, x16(a6) = %d, x24(s8)  = %d", &A<v0x55c4e1e594d0, 0>, &A<v0x55c4e1e594d0, 8>, &A<v0x55c4e1e594d0, 16>, &A<v0x55c4e1e594d0, 24> {0 0 0};
    %vpi_call 2 51 "$fdisplay", v0x55c4e1e5b200_0, "x1(ra) = %d, x9(s1)  = %d, x17(a7) = %d, x25(s9)  = %d", &A<v0x55c4e1e594d0, 1>, &A<v0x55c4e1e594d0, 9>, &A<v0x55c4e1e594d0, 17>, &A<v0x55c4e1e594d0, 25> {0 0 0};
    %vpi_call 2 52 "$fdisplay", v0x55c4e1e5b200_0, "x2(sp) = %d, x10(a0) = %d, x18(s2) = %d, x26(s10) = %d", &A<v0x55c4e1e594d0, 2>, &A<v0x55c4e1e594d0, 10>, &A<v0x55c4e1e594d0, 18>, &A<v0x55c4e1e594d0, 26> {0 0 0};
    %vpi_call 2 53 "$fdisplay", v0x55c4e1e5b200_0, "x3(gp) = %d, x11(a1) = %d, x19(s3) = %d, x27(s11) = %d", &A<v0x55c4e1e594d0, 3>, &A<v0x55c4e1e594d0, 11>, &A<v0x55c4e1e594d0, 19>, &A<v0x55c4e1e594d0, 27> {0 0 0};
    %vpi_call 2 54 "$fdisplay", v0x55c4e1e5b200_0, "x4(tp) = %d, x12(a2) = %d, x20(s4) = %d, x28(t3)  = %d", &A<v0x55c4e1e594d0, 4>, &A<v0x55c4e1e594d0, 12>, &A<v0x55c4e1e594d0, 20>, &A<v0x55c4e1e594d0, 28> {0 0 0};
    %vpi_call 2 55 "$fdisplay", v0x55c4e1e5b200_0, "x5(t0) = %d, x13(a3) = %d, x21(s5) = %d, x29(t4)  = %d", &A<v0x55c4e1e594d0, 5>, &A<v0x55c4e1e594d0, 13>, &A<v0x55c4e1e594d0, 21>, &A<v0x55c4e1e594d0, 29> {0 0 0};
    %vpi_call 2 56 "$fdisplay", v0x55c4e1e5b200_0, "x6(t1) = %d, x14(a4) = %d, x22(s6) = %d, x30(t5)  = %d", &A<v0x55c4e1e594d0, 6>, &A<v0x55c4e1e594d0, 14>, &A<v0x55c4e1e594d0, 22>, &A<v0x55c4e1e594d0, 30> {0 0 0};
    %vpi_call 2 57 "$fdisplay", v0x55c4e1e5b200_0, "x7(t2) = %d, x15(a5) = %d, x23(s7) = %d, x31(t6)  = %d", &A<v0x55c4e1e594d0, 7>, &A<v0x55c4e1e594d0, 15>, &A<v0x55c4e1e594d0, 23>, &A<v0x55c4e1e594d0, 31> {0 0 0};
    %vpi_call 2 59 "$fdisplay", v0x55c4e1e5b200_0, "\012" {0 0 0};
    %load/vec4 v0x55c4e1e5b080_0;
    %addi 1, 0, 32;
    %store/vec4 v0x55c4e1e5b080_0, 0, 32;
    %jmp T_4;
    .thread T_4;
# The file index is used to find the file name in the following table.
:file_names 13;
    "N/A";
    "<interactive>";
    "testbench.v";
    "CPU.v";
    "ALU.v";
    "ALU_Control.v";
    "Adder.v";
    "Control.v";
    "Instruction_Memory.v";
    "MUX32.v";
    "PC.v";
    "Registers.v";
    "Sign_Extend.v";
