#! /usr/bin/vvp
:ivl_version "11.0 (stable)";
:ivl_delay_selection "TYPICAL";
:vpi_time_precision + 0;
:vpi_module "/usr/lib/x86_64-linux-gnu/ivl/system.vpi";
:vpi_module "/usr/lib/x86_64-linux-gnu/ivl/vhdl_sys.vpi";
:vpi_module "/usr/lib/x86_64-linux-gnu/ivl/vhdl_textio.vpi";
:vpi_module "/usr/lib/x86_64-linux-gnu/ivl/v2005_math.vpi";
:vpi_module "/usr/lib/x86_64-linux-gnu/ivl/va_math.vpi";
S_0x5635913d03b0 .scope module, "TestBench" "TestBench" 2 3;
 .timescale 0 0;
P_0x56359135e8b0 .param/l "num_cycles" 0 2 9, +C4<00000000000000000000000001000000>;
v0x5635914081c0_0 .var "Clk", 0 0;
v0x563591408260_0 .var "Reset", 0 0;
v0x563591408320_0 .var/i "counter", 31 0;
v0x5635914083c0_0 .var/i "i", 31 0;
v0x5635914084a0_0 .var/i "outfile", 31 0;
S_0x5635913b0bd0 .scope module, "CPU" "CPU" 2 13, 3 1 0, S_0x5635913d03b0;
 .timescale 0 0;
    .port_info 0 /INPUT 1 "clk_i";
    .port_info 1 /INPUT 1 "rst_i";
v0x5635914050e0_0 .net *"_ivl_29", 6 0, L_0x563591424fe0;  1 drivers
v0x5635914051e0_0 .net *"_ivl_31", 2 0, L_0x563591425100;  1 drivers
L_0x7f11134d12f0 .functor BUFT 1, C4<00000000000000000000000000000000>, C4<0>, C4<0>, C4<0>;
v0x5635914052c0_0 .net/2u *"_ivl_36", 31 0, L_0x7f11134d12f0;  1 drivers
v0x563591405380_0 .net "alu", 0 0, L_0x563591427200;  1 drivers
v0x563591405420_0 .net "alu0", 31 0, L_0x563591426fd0;  1 drivers
v0x563591405510_0 .net "alu1", 31 0, v0x5635913f3be0_0;  1 drivers
v0x5635914055d0_0 .net "alu2", 31 0, L_0x563591427b70;  1 drivers
v0x5635914056e0_0 .net "alu3", 31 0, v0x5635913fd980_0;  1 drivers
v0x5635914057f0_0 .net "alu4", 31 0, v0x5635913fd6d0_0;  1 drivers
v0x5635914058b0_0 .net "aluop3", 2 0, L_0x563591424990;  1 drivers
v0x5635914059c0_0 .net "clk_i", 0 0, v0x5635914081c0_0;  1 drivers
v0x563591405b70_0 .net "ctrl0", 6 0, L_0x56359141f140;  1 drivers
v0x563591405c80_0 .net "ctrl1", 6 0, v0x5635913f8310_0;  1 drivers
v0x563591405d40_0 .net "ctrl2", 3 0, v0x5635913f3f70_0;  1 drivers
v0x563591405de0_0 .net "ctrl3", 1 0, v0x5635913fdcd0_0;  1 drivers
v0x563591405e80_0 .net "exbranch", 0 0, v0x5635913f8060_0;  1 drivers
v0x563591405f70_0 .net "fa", 1 0, L_0x563591420fc0;  1 drivers
v0x563591406170_0 .net "fail", 0 0, L_0x5635914200a0;  1 drivers
v0x563591406210_0 .net "fb", 1 0, L_0x563591421dd0;  1 drivers
v0x563591406320_0 .net "flush", 0 0, L_0x5635914202b0;  1 drivers
v0x563591406410_0 .net "idbranch", 0 0, L_0x56359141ec90;  1 drivers
v0x5635914064b0_0 .net "imm0", 31 0, L_0x56359141c310;  1 drivers
v0x563591406570_0 .net "imm1", 31 0, v0x5635913f8640_0;  1 drivers
v0x563591406680_0 .net "inst0", 31 0, L_0x5635914088b0;  1 drivers
v0x563591406790_0 .net "inst1", 31 0, v0x5635913f9ab0_0;  1 drivers
v0x563591406850_0 .net "inst2", 31 0, v0x5635913f8930_0;  1 drivers
v0x563591406910_0 .net "memrd", 4 0, v0x5635913f4200_0;  1 drivers
v0x5635914069b0_0 .net "noop", 0 0, L_0x56359141c9d0;  1 drivers
v0x563591406aa0_0 .net "pc0", 31 0, v0x563591401e10_0;  1 drivers
v0x563591406b60_0 .net "pc1", 31 0, L_0x563591408970;  1 drivers
v0x563591406c70_0 .net "pc2", 31 0, v0x5635913f9d90_0;  1 drivers
v0x563591406d80_0 .net "pc3", 31 0, L_0x56359141c450;  1 drivers
v0x563591406e40_0 .net "pc4", 31 0, L_0x563591408580;  1 drivers
v0x563591407160_0 .net "pc5", 31 0, L_0x563591418b20;  1 drivers
v0x563591407270_0 .net "pc6", 31 0, v0x5635913f8bd0_0;  1 drivers
v0x563591407380_0 .net "pc7", 31 0, L_0x563591418cd0;  1 drivers
v0x563591407490_0 .net "pcwrite", 0 0, L_0x56359141cad0;  1 drivers
v0x563591407580_0 .net "pred", 0 0, L_0x563591420210;  1 drivers
v0x563591407620_0 .net "r10", 31 0, L_0x56359141d310;  1 drivers
v0x563591407730_0 .net "r11", 31 0, v0x5635913f8e70_0;  1 drivers
v0x563591407840_0 .net "r12", 31 0, L_0x5635914225e0;  1 drivers
v0x563591407950_0 .net "r20", 31 0, L_0x56359141d870;  1 drivers
v0x563591407a60_0 .net "r21", 31 0, v0x5635913f9110_0;  1 drivers
v0x563591407b70_0 .net "r22", 31 0, L_0x563591422b80;  1 drivers
v0x563591407c30_0 .net "r23", 31 0, L_0x563591422d00;  1 drivers
v0x563591407d40_0 .net "r24", 31 0, L_0x563591427450;  1 drivers
v0x563591407e50_0 .net "rst_i", 0 0, v0x563591408260_0;  1 drivers
v0x563591407ef0_0 .net "stall", 0 0, L_0x56359141c8c0;  1 drivers
v0x563591407fe0_0 .net "wbrd", 4 0, L_0x563591428050;  1 drivers
v0x5635914080a0_0 .net "wbwd", 31 0, L_0x563591428190;  1 drivers
L_0x56359141cb40 .part v0x5635913f9ab0_0, 15, 5;
L_0x56359141cbe0 .part v0x5635913f9ab0_0, 20, 5;
L_0x56359141ccd0 .part v0x5635913f8930_0, 7, 5;
L_0x56359141ce00 .part v0x5635913f8310_0, 2, 1;
L_0x56359141da00 .part v0x5635913f9ab0_0, 15, 5;
L_0x56359141daa0 .part v0x5635913f9ab0_0, 20, 5;
L_0x56359141db80 .part v0x5635913fdcd0_0, 0, 1;
L_0x56359141f460 .part v0x5635913f9ab0_0, 0, 7;
L_0x563591421fd0 .part v0x5635913f8930_0, 15, 5;
L_0x563591422070 .part v0x5635913f8930_0, 20, 5;
L_0x563591422170 .part v0x5635913fdcd0_0, 0, 1;
L_0x563591422210 .part v0x5635913f3f70_0, 0, 1;
L_0x563591422e30 .part v0x5635913f8310_0, 6, 1;
L_0x563591424fe0 .part v0x5635913f8930_0, 25, 7;
L_0x563591425100 .part v0x5635913f8930_0, 12, 3;
L_0x5635914251a0 .concat [ 3 7 0 0], L_0x563591425100, L_0x563591424fe0;
L_0x563591425480 .part v0x5635913f8310_0, 4, 2;
L_0x563591427200 .cmp/eq 32, L_0x563591426fd0, L_0x7f11134d12f0;
L_0x563591427640 .part v0x5635913f8310_0, 0, 4;
L_0x5635914276e0 .part v0x5635913f8930_0, 7, 5;
L_0x563591427cb0 .part v0x5635913f3f70_0, 2, 1;
L_0x563591427da0 .part v0x5635913f3f70_0, 3, 1;
L_0x5635914280f0 .part v0x5635913f3f70_0, 0, 2;
L_0x563591428230 .part v0x5635913fdcd0_0, 1, 1;
S_0x5635913a6cb0 .scope module, "ALU" "ALU" 3 44, 4 1 0, S_0x5635913b0bd0;
 .timescale 0 0;
    .port_info 0 /INPUT 32 "a";
    .port_info 1 /INPUT 32 "b";
    .port_info 2 /INPUT 3 "op";
    .port_info 3 /OUTPUT 32 "data_o";
L_0x5635914222b0 .functor AND 32, L_0x5635914225e0, L_0x563591422d00, C4<11111111111111111111111111111111>, C4<11111111111111111111111111111111>;
L_0x563591423f80 .functor XOR 32, L_0x5635914225e0, L_0x563591422d00, C4<00000000000000000000000000000000>, C4<00000000000000000000000000000000>;
L_0x7f11134d1140 .functor BUFT 1, C4<000>, C4<0>, C4<0>, C4<0>;
v0x563591381aa0_0 .net/2u *"_ivl_0", 2 0, L_0x7f11134d1140;  1 drivers
v0x5635913cec20_0 .net *"_ivl_10", 31 0, L_0x563591423f80;  1 drivers
L_0x7f11134d11d0 .functor BUFT 1, C4<010>, C4<0>, C4<0>, C4<0>;
v0x5635913cecc0_0 .net/2u *"_ivl_12", 2 0, L_0x7f11134d11d0;  1 drivers
v0x563591385720_0 .net *"_ivl_14", 0 0, L_0x5635914256f0;  1 drivers
v0x563591385820_0 .net *"_ivl_16", 31 0, L_0x563591425790;  1 drivers
L_0x7f11134d1218 .functor BUFT 1, C4<011>, C4<0>, C4<0>, C4<0>;
v0x5635913a8f60_0 .net/2u *"_ivl_18", 2 0, L_0x7f11134d1218;  1 drivers
v0x5635913a9030_0 .net *"_ivl_2", 0 0, L_0x563591425520;  1 drivers
v0x5635913ece20_0 .net *"_ivl_20", 0 0, L_0x563591425c40;  1 drivers
v0x5635913ecee0_0 .net/s *"_ivl_22", 31 0, L_0x563591425d30;  1 drivers
L_0x7f11134d1260 .functor BUFT 1, C4<100>, C4<0>, C4<0>, C4<0>;
v0x5635913ecfc0_0 .net/2u *"_ivl_24", 2 0, L_0x7f11134d1260;  1 drivers
v0x5635913ed0a0_0 .net *"_ivl_26", 0 0, L_0x563591425e40;  1 drivers
v0x5635913ed160_0 .net/s *"_ivl_28", 31 0, L_0x563591426040;  1 drivers
L_0x7f11134d12a8 .functor BUFT 1, C4<101>, C4<0>, C4<0>, C4<0>;
v0x5635913ed240_0 .net/2u *"_ivl_30", 2 0, L_0x7f11134d12a8;  1 drivers
v0x5635913ed320_0 .net *"_ivl_32", 0 0, L_0x563591426350;  1 drivers
v0x5635913ed3e0_0 .net/s *"_ivl_35", 31 0, L_0x563591426440;  1 drivers
v0x5635913ed4c0_0 .net *"_ivl_37", 4 0, L_0x563591426540;  1 drivers
v0x5635913ed5a0_0 .net *"_ivl_38", 31 0, L_0x5635914265e0;  1 drivers
v0x5635913ed680_0 .net *"_ivl_4", 31 0, L_0x5635914222b0;  1 drivers
v0x5635913ed760_0 .net *"_ivl_40", 31 0, L_0x5635914266f0;  1 drivers
v0x5635913ed840_0 .net *"_ivl_42", 31 0, L_0x563591426880;  1 drivers
v0x5635913ed920_0 .net *"_ivl_44", 31 0, L_0x563591426a90;  1 drivers
v0x5635913eda00_0 .net *"_ivl_46", 31 0, L_0x563591426c20;  1 drivers
v0x5635913edae0_0 .net *"_ivl_48", 31 0, L_0x563591426e40;  1 drivers
L_0x7f11134d1188 .functor BUFT 1, C4<001>, C4<0>, C4<0>, C4<0>;
v0x5635913edbc0_0 .net/2u *"_ivl_6", 2 0, L_0x7f11134d1188;  1 drivers
v0x5635913edca0_0 .net *"_ivl_8", 0 0, L_0x563591425650;  1 drivers
v0x5635913edd60_0 .net/s "a", 31 0, L_0x5635914225e0;  alias, 1 drivers
v0x5635913ede40_0 .net/s "b", 31 0, L_0x563591422d00;  alias, 1 drivers
v0x5635913edf20_0 .net "data_o", 31 0, L_0x563591426fd0;  alias, 1 drivers
v0x5635913ee000_0 .net "op", 2 0, L_0x563591424990;  alias, 1 drivers
L_0x563591425520 .cmp/eq 3, L_0x563591424990, L_0x7f11134d1140;
L_0x563591425650 .cmp/eq 3, L_0x563591424990, L_0x7f11134d1188;
L_0x5635914256f0 .cmp/eq 3, L_0x563591424990, L_0x7f11134d11d0;
L_0x563591425790 .shift/l 32, L_0x5635914225e0, L_0x563591422d00;
L_0x563591425c40 .cmp/eq 3, L_0x563591424990, L_0x7f11134d1218;
L_0x563591425d30 .arith/sum 32, L_0x5635914225e0, L_0x563591422d00;
L_0x563591425e40 .cmp/eq 3, L_0x563591424990, L_0x7f11134d1260;
L_0x563591426040 .arith/sub 32, L_0x5635914225e0, L_0x563591422d00;
L_0x563591426350 .cmp/eq 3, L_0x563591424990, L_0x7f11134d12a8;
L_0x563591426440 .arith/mult 32, L_0x5635914225e0, L_0x563591422d00;
L_0x563591426540 .part L_0x563591422d00, 0, 5;
L_0x5635914265e0 .shift/rs 32, L_0x5635914225e0, L_0x563591426540;
L_0x5635914266f0 .functor MUXZ 32, L_0x5635914265e0, L_0x563591426440, L_0x563591426350, C4<>;
L_0x563591426880 .functor MUXZ 32, L_0x5635914266f0, L_0x563591426040, L_0x563591425e40, C4<>;
L_0x563591426a90 .functor MUXZ 32, L_0x563591426880, L_0x563591425d30, L_0x563591425c40, C4<>;
L_0x563591426c20 .functor MUXZ 32, L_0x563591426a90, L_0x563591425790, L_0x5635914256f0, C4<>;
L_0x563591426e40 .functor MUXZ 32, L_0x563591426c20, L_0x563591423f80, L_0x563591425650, C4<>;
L_0x563591426fd0 .functor MUXZ 32, L_0x563591426e40, L_0x5635914222b0, L_0x563591425520, C4<>;
S_0x5635913a7090 .scope module, "ALUControl" "ALUControl" 3 43, 5 1 0, S_0x5635913b0bd0;
 .timescale 0 0;
    .port_info 0 /INPUT 10 "inst";
    .port_info 1 /INPUT 2 "aluop";
    .port_info 2 /OUTPUT 3 "aluop3";
L_0x5635914232d0 .functor AND 1, L_0x563591423000, L_0x563591423190, C4<1>, C4<1>;
L_0x563591423740 .functor AND 1, L_0x5635914233e0, L_0x563591423600, C4<1>, C4<1>;
L_0x563591423ac0 .functor OR 1, L_0x563591423850, L_0x5635914239d0, C4<0>, C4<0>;
L_0x7f11134d0ba0 .functor BUFT 1, C4<01>, C4<0>, C4<0>, C4<0>;
v0x5635913ee1d0_0 .net/2u *"_ivl_0", 1 0, L_0x7f11134d0ba0;  1 drivers
v0x5635913ee2d0_0 .net *"_ivl_11", 2 0, L_0x5635914230f0;  1 drivers
L_0x7f11134d0c78 .functor BUFT 1, C4<000>, C4<0>, C4<0>, C4<0>;
v0x5635913ee3b0_0 .net/2u *"_ivl_12", 2 0, L_0x7f11134d0c78;  1 drivers
v0x5635913ee470_0 .net *"_ivl_14", 0 0, L_0x563591423190;  1 drivers
v0x5635913ee530_0 .net *"_ivl_17", 0 0, L_0x5635914232d0;  1 drivers
L_0x7f11134d0cc0 .functor BUFT 1, C4<011>, C4<0>, C4<0>, C4<0>;
v0x5635913ee640_0 .net/2u *"_ivl_18", 2 0, L_0x7f11134d0cc0;  1 drivers
v0x5635913ee720_0 .net *"_ivl_2", 0 0, L_0x563591422f60;  1 drivers
L_0x7f11134d0d08 .functor BUFT 1, C4<11>, C4<0>, C4<0>, C4<0>;
v0x5635913ee7e0_0 .net/2u *"_ivl_20", 1 0, L_0x7f11134d0d08;  1 drivers
v0x5635913ee8c0_0 .net *"_ivl_22", 0 0, L_0x5635914233e0;  1 drivers
v0x5635913ee980_0 .net *"_ivl_25", 2 0, L_0x5635914234d0;  1 drivers
L_0x7f11134d0d50 .functor BUFT 1, C4<101>, C4<0>, C4<0>, C4<0>;
v0x5635913eea60_0 .net/2u *"_ivl_26", 2 0, L_0x7f11134d0d50;  1 drivers
v0x5635913eeb40_0 .net *"_ivl_28", 0 0, L_0x563591423600;  1 drivers
v0x5635913eec00_0 .net *"_ivl_31", 0 0, L_0x563591423740;  1 drivers
L_0x7f11134d0d98 .functor BUFT 1, C4<110>, C4<0>, C4<0>, C4<0>;
v0x5635913eecc0_0 .net/2u *"_ivl_32", 2 0, L_0x7f11134d0d98;  1 drivers
L_0x7f11134d0de0 .functor BUFT 1, C4<00>, C4<0>, C4<0>, C4<0>;
v0x5635913eeda0_0 .net/2u *"_ivl_34", 1 0, L_0x7f11134d0de0;  1 drivers
v0x5635913eee80_0 .net *"_ivl_36", 0 0, L_0x563591423850;  1 drivers
L_0x7f11134d0e28 .functor BUFT 1, C4<0000000000>, C4<0>, C4<0>, C4<0>;
v0x5635913eef40_0 .net/2u *"_ivl_38", 9 0, L_0x7f11134d0e28;  1 drivers
L_0x7f11134d0be8 .functor BUFT 1, C4<100>, C4<0>, C4<0>, C4<0>;
v0x5635913ef020_0 .net/2u *"_ivl_4", 2 0, L_0x7f11134d0be8;  1 drivers
v0x5635913ef100_0 .net *"_ivl_40", 0 0, L_0x5635914239d0;  1 drivers
v0x5635913ef1c0_0 .net *"_ivl_43", 0 0, L_0x563591423ac0;  1 drivers
L_0x7f11134d0e70 .functor BUFT 1, C4<011>, C4<0>, C4<0>, C4<0>;
v0x5635913ef280_0 .net/2u *"_ivl_44", 2 0, L_0x7f11134d0e70;  1 drivers
L_0x7f11134d0eb8 .functor BUFT 1, C4<0100000000>, C4<0>, C4<0>, C4<0>;
v0x5635913ef360_0 .net/2u *"_ivl_46", 9 0, L_0x7f11134d0eb8;  1 drivers
v0x5635913ef440_0 .net *"_ivl_48", 0 0, L_0x563591423bd0;  1 drivers
L_0x7f11134d0f00 .functor BUFT 1, C4<100>, C4<0>, C4<0>, C4<0>;
v0x5635913ef500_0 .net/2u *"_ivl_50", 2 0, L_0x7f11134d0f00;  1 drivers
L_0x7f11134d0f48 .functor BUFT 1, C4<0000000111>, C4<0>, C4<0>, C4<0>;
v0x5635913ef5e0_0 .net/2u *"_ivl_52", 9 0, L_0x7f11134d0f48;  1 drivers
v0x5635913ef6c0_0 .net *"_ivl_54", 0 0, L_0x563591423d60;  1 drivers
L_0x7f11134d0f90 .functor BUFT 1, C4<000>, C4<0>, C4<0>, C4<0>;
v0x5635913ef780_0 .net/2u *"_ivl_56", 2 0, L_0x7f11134d0f90;  1 drivers
L_0x7f11134d0fd8 .functor BUFT 1, C4<0000000100>, C4<0>, C4<0>, C4<0>;
v0x5635913ef860_0 .net/2u *"_ivl_58", 9 0, L_0x7f11134d0fd8;  1 drivers
L_0x7f11134d0c30 .functor BUFT 1, C4<11>, C4<0>, C4<0>, C4<0>;
v0x5635913ef940_0 .net/2u *"_ivl_6", 1 0, L_0x7f11134d0c30;  1 drivers
v0x5635913efa20_0 .net *"_ivl_60", 0 0, L_0x563591423e60;  1 drivers
L_0x7f11134d1020 .functor BUFT 1, C4<001>, C4<0>, C4<0>, C4<0>;
v0x5635913efae0_0 .net/2u *"_ivl_62", 2 0, L_0x7f11134d1020;  1 drivers
L_0x7f11134d1068 .functor BUFT 1, C4<0000000001>, C4<0>, C4<0>, C4<0>;
v0x5635913efbc0_0 .net/2u *"_ivl_64", 9 0, L_0x7f11134d1068;  1 drivers
v0x5635913efca0_0 .net *"_ivl_66", 0 0, L_0x563591424020;  1 drivers
L_0x7f11134d10b0 .functor BUFT 1, C4<010>, C4<0>, C4<0>, C4<0>;
v0x5635913eff70_0 .net/2u *"_ivl_68", 2 0, L_0x7f11134d10b0;  1 drivers
L_0x7f11134d10f8 .functor BUFT 1, C4<101>, C4<0>, C4<0>, C4<0>;
v0x5635913f0050_0 .net/2u *"_ivl_70", 2 0, L_0x7f11134d10f8;  1 drivers
v0x5635913f0130_0 .net *"_ivl_72", 2 0, L_0x563591424170;  1 drivers
v0x5635913f0210_0 .net *"_ivl_74", 2 0, L_0x5635914243b0;  1 drivers
v0x5635913f02f0_0 .net *"_ivl_76", 2 0, L_0x563591424540;  1 drivers
v0x5635913f03d0_0 .net *"_ivl_78", 2 0, L_0x563591424760;  1 drivers
v0x5635913f04b0_0 .net *"_ivl_8", 0 0, L_0x563591423000;  1 drivers
v0x5635913f0570_0 .net *"_ivl_80", 2 0, L_0x5635914248f0;  1 drivers
v0x5635913f0650_0 .net *"_ivl_82", 2 0, L_0x563591424b20;  1 drivers
v0x5635913f0730_0 .net *"_ivl_84", 2 0, L_0x563591424cb0;  1 drivers
v0x5635913f0810_0 .net "aluop", 1 0, L_0x563591425480;  1 drivers
v0x5635913f08f0_0 .net "aluop3", 2 0, L_0x563591424990;  alias, 1 drivers
v0x5635913f09b0_0 .net "inst", 9 0, L_0x5635914251a0;  1 drivers
L_0x563591422f60 .cmp/eq 2, L_0x563591425480, L_0x7f11134d0ba0;
L_0x563591423000 .cmp/eq 2, L_0x563591425480, L_0x7f11134d0c30;
L_0x5635914230f0 .part L_0x5635914251a0, 0, 3;
L_0x563591423190 .cmp/eq 3, L_0x5635914230f0, L_0x7f11134d0c78;
L_0x5635914233e0 .cmp/eq 2, L_0x563591425480, L_0x7f11134d0d08;
L_0x5635914234d0 .part L_0x5635914251a0, 0, 3;
L_0x563591423600 .cmp/eq 3, L_0x5635914234d0, L_0x7f11134d0d50;
L_0x563591423850 .cmp/eq 2, L_0x563591425480, L_0x7f11134d0de0;
L_0x5635914239d0 .cmp/eq 10, L_0x5635914251a0, L_0x7f11134d0e28;
L_0x563591423bd0 .cmp/eq 10, L_0x5635914251a0, L_0x7f11134d0eb8;
L_0x563591423d60 .cmp/eq 10, L_0x5635914251a0, L_0x7f11134d0f48;
L_0x563591423e60 .cmp/eq 10, L_0x5635914251a0, L_0x7f11134d0fd8;
L_0x563591424020 .cmp/eq 10, L_0x5635914251a0, L_0x7f11134d1068;
L_0x563591424170 .functor MUXZ 3, L_0x7f11134d10f8, L_0x7f11134d10b0, L_0x563591424020, C4<>;
L_0x5635914243b0 .functor MUXZ 3, L_0x563591424170, L_0x7f11134d1020, L_0x563591423e60, C4<>;
L_0x563591424540 .functor MUXZ 3, L_0x5635914243b0, L_0x7f11134d0f90, L_0x563591423d60, C4<>;
L_0x563591424760 .functor MUXZ 3, L_0x563591424540, L_0x7f11134d0f00, L_0x563591423bd0, C4<>;
L_0x5635914248f0 .functor MUXZ 3, L_0x563591424760, L_0x7f11134d0e70, L_0x563591423ac0, C4<>;
L_0x563591424b20 .functor MUXZ 3, L_0x5635914248f0, L_0x7f11134d0d98, L_0x563591423740, C4<>;
L_0x563591424cb0 .functor MUXZ 3, L_0x563591424b20, L_0x7f11134d0cc0, L_0x5635914232d0, C4<>;
L_0x563591424990 .functor MUXZ 3, L_0x563591424cb0, L_0x7f11134d0be8, L_0x563591422f60, C4<>;
S_0x563591384950 .scope module, "Add0" "Add" 3 23, 6 1 0, S_0x5635913b0bd0;
 .timescale 0 0;
    .port_info 0 /INPUT 32 "a";
    .port_info 1 /INPUT 32 "b";
    .port_info 2 /OUTPUT 32 "c";
v0x5635913f0b40_0 .net/s "a", 31 0, v0x563591401e10_0;  alias, 1 drivers
L_0x7f11134d0060 .functor BUFT 1, C4<00000000000000000000000000000100>, C4<0>, C4<0>, C4<0>;
v0x5635913f0c20_0 .net/s "b", 31 0, L_0x7f11134d0060;  1 drivers
v0x5635913f0d00_0 .net/s "c", 31 0, L_0x563591408970;  alias, 1 drivers
L_0x563591408970 .arith/sum 32, v0x563591401e10_0, L_0x7f11134d0060;
S_0x5635913ccc80 .scope module, "Add1" "Add" 3 30, 6 1 0, S_0x5635913b0bd0;
 .timescale 0 0;
    .port_info 0 /INPUT 32 "a";
    .port_info 1 /INPUT 32 "b";
    .port_info 2 /OUTPUT 32 "c";
v0x5635913f0ee0_0 .net/s "a", 31 0, L_0x56359141c310;  alias, 1 drivers
v0x5635913f0fe0_0 .net/s "b", 31 0, v0x5635913f9d90_0;  alias, 1 drivers
v0x5635913f10c0_0 .net/s "c", 31 0, L_0x56359141c450;  alias, 1 drivers
L_0x56359141c450 .arith/sum 32, L_0x56359141c310, v0x5635913f9d90_0;
S_0x5635913cd060 .scope module, "Control" "Control" 3 33, 7 1 0, S_0x5635913b0bd0;
 .timescale 0 0;
    .port_info 0 /INPUT 7 "inst";
    .port_info 1 /INPUT 1 "noop";
    .port_info 2 /OUTPUT 7 "ctrl";
    .port_info 3 /OUTPUT 1 "Branch_o";
L_0x56359141dd60 .functor OR 1, L_0x56359141dc70, L_0x56359141c9d0, C4<0>, C4<0>;
v0x5635913f12d0_0 .net "Branch_o", 0 0, L_0x56359141ec90;  alias, 1 drivers
L_0x7f11134d0330 .functor BUFT 1, C4<0000000>, C4<0>, C4<0>, C4<0>;
v0x5635913f1390_0 .net/2u *"_ivl_0", 6 0, L_0x7f11134d0330;  1 drivers
v0x5635913f1470_0 .net *"_ivl_10", 0 0, L_0x56359141deb0;  1 drivers
L_0x7f11134d0408 .functor BUFT 1, C4<10000010>, C4<0>, C4<0>, C4<0>;
v0x5635913f1540_0 .net/2u *"_ivl_12", 7 0, L_0x7f11134d0408;  1 drivers
L_0x7f11134d0450 .functor BUFT 1, C4<0010011>, C4<0>, C4<0>, C4<0>;
v0x5635913f1620_0 .net/2u *"_ivl_14", 6 0, L_0x7f11134d0450;  1 drivers
v0x5635913f1750_0 .net *"_ivl_16", 0 0, L_0x56359141dfa0;  1 drivers
L_0x7f11134d0498 .functor BUFT 1, C4<11100010>, C4<0>, C4<0>, C4<0>;
v0x5635913f1810_0 .net/2u *"_ivl_18", 7 0, L_0x7f11134d0498;  1 drivers
v0x5635913f18f0_0 .net *"_ivl_2", 0 0, L_0x56359141dc70;  1 drivers
L_0x7f11134d04e0 .functor BUFT 1, C4<0000011>, C4<0>, C4<0>, C4<0>;
v0x5635913f19b0_0 .net/2u *"_ivl_20", 6 0, L_0x7f11134d04e0;  1 drivers
v0x5635913f1a90_0 .net *"_ivl_22", 0 0, L_0x56359141e090;  1 drivers
L_0x7f11134d0528 .functor BUFT 1, C4<00101011>, C4<0>, C4<0>, C4<0>;
v0x5635913f1b50_0 .net/2u *"_ivl_24", 7 0, L_0x7f11134d0528;  1 drivers
L_0x7f11134d0570 .functor BUFT 1, C4<0100011>, C4<0>, C4<0>, C4<0>;
v0x5635913f1c30_0 .net/2u *"_ivl_26", 6 0, L_0x7f11134d0570;  1 drivers
v0x5635913f1d10_0 .net *"_ivl_28", 0 0, L_0x56359141e130;  1 drivers
L_0x7f11134d05b8 .functor BUFT 1, C4<00100100>, C4<0>, C4<0>, C4<0>;
v0x5635913f1dd0_0 .net/2u *"_ivl_30", 7 0, L_0x7f11134d05b8;  1 drivers
L_0x7f11134d0600 .functor BUFT 1, C4<01010000>, C4<0>, C4<0>, C4<0>;
v0x5635913f1eb0_0 .net/2u *"_ivl_32", 7 0, L_0x7f11134d0600;  1 drivers
v0x5635913f1f90_0 .net *"_ivl_34", 7 0, L_0x56359141e220;  1 drivers
v0x5635913f2070_0 .net *"_ivl_36", 7 0, L_0x56359141e3f0;  1 drivers
v0x5635913f2150_0 .net *"_ivl_38", 7 0, L_0x56359141e580;  1 drivers
v0x5635913f2230_0 .net *"_ivl_40", 7 0, L_0x56359141e760;  1 drivers
v0x5635913f2310_0 .net *"_ivl_47", 1 0, L_0x56359141ea90;  1 drivers
v0x5635913f23f0_0 .net *"_ivl_5", 0 0, L_0x56359141dd60;  1 drivers
v0x5635913f24b0_0 .net *"_ivl_51", 0 0, L_0x56359141eb80;  1 drivers
v0x5635913f2590_0 .net *"_ivl_57", 0 0, L_0x56359141ee50;  1 drivers
L_0x7f11134d0378 .functor BUFT 1, C4<00000000>, C4<0>, C4<0>, C4<0>;
v0x5635913f2670_0 .net/2u *"_ivl_6", 7 0, L_0x7f11134d0378;  1 drivers
v0x5635913f2750_0 .net *"_ivl_61", 0 0, L_0x56359141ef70;  1 drivers
v0x5635913f2830_0 .net *"_ivl_65", 0 0, L_0x56359141f010;  1 drivers
v0x5635913f2910_0 .net *"_ivl_70", 0 0, L_0x56359141f2d0;  1 drivers
L_0x7f11134d03c0 .functor BUFT 1, C4<0110011>, C4<0>, C4<0>, C4<0>;
v0x5635913f29f0_0 .net/2u *"_ivl_8", 6 0, L_0x7f11134d03c0;  1 drivers
v0x5635913f2ad0_0 .net "ctrl", 6 0, L_0x56359141f140;  alias, 1 drivers
v0x5635913f2bb0_0 .net "inst", 6 0, L_0x56359141f460;  1 drivers
v0x5635913f2c90_0 .net "noop", 0 0, L_0x56359141c9d0;  alias, 1 drivers
v0x5635913f2d50_0 .net "out", 7 0, L_0x56359141e8f0;  1 drivers
L_0x56359141dc70 .cmp/eq 7, L_0x56359141f460, L_0x7f11134d0330;
L_0x56359141deb0 .cmp/eq 7, L_0x56359141f460, L_0x7f11134d03c0;
L_0x56359141dfa0 .cmp/eq 7, L_0x56359141f460, L_0x7f11134d0450;
L_0x56359141e090 .cmp/eq 7, L_0x56359141f460, L_0x7f11134d04e0;
L_0x56359141e130 .cmp/eq 7, L_0x56359141f460, L_0x7f11134d0570;
L_0x56359141e220 .functor MUXZ 8, L_0x7f11134d0600, L_0x7f11134d05b8, L_0x56359141e130, C4<>;
L_0x56359141e3f0 .functor MUXZ 8, L_0x56359141e220, L_0x7f11134d0528, L_0x56359141e090, C4<>;
L_0x56359141e580 .functor MUXZ 8, L_0x56359141e3f0, L_0x7f11134d0498, L_0x56359141dfa0, C4<>;
L_0x56359141e760 .functor MUXZ 8, L_0x56359141e580, L_0x7f11134d0408, L_0x56359141deb0, C4<>;
L_0x56359141e8f0 .functor MUXZ 8, L_0x56359141e760, L_0x7f11134d0378, L_0x56359141dd60, C4<>;
L_0x56359141ea90 .part L_0x56359141e8f0, 6, 2;
L_0x56359141eb80 .part L_0x56359141e8f0, 5, 1;
L_0x56359141ec90 .part L_0x56359141e8f0, 4, 1;
L_0x56359141ee50 .part L_0x56359141e8f0, 3, 1;
L_0x56359141ef70 .part L_0x56359141e8f0, 2, 1;
L_0x56359141f010 .part L_0x56359141e8f0, 1, 1;
LS_0x56359141f140_0_0 .concat8 [ 1 1 1 1], L_0x56359141f010, L_0x56359141f2d0, L_0x56359141ee50, L_0x56359141ef70;
LS_0x56359141f140_0_4 .concat8 [ 2 1 0 0], L_0x56359141ea90, L_0x56359141eb80;
L_0x56359141f140 .concat8 [ 4 3 0 0], LS_0x56359141f140_0_0, LS_0x56359141f140_0_4;
L_0x56359141f2d0 .part L_0x56359141e8f0, 0, 1;
S_0x5635913cd450 .scope module, "Data_Memory" "Data_Memory" 3 49, 8 1 0, S_0x5635913b0bd0;
 .timescale 0 0;
    .port_info 0 /INPUT 1 "clk_i";
    .port_info 1 /INPUT 32 "addr_i";
    .port_info 2 /INPUT 1 "MemRead_i";
    .port_info 3 /INPUT 1 "MemWrite_i";
    .port_info 4 /INPUT 32 "data_i";
    .port_info 5 /OUTPUT 32 "data_o";
v0x5635913f2f90_0 .net "MemRead_i", 0 0, L_0x563591427cb0;  1 drivers
v0x5635913f3070_0 .net "MemWrite_i", 0 0, L_0x563591427da0;  1 drivers
v0x5635913f3130_0 .net *"_ivl_0", 31 0, L_0x5635914272a0;  1 drivers
v0x5635913f31f0_0 .net *"_ivl_2", 31 0, L_0x5635914279e0;  1 drivers
v0x5635913f32d0_0 .net *"_ivl_4", 29 0, L_0x563591427940;  1 drivers
L_0x7f11134d1338 .functor BUFT 1, C4<00>, C4<0>, C4<0>, C4<0>;
v0x5635913f3400_0 .net *"_ivl_6", 1 0, L_0x7f11134d1338;  1 drivers
L_0x7f11134d1380 .functor BUFT 1, C4<00000000000000000000000000000000>, C4<0>, C4<0>, C4<0>;
v0x5635913f34e0_0 .net/2s *"_ivl_8", 31 0, L_0x7f11134d1380;  1 drivers
v0x5635913f35c0_0 .net "addr_i", 31 0, v0x5635913f3be0_0;  alias, 1 drivers
v0x5635913f36a0_0 .net "clk_i", 0 0, v0x5635914081c0_0;  alias, 1 drivers
v0x5635913f3760_0 .net "data_i", 31 0, L_0x563591427450;  alias, 1 drivers
v0x5635913f3840_0 .net "data_o", 31 0, L_0x563591427b70;  alias, 1 drivers
v0x5635913f3920 .array/s "memory", 1023 0, 31 0;
E_0x5635913dfb40 .event posedge, v0x5635913f36a0_0;
L_0x5635914272a0 .array/port v0x5635913f3920, L_0x5635914279e0;
L_0x563591427940 .part v0x5635913f3be0_0, 2, 30;
L_0x5635914279e0 .concat [ 30 2 0 0], L_0x563591427940, L_0x7f11134d1338;
L_0x563591427b70 .functor MUXZ 32, L_0x7f11134d1380, L_0x5635914272a0, L_0x563591427cb0, C4<>;
S_0x5635913982c0 .scope module, "EXMEM" "EXMEM" 3 47, 9 1 0, S_0x5635913b0bd0;
 .timescale 0 0;
    .port_info 0 /INPUT 1 "rst";
    .port_info 1 /INPUT 1 "clk";
    .port_info 2 /INPUT 4 "ctrli";
    .port_info 3 /INPUT 32 "alui";
    .port_info 4 /INPUT 32 "r2i";
    .port_info 5 /INPUT 5 "insti";
    .port_info 6 /OUTPUT 4 "ctrlo";
    .port_info 7 /OUTPUT 32 "aluo";
    .port_info 8 /OUTPUT 32 "r2o";
    .port_info 9 /OUTPUT 5 "insto";
L_0x563591427450 .functor BUFZ 32, v0x5635913f44a0_0, C4<00000000000000000000000000000000>, C4<00000000000000000000000000000000>, C4<00000000000000000000000000000000>;
v0x5635913f3be0_0 .var "alu", 31 0;
v0x5635913f3ce0_0 .net "alui", 31 0, L_0x563591426fd0;  alias, 1 drivers
v0x5635913f3da0_0 .net "aluo", 31 0, v0x5635913f3be0_0;  alias, 1 drivers
v0x5635913f3ea0_0 .net "clk", 0 0, v0x5635914081c0_0;  alias, 1 drivers
v0x5635913f3f70_0 .var "ctrl", 3 0;
v0x5635913f4060_0 .net "ctrli", 3 0, L_0x563591427640;  1 drivers
v0x5635913f4120_0 .net "ctrlo", 3 0, v0x5635913f3f70_0;  alias, 1 drivers
v0x5635913f4200_0 .var "inst", 4 0;
v0x5635913f42e0_0 .net "insti", 4 0, L_0x5635914276e0;  1 drivers
v0x5635913f43c0_0 .net "insto", 4 0, v0x5635913f4200_0;  alias, 1 drivers
v0x5635913f44a0_0 .var "r2", 31 0;
v0x5635913f4580_0 .net "r2i", 31 0, L_0x563591422b80;  alias, 1 drivers
v0x5635913f4660_0 .net "r2o", 31 0, L_0x563591427450;  alias, 1 drivers
v0x5635913f4720_0 .net "rst", 0 0, v0x563591408260_0;  alias, 1 drivers
E_0x563591301070/0 .event negedge, v0x5635913f4720_0;
E_0x563591301070/1 .event posedge, v0x5635913f36a0_0;
E_0x563591301070 .event/or E_0x563591301070/0, E_0x563591301070/1;
S_0x5635913f4900 .scope module, "FU" "ForwardingUnit" 3 39, 10 1 0, S_0x5635913b0bd0;
 .timescale 0 0;
    .port_info 0 /INPUT 5 "exrs1";
    .port_info 1 /INPUT 5 "exrs2";
    .port_info 2 /INPUT 5 "wbrd";
    .port_info 3 /INPUT 1 "wbregwrite";
    .port_info 4 /INPUT 5 "memrd";
    .port_info 5 /INPUT 1 "memregwrite";
    .port_info 6 /OUTPUT 2 "fa";
    .port_info 7 /OUTPUT 2 "fb";
L_0x563591420830 .functor AND 1, L_0x563591422210, L_0x563591420700, C4<1>, C4<1>;
L_0x563591420940 .functor AND 1, L_0x563591420830, L_0x5635914208a0, C4<1>, C4<1>;
L_0x563591420b40 .functor AND 1, L_0x563591422170, L_0x563591420a50, C4<1>, C4<1>;
L_0x563591420cf0 .functor AND 1, L_0x563591420b40, L_0x563591420c00, C4<1>, C4<1>;
L_0x563591421490 .functor AND 1, L_0x563591422210, L_0x5635914213a0, C4<1>, C4<1>;
L_0x563591421690 .functor AND 1, L_0x563591421490, L_0x5635914215a0, C4<1>, C4<1>;
L_0x5635914218d0 .functor AND 1, L_0x563591422170, L_0x5635914217e0, C4<1>, C4<1>;
L_0x563591421b30 .functor AND 1, L_0x5635914218d0, L_0x5635914219e0, C4<1>, C4<1>;
L_0x7f11134d07b0 .functor BUFT 1, C4<00000>, C4<0>, C4<0>, C4<0>;
v0x5635913f4bb0_0 .net/2u *"_ivl_0", 4 0, L_0x7f11134d07b0;  1 drivers
L_0x7f11134d07f8 .functor BUFT 1, C4<10>, C4<0>, C4<0>, C4<0>;
v0x5635913f4cb0_0 .net/2u *"_ivl_10", 1 0, L_0x7f11134d07f8;  1 drivers
L_0x7f11134d0840 .functor BUFT 1, C4<00000>, C4<0>, C4<0>, C4<0>;
v0x5635913f4d90_0 .net/2u *"_ivl_12", 4 0, L_0x7f11134d0840;  1 drivers
v0x5635913f4e80_0 .net *"_ivl_14", 0 0, L_0x563591420a50;  1 drivers
v0x5635913f4f40_0 .net *"_ivl_17", 0 0, L_0x563591420b40;  1 drivers
v0x5635913f5050_0 .net *"_ivl_18", 0 0, L_0x563591420c00;  1 drivers
v0x5635913f5110_0 .net *"_ivl_2", 0 0, L_0x563591420700;  1 drivers
v0x5635913f51d0_0 .net *"_ivl_21", 0 0, L_0x563591420cf0;  1 drivers
L_0x7f11134d0888 .functor BUFT 1, C4<01>, C4<0>, C4<0>, C4<0>;
v0x5635913f5290_0 .net/2u *"_ivl_22", 1 0, L_0x7f11134d0888;  1 drivers
L_0x7f11134d08d0 .functor BUFT 1, C4<00>, C4<0>, C4<0>, C4<0>;
v0x5635913f5400_0 .net/2u *"_ivl_24", 1 0, L_0x7f11134d08d0;  1 drivers
v0x5635913f54e0_0 .net *"_ivl_26", 1 0, L_0x563591420e30;  1 drivers
L_0x7f11134d0918 .functor BUFT 1, C4<00000>, C4<0>, C4<0>, C4<0>;
v0x5635913f55c0_0 .net/2u *"_ivl_30", 4 0, L_0x7f11134d0918;  1 drivers
v0x5635913f56a0_0 .net *"_ivl_32", 0 0, L_0x5635914213a0;  1 drivers
v0x5635913f5760_0 .net *"_ivl_35", 0 0, L_0x563591421490;  1 drivers
v0x5635913f5820_0 .net *"_ivl_36", 0 0, L_0x5635914215a0;  1 drivers
v0x5635913f58e0_0 .net *"_ivl_39", 0 0, L_0x563591421690;  1 drivers
L_0x7f11134d0960 .functor BUFT 1, C4<10>, C4<0>, C4<0>, C4<0>;
v0x5635913f59a0_0 .net/2u *"_ivl_40", 1 0, L_0x7f11134d0960;  1 drivers
L_0x7f11134d09a8 .functor BUFT 1, C4<00000>, C4<0>, C4<0>, C4<0>;
v0x5635913f5b90_0 .net/2u *"_ivl_42", 4 0, L_0x7f11134d09a8;  1 drivers
v0x5635913f5c70_0 .net *"_ivl_44", 0 0, L_0x5635914217e0;  1 drivers
v0x5635913f5d30_0 .net *"_ivl_47", 0 0, L_0x5635914218d0;  1 drivers
v0x5635913f5df0_0 .net *"_ivl_48", 0 0, L_0x5635914219e0;  1 drivers
v0x5635913f5eb0_0 .net *"_ivl_5", 0 0, L_0x563591420830;  1 drivers
v0x5635913f5f70_0 .net *"_ivl_51", 0 0, L_0x563591421b30;  1 drivers
L_0x7f11134d09f0 .functor BUFT 1, C4<01>, C4<0>, C4<0>, C4<0>;
v0x5635913f6030_0 .net/2u *"_ivl_52", 1 0, L_0x7f11134d09f0;  1 drivers
L_0x7f11134d0a38 .functor BUFT 1, C4<00>, C4<0>, C4<0>, C4<0>;
v0x5635913f6110_0 .net/2u *"_ivl_54", 1 0, L_0x7f11134d0a38;  1 drivers
v0x5635913f61f0_0 .net *"_ivl_56", 1 0, L_0x563591421c40;  1 drivers
v0x5635913f62d0_0 .net *"_ivl_6", 0 0, L_0x5635914208a0;  1 drivers
v0x5635913f6390_0 .net *"_ivl_9", 0 0, L_0x563591420940;  1 drivers
v0x5635913f6450_0 .net "exrs1", 4 0, L_0x563591421fd0;  1 drivers
v0x5635913f6530_0 .net "exrs2", 4 0, L_0x563591422070;  1 drivers
v0x5635913f6610_0 .net "fa", 1 0, L_0x563591420fc0;  alias, 1 drivers
v0x5635913f66f0_0 .net "fb", 1 0, L_0x563591421dd0;  alias, 1 drivers
v0x5635913f67d0_0 .net "memrd", 4 0, v0x5635913f4200_0;  alias, 1 drivers
v0x5635913f6aa0_0 .net "memregwrite", 0 0, L_0x563591422210;  1 drivers
v0x5635913f6b40_0 .net "wbrd", 4 0, L_0x563591428050;  alias, 1 drivers
v0x5635913f6c20_0 .net "wbregwrite", 0 0, L_0x563591422170;  1 drivers
L_0x563591420700 .cmp/ne 5, v0x5635913f4200_0, L_0x7f11134d07b0;
L_0x5635914208a0 .cmp/eq 5, v0x5635913f4200_0, L_0x563591421fd0;
L_0x563591420a50 .cmp/ne 5, L_0x563591428050, L_0x7f11134d0840;
L_0x563591420c00 .cmp/eq 5, L_0x563591428050, L_0x563591421fd0;
L_0x563591420e30 .functor MUXZ 2, L_0x7f11134d08d0, L_0x7f11134d0888, L_0x563591420cf0, C4<>;
L_0x563591420fc0 .functor MUXZ 2, L_0x563591420e30, L_0x7f11134d07f8, L_0x563591420940, C4<>;
L_0x5635914213a0 .cmp/ne 5, v0x5635913f4200_0, L_0x7f11134d0918;
L_0x5635914215a0 .cmp/eq 5, v0x5635913f4200_0, L_0x563591422070;
L_0x5635914217e0 .cmp/ne 5, L_0x563591428050, L_0x7f11134d09a8;
L_0x5635914219e0 .cmp/eq 5, L_0x563591428050, L_0x563591422070;
L_0x563591421c40 .functor MUXZ 2, L_0x7f11134d0a38, L_0x7f11134d09f0, L_0x563591421b30, C4<>;
L_0x563591421dd0 .functor MUXZ 2, L_0x563591421c40, L_0x7f11134d0960, L_0x563591421690, C4<>;
S_0x5635913f6de0 .scope module, "Hazard_Detection" "HazardDetectionUnit" 3 31, 11 1 0, S_0x5635913b0bd0;
 .timescale 0 0;
    .port_info 0 /INPUT 5 "rs1";
    .port_info 1 /INPUT 5 "rs2";
    .port_info 2 /INPUT 5 "rd";
    .port_info 3 /INPUT 1 "memread";
    .port_info 4 /OUTPUT 1 "pcwrite";
    .port_info 5 /OUTPUT 1 "Stall_o";
    .port_info 6 /OUTPUT 1 "noop";
L_0x563591419db0 .functor OR 1, L_0x56359141c4f0, L_0x56359141c590, C4<0>, C4<0>;
L_0x56359141c6d0 .functor AND 1, L_0x56359141ce00, L_0x563591419db0, C4<1>, C4<1>;
L_0x56359141c8c0 .functor AND 1, L_0x56359141c6d0, L_0x56359141c820, C4<1>, C4<1>;
L_0x56359141c9d0 .functor BUFZ 1, L_0x56359141c8c0, C4<0>, C4<0>, C4<0>;
L_0x56359141cad0 .functor NOT 1, L_0x56359141c8c0, C4<0>, C4<0>, C4<0>;
v0x5635913f7020_0 .net "Stall_o", 0 0, L_0x56359141c8c0;  alias, 1 drivers
v0x5635913f7100_0 .net *"_ivl_0", 0 0, L_0x56359141c4f0;  1 drivers
v0x5635913f71c0_0 .net *"_ivl_10", 0 0, L_0x56359141c820;  1 drivers
v0x5635913f7290_0 .net *"_ivl_2", 0 0, L_0x56359141c590;  1 drivers
v0x5635913f7350_0 .net *"_ivl_5", 0 0, L_0x563591419db0;  1 drivers
v0x5635913f7410_0 .net *"_ivl_7", 0 0, L_0x56359141c6d0;  1 drivers
L_0x7f11134d0258 .functor BUFT 1, C4<00000>, C4<0>, C4<0>, C4<0>;
v0x5635913f74d0_0 .net/2u *"_ivl_8", 4 0, L_0x7f11134d0258;  1 drivers
v0x5635913f75b0_0 .net "memread", 0 0, L_0x56359141ce00;  1 drivers
v0x5635913f7670_0 .net "noop", 0 0, L_0x56359141c9d0;  alias, 1 drivers
v0x5635913f77a0_0 .net "pcwrite", 0 0, L_0x56359141cad0;  alias, 1 drivers
v0x5635913f7840_0 .net "rd", 4 0, L_0x56359141ccd0;  1 drivers
v0x5635913f7920_0 .net "rs1", 4 0, L_0x56359141cb40;  1 drivers
v0x5635913f7a00_0 .net "rs2", 4 0, L_0x56359141cbe0;  1 drivers
L_0x56359141c4f0 .cmp/eq 5, L_0x56359141cb40, L_0x56359141ccd0;
L_0x56359141c590 .cmp/eq 5, L_0x56359141cbe0, L_0x56359141ccd0;
L_0x56359141c820 .cmp/ne 5, L_0x56359141ccd0, L_0x7f11134d0258;
S_0x5635913f7bc0 .scope module, "ID_EX" "IDEX" 3 37, 12 1 0, S_0x5635913b0bd0;
 .timescale 0 0;
    .port_info 0 /INPUT 1 "rst";
    .port_info 1 /INPUT 1 "clk";
    .port_info 2 /INPUT 7 "ctrli";
    .port_info 3 /INPUT 32 "r1i";
    .port_info 4 /INPUT 32 "r2i";
    .port_info 5 /INPUT 32 "immi";
    .port_info 6 /INPUT 32 "insti";
    .port_info 7 /OUTPUT 7 "ctrlo";
    .port_info 8 /OUTPUT 32 "r1o";
    .port_info 9 /OUTPUT 32 "r2o";
    .port_info 10 /OUTPUT 32 "immo";
    .port_info 11 /OUTPUT 32 "insto";
    .port_info 12 /INPUT 1 "fail";
    .port_info 13 /INPUT 1 "branchi";
    .port_info 14 /OUTPUT 1 "Branch_o";
    .port_info 15 /INPUT 32 "pci";
    .port_info 16 /OUTPUT 32 "pco";
v0x5635913f7f80_0 .net "Branch_o", 0 0, v0x5635913f8060_0;  alias, 1 drivers
v0x5635913f8060_0 .var "branch", 0 0;
v0x5635913f8120_0 .net "branchi", 0 0, L_0x56359141ec90;  alias, 1 drivers
v0x5635913f8220_0 .net "clk", 0 0, v0x5635914081c0_0;  alias, 1 drivers
v0x5635913f8310_0 .var "ctrl", 6 0;
v0x5635913f8400_0 .net "ctrli", 6 0, L_0x56359141f140;  alias, 1 drivers
v0x5635913f84c0_0 .net "ctrlo", 6 0, v0x5635913f8310_0;  alias, 1 drivers
v0x5635913f8580_0 .net "fail", 0 0, L_0x5635914200a0;  alias, 1 drivers
v0x5635913f8640_0 .var "imm", 31 0;
v0x5635913f87b0_0 .net "immi", 31 0, L_0x56359141c310;  alias, 1 drivers
v0x5635913f8870_0 .net "immo", 31 0, v0x5635913f8640_0;  alias, 1 drivers
v0x5635913f8930_0 .var "inst", 31 0;
v0x5635913f8a10_0 .net "insti", 31 0, v0x5635913f9ab0_0;  alias, 1 drivers
v0x5635913f8af0_0 .net "insto", 31 0, v0x5635913f8930_0;  alias, 1 drivers
v0x5635913f8bd0_0 .var "pc", 31 0;
v0x5635913f8cb0_0 .net "pci", 31 0, L_0x563591418b20;  alias, 1 drivers
v0x5635913f8d90_0 .net "pco", 31 0, v0x5635913f8bd0_0;  alias, 1 drivers
v0x5635913f8e70_0 .var "r1", 31 0;
v0x5635913f8f50_0 .net "r1i", 31 0, L_0x56359141d310;  alias, 1 drivers
v0x5635913f9030_0 .net "r1o", 31 0, v0x5635913f8e70_0;  alias, 1 drivers
v0x5635913f9110_0 .var "r2", 31 0;
v0x5635913f91f0_0 .net "r2i", 31 0, L_0x56359141d870;  alias, 1 drivers
v0x5635913f92d0_0 .net "r2o", 31 0, v0x5635913f9110_0;  alias, 1 drivers
v0x5635913f93b0_0 .net "rst", 0 0, v0x563591408260_0;  alias, 1 drivers
S_0x5635913f9680 .scope module, "IF_ID" "IFID" 3 27, 13 1 0, S_0x5635913b0bd0;
 .timescale 0 0;
    .port_info 0 /INPUT 1 "rst";
    .port_info 1 /INPUT 1 "clk";
    .port_info 2 /INPUT 32 "pci";
    .port_info 3 /INPUT 32 "insti";
    .port_info 4 /INPUT 1 "flush_i";
    .port_info 5 /INPUT 1 "stall";
    .port_info 6 /OUTPUT 32 "pco";
    .port_info 7 /OUTPUT 32 "insto";
v0x5635913f9930_0 .net "clk", 0 0, v0x5635914081c0_0;  alias, 1 drivers
v0x5635913f99f0_0 .net "flush_i", 0 0, L_0x5635914202b0;  alias, 1 drivers
v0x5635913f9ab0_0 .var "inst", 31 0;
v0x5635913f9ba0_0 .net "insti", 31 0, L_0x5635914088b0;  alias, 1 drivers
v0x5635913f9c80_0 .net "insto", 31 0, v0x5635913f9ab0_0;  alias, 1 drivers
v0x5635913f9d90_0 .var "pc", 31 0;
v0x5635913f9e50_0 .net "pci", 31 0, v0x563591401e10_0;  alias, 1 drivers
v0x5635913f9f40_0 .net "pco", 31 0, v0x5635913f9d90_0;  alias, 1 drivers
v0x5635913fa010_0 .net "rst", 0 0, v0x563591408260_0;  alias, 1 drivers
v0x5635913fa0b0_0 .net "stall", 0 0, L_0x56359141c8c0;  alias, 1 drivers
S_0x5635913fa260 .scope module, "ImmGen" "ImmGen" 3 29, 14 1 0, S_0x5635913b0bd0;
 .timescale 0 0;
    .port_info 0 /INPUT 32 "inst";
    .port_info 1 /OUTPUT 32 "res";
v0x5635913fa410_0 .net *"_ivl_1", 2 0, L_0x563591418f00;  1 drivers
v0x5635913fa510_0 .net *"_ivl_11", 0 0, L_0x5635914191d0;  1 drivers
v0x5635913fa5f0_0 .net *"_ivl_12", 19 0, L_0x563591419270;  1 drivers
v0x5635913fa6e0_0 .net *"_ivl_15", 11 0, L_0x563591419800;  1 drivers
v0x5635913fa7c0_0 .net *"_ivl_16", 31 0, L_0x5635914198a0;  1 drivers
L_0x7f11134d00f0 .functor BUFT 1, C4<1010010011>, C4<0>, C4<0>, C4<0>;
v0x5635913fa8f0_0 .net/2u *"_ivl_18", 9 0, L_0x7f11134d00f0;  1 drivers
v0x5635913fa9d0_0 .net *"_ivl_20", 0 0, L_0x5635914199e0;  1 drivers
L_0x7f11134d0138 .functor BUFT 1, C4<000000000000000000000000000>, C4<0>, C4<0>, C4<0>;
v0x5635913faa90_0 .net/2u *"_ivl_22", 26 0, L_0x7f11134d0138;  1 drivers
v0x5635913fab70_0 .net *"_ivl_25", 4 0, L_0x563591419b20;  1 drivers
v0x5635913face0_0 .net *"_ivl_26", 31 0, L_0x563591419c20;  1 drivers
L_0x7f11134d0180 .functor BUFT 1, C4<0100000011>, C4<0>, C4<0>, C4<0>;
v0x5635913fadc0_0 .net/2u *"_ivl_28", 9 0, L_0x7f11134d0180;  1 drivers
v0x5635913faea0_0 .net *"_ivl_3", 6 0, L_0x563591418fa0;  1 drivers
v0x5635913faf80_0 .net *"_ivl_30", 0 0, L_0x563591419d10;  1 drivers
v0x5635913fb040_0 .net *"_ivl_33", 0 0, L_0x563591419e20;  1 drivers
v0x5635913fb120_0 .net *"_ivl_34", 19 0, L_0x563591419ec0;  1 drivers
v0x5635913fb200_0 .net *"_ivl_37", 11 0, L_0x56359141a400;  1 drivers
v0x5635913fb2e0_0 .net *"_ivl_38", 31 0, L_0x56359141a4a0;  1 drivers
L_0x7f11134d01c8 .functor BUFT 1, C4<0100100011>, C4<0>, C4<0>, C4<0>;
v0x5635913fb4d0_0 .net/2u *"_ivl_40", 9 0, L_0x7f11134d01c8;  1 drivers
v0x5635913fb5b0_0 .net *"_ivl_42", 0 0, L_0x56359141a620;  1 drivers
v0x5635913fb670_0 .net *"_ivl_45", 0 0, L_0x56359141a710;  1 drivers
v0x5635913fb750_0 .net *"_ivl_46", 19 0, L_0x56359141a850;  1 drivers
v0x5635913fb830_0 .net *"_ivl_49", 6 0, L_0x56359141ac00;  1 drivers
v0x5635913fb910_0 .net *"_ivl_51", 4 0, L_0x56359141a7b0;  1 drivers
v0x5635913fb9f0_0 .net *"_ivl_52", 31 0, L_0x56359141ad50;  1 drivers
v0x5635913fbad0_0 .net *"_ivl_55", 0 0, L_0x56359141af50;  1 drivers
v0x5635913fbbb0_0 .net *"_ivl_56", 18 0, L_0x56359141aff0;  1 drivers
v0x5635913fbc90_0 .net *"_ivl_59", 0 0, L_0x56359141b3c0;  1 drivers
L_0x7f11134d00a8 .functor BUFT 1, C4<0000010011>, C4<0>, C4<0>, C4<0>;
v0x5635913fbd70_0 .net/2u *"_ivl_6", 9 0, L_0x7f11134d00a8;  1 drivers
v0x5635913fbe50_0 .net *"_ivl_61", 0 0, L_0x56359141b670;  1 drivers
v0x5635913fbf30_0 .net *"_ivl_63", 5 0, L_0x56359141b7f0;  1 drivers
v0x5635913fc010_0 .net *"_ivl_65", 3 0, L_0x56359141b890;  1 drivers
L_0x7f11134d0210 .functor BUFT 1, C4<0>, C4<0>, C4<0>, C4<0>;
v0x5635913fc0f0_0 .net/2u *"_ivl_66", 0 0, L_0x7f11134d0210;  1 drivers
v0x5635913fc1d0_0 .net *"_ivl_68", 31 0, L_0x56359141ba20;  1 drivers
v0x5635913fc4c0_0 .net *"_ivl_70", 31 0, L_0x56359141bc50;  1 drivers
v0x5635913fc5a0_0 .net *"_ivl_72", 31 0, L_0x56359141bee0;  1 drivers
v0x5635913fc680_0 .net *"_ivl_74", 31 0, L_0x56359141c070;  1 drivers
v0x5635913fc760_0 .net *"_ivl_8", 0 0, L_0x5635914190e0;  1 drivers
v0x5635913fc820_0 .net "func", 9 0, L_0x563591419040;  1 drivers
v0x5635913fc900_0 .net "inst", 31 0, v0x5635913f9ab0_0;  alias, 1 drivers
v0x5635913fc9c0_0 .net "res", 31 0, L_0x56359141c310;  alias, 1 drivers
L_0x563591418f00 .part v0x5635913f9ab0_0, 12, 3;
L_0x563591418fa0 .part v0x5635913f9ab0_0, 0, 7;
L_0x563591419040 .concat [ 7 3 0 0], L_0x563591418fa0, L_0x563591418f00;
L_0x5635914190e0 .cmp/eq 10, L_0x563591419040, L_0x7f11134d00a8;
L_0x5635914191d0 .part v0x5635913f9ab0_0, 31, 1;
LS_0x563591419270_0_0 .concat [ 1 1 1 1], L_0x5635914191d0, L_0x5635914191d0, L_0x5635914191d0, L_0x5635914191d0;
LS_0x563591419270_0_4 .concat [ 1 1 1 1], L_0x5635914191d0, L_0x5635914191d0, L_0x5635914191d0, L_0x5635914191d0;
LS_0x563591419270_0_8 .concat [ 1 1 1 1], L_0x5635914191d0, L_0x5635914191d0, L_0x5635914191d0, L_0x5635914191d0;
LS_0x563591419270_0_12 .concat [ 1 1 1 1], L_0x5635914191d0, L_0x5635914191d0, L_0x5635914191d0, L_0x5635914191d0;
LS_0x563591419270_0_16 .concat [ 1 1 1 1], L_0x5635914191d0, L_0x5635914191d0, L_0x5635914191d0, L_0x5635914191d0;
LS_0x563591419270_1_0 .concat [ 4 4 4 4], LS_0x563591419270_0_0, LS_0x563591419270_0_4, LS_0x563591419270_0_8, LS_0x563591419270_0_12;
LS_0x563591419270_1_4 .concat [ 4 0 0 0], LS_0x563591419270_0_16;
L_0x563591419270 .concat [ 16 4 0 0], LS_0x563591419270_1_0, LS_0x563591419270_1_4;
L_0x563591419800 .part v0x5635913f9ab0_0, 20, 12;
L_0x5635914198a0 .concat [ 12 20 0 0], L_0x563591419800, L_0x563591419270;
L_0x5635914199e0 .cmp/eq 10, L_0x563591419040, L_0x7f11134d00f0;
L_0x563591419b20 .part v0x5635913f9ab0_0, 20, 5;
L_0x563591419c20 .concat [ 5 27 0 0], L_0x563591419b20, L_0x7f11134d0138;
L_0x563591419d10 .cmp/eq 10, L_0x563591419040, L_0x7f11134d0180;
L_0x563591419e20 .part v0x5635913f9ab0_0, 31, 1;
LS_0x563591419ec0_0_0 .concat [ 1 1 1 1], L_0x563591419e20, L_0x563591419e20, L_0x563591419e20, L_0x563591419e20;
LS_0x563591419ec0_0_4 .concat [ 1 1 1 1], L_0x563591419e20, L_0x563591419e20, L_0x563591419e20, L_0x563591419e20;
LS_0x563591419ec0_0_8 .concat [ 1 1 1 1], L_0x563591419e20, L_0x563591419e20, L_0x563591419e20, L_0x563591419e20;
LS_0x563591419ec0_0_12 .concat [ 1 1 1 1], L_0x563591419e20, L_0x563591419e20, L_0x563591419e20, L_0x563591419e20;
LS_0x563591419ec0_0_16 .concat [ 1 1 1 1], L_0x563591419e20, L_0x563591419e20, L_0x563591419e20, L_0x563591419e20;
LS_0x563591419ec0_1_0 .concat [ 4 4 4 4], LS_0x563591419ec0_0_0, LS_0x563591419ec0_0_4, LS_0x563591419ec0_0_8, LS_0x563591419ec0_0_12;
LS_0x563591419ec0_1_4 .concat [ 4 0 0 0], LS_0x563591419ec0_0_16;
L_0x563591419ec0 .concat [ 16 4 0 0], LS_0x563591419ec0_1_0, LS_0x563591419ec0_1_4;
L_0x56359141a400 .part v0x5635913f9ab0_0, 20, 12;
L_0x56359141a4a0 .concat [ 12 20 0 0], L_0x56359141a400, L_0x563591419ec0;
L_0x56359141a620 .cmp/eq 10, L_0x563591419040, L_0x7f11134d01c8;
L_0x56359141a710 .part v0x5635913f9ab0_0, 31, 1;
LS_0x56359141a850_0_0 .concat [ 1 1 1 1], L_0x56359141a710, L_0x56359141a710, L_0x56359141a710, L_0x56359141a710;
LS_0x56359141a850_0_4 .concat [ 1 1 1 1], L_0x56359141a710, L_0x56359141a710, L_0x56359141a710, L_0x56359141a710;
LS_0x56359141a850_0_8 .concat [ 1 1 1 1], L_0x56359141a710, L_0x56359141a710, L_0x56359141a710, L_0x56359141a710;
LS_0x56359141a850_0_12 .concat [ 1 1 1 1], L_0x56359141a710, L_0x56359141a710, L_0x56359141a710, L_0x56359141a710;
LS_0x56359141a850_0_16 .concat [ 1 1 1 1], L_0x56359141a710, L_0x56359141a710, L_0x56359141a710, L_0x56359141a710;
LS_0x56359141a850_1_0 .concat [ 4 4 4 4], LS_0x56359141a850_0_0, LS_0x56359141a850_0_4, LS_0x56359141a850_0_8, LS_0x56359141a850_0_12;
LS_0x56359141a850_1_4 .concat [ 4 0 0 0], LS_0x56359141a850_0_16;
L_0x56359141a850 .concat [ 16 4 0 0], LS_0x56359141a850_1_0, LS_0x56359141a850_1_4;
L_0x56359141ac00 .part v0x5635913f9ab0_0, 25, 7;
L_0x56359141a7b0 .part v0x5635913f9ab0_0, 7, 5;
L_0x56359141ad50 .concat [ 5 7 20 0], L_0x56359141a7b0, L_0x56359141ac00, L_0x56359141a850;
L_0x56359141af50 .part v0x5635913f9ab0_0, 31, 1;
LS_0x56359141aff0_0_0 .concat [ 1 1 1 1], L_0x56359141af50, L_0x56359141af50, L_0x56359141af50, L_0x56359141af50;
LS_0x56359141aff0_0_4 .concat [ 1 1 1 1], L_0x56359141af50, L_0x56359141af50, L_0x56359141af50, L_0x56359141af50;
LS_0x56359141aff0_0_8 .concat [ 1 1 1 1], L_0x56359141af50, L_0x56359141af50, L_0x56359141af50, L_0x56359141af50;
LS_0x56359141aff0_0_12 .concat [ 1 1 1 1], L_0x56359141af50, L_0x56359141af50, L_0x56359141af50, L_0x56359141af50;
LS_0x56359141aff0_0_16 .concat [ 1 1 1 0], L_0x56359141af50, L_0x56359141af50, L_0x56359141af50;
LS_0x56359141aff0_1_0 .concat [ 4 4 4 4], LS_0x56359141aff0_0_0, LS_0x56359141aff0_0_4, LS_0x56359141aff0_0_8, LS_0x56359141aff0_0_12;
LS_0x56359141aff0_1_4 .concat [ 3 0 0 0], LS_0x56359141aff0_0_16;
L_0x56359141aff0 .concat [ 16 3 0 0], LS_0x56359141aff0_1_0, LS_0x56359141aff0_1_4;
L_0x56359141b3c0 .part v0x5635913f9ab0_0, 31, 1;
L_0x56359141b670 .part v0x5635913f9ab0_0, 7, 1;
L_0x56359141b7f0 .part v0x5635913f9ab0_0, 25, 6;
L_0x56359141b890 .part v0x5635913f9ab0_0, 8, 4;
LS_0x56359141ba20_0_0 .concat [ 1 4 6 1], L_0x7f11134d0210, L_0x56359141b890, L_0x56359141b7f0, L_0x56359141b670;
LS_0x56359141ba20_0_4 .concat [ 1 19 0 0], L_0x56359141b3c0, L_0x56359141aff0;
L_0x56359141ba20 .concat [ 12 20 0 0], LS_0x56359141ba20_0_0, LS_0x56359141ba20_0_4;
L_0x56359141bc50 .functor MUXZ 32, L_0x56359141ba20, L_0x56359141ad50, L_0x56359141a620, C4<>;
L_0x56359141bee0 .functor MUXZ 32, L_0x56359141bc50, L_0x56359141a4a0, L_0x563591419d10, C4<>;
L_0x56359141c070 .functor MUXZ 32, L_0x56359141bee0, L_0x563591419c20, L_0x5635914199e0, C4<>;
L_0x56359141c310 .functor MUXZ 32, L_0x56359141c070, L_0x5635914198a0, L_0x5635914190e0, C4<>;
S_0x5635913fcb30 .scope module, "Instruction_Memory" "Instruction_Memory" 3 22, 15 1 0, S_0x5635913b0bd0;
 .timescale 0 0;
    .port_info 0 /INPUT 32 "addr_i";
    .port_info 1 /OUTPUT 32 "instr_o";
L_0x5635914088b0 .functor BUFZ 32, L_0x563591408660, C4<00000000000000000000000000000000>, C4<00000000000000000000000000000000>, C4<00000000000000000000000000000000>;
v0x5635913fcd50_0 .net *"_ivl_0", 31 0, L_0x563591408660;  1 drivers
v0x5635913fce50_0 .net *"_ivl_2", 31 0, L_0x5635914087c0;  1 drivers
v0x5635913fcf30_0 .net *"_ivl_4", 29 0, L_0x563591408720;  1 drivers
L_0x7f11134d0018 .functor BUFT 1, C4<00>, C4<0>, C4<0>, C4<0>;
v0x5635913fcff0_0 .net *"_ivl_6", 1 0, L_0x7f11134d0018;  1 drivers
v0x5635913fd0d0_0 .net "addr_i", 31 0, v0x563591401e10_0;  alias, 1 drivers
v0x5635913fd230_0 .net "instr_o", 31 0, L_0x5635914088b0;  alias, 1 drivers
v0x5635913fd2f0 .array "memory", 255 0, 31 0;
L_0x563591408660 .array/port v0x5635913fd2f0, L_0x5635914087c0;
L_0x563591408720 .part v0x563591401e10_0, 2, 30;
L_0x5635914087c0 .concat [ 30 2 0 0], L_0x563591408720, L_0x7f11134d0018;
S_0x5635913fd3f0 .scope module, "MEMWB" "MEMWB" 3 51, 16 1 0, S_0x5635913b0bd0;
 .timescale 0 0;
    .port_info 0 /INPUT 1 "rst";
    .port_info 1 /INPUT 1 "clk";
    .port_info 2 /INPUT 2 "ctrli";
    .port_info 3 /INPUT 32 "alu1i";
    .port_info 4 /INPUT 32 "alu2i";
    .port_info 5 /INPUT 5 "rdi";
    .port_info 6 /OUTPUT 2 "ctrlo";
    .port_info 7 /OUTPUT 32 "alu1o";
    .port_info 8 /OUTPUT 32 "alu2o";
    .port_info 9 /OUTPUT 5 "rdo";
v0x5635913fd6d0_0 .var "alu1", 31 0;
v0x5635913fd7b0_0 .net "alu1i", 31 0, v0x5635913f3be0_0;  alias, 1 drivers
v0x5635913fd8c0_0 .net "alu1o", 31 0, v0x5635913fd6d0_0;  alias, 1 drivers
v0x5635913fd980_0 .var "alu2", 31 0;
v0x5635913fda60_0 .net "alu2i", 31 0, L_0x563591427b70;  alias, 1 drivers
v0x5635913fdb70_0 .net "alu2o", 31 0, v0x5635913fd980_0;  alias, 1 drivers
v0x5635913fdc30_0 .net "clk", 0 0, v0x5635914081c0_0;  alias, 1 drivers
v0x5635913fdcd0_0 .var "ctrl", 1 0;
v0x5635913fddb0_0 .net "ctrli", 1 0, L_0x5635914280f0;  1 drivers
v0x5635913fdf20_0 .net "ctrlo", 1 0, v0x5635913fdcd0_0;  alias, 1 drivers
v0x5635913fe000_0 .var "rd", 31 0;
v0x5635913fe0e0_0 .net "rdi", 4 0, v0x5635913f4200_0;  alias, 1 drivers
v0x5635913fe1a0_0 .net "rdo", 4 0, L_0x563591428050;  alias, 1 drivers
v0x5635913fe260_0 .net "rst", 0 0, v0x563591408260_0;  alias, 1 drivers
L_0x563591428050 .part v0x5635913fe000_0, 0, 5;
S_0x5635913fe480 .scope module, "MUX0" "MUX2" 3 20, 17 1 0, S_0x5635913b0bd0;
 .timescale 0 0;
    .port_info 0 /INPUT 32 "a0";
    .port_info 1 /INPUT 32 "a1";
    .port_info 2 /INPUT 1 "sel";
    .port_info 3 /OUTPUT 32 "b";
v0x5635913fe610_0 .net "a0", 31 0, L_0x563591408970;  alias, 1 drivers
v0x5635913fe6f0_0 .net "a1", 31 0, L_0x56359141c450;  alias, 1 drivers
v0x5635913fe790_0 .net "b", 31 0, L_0x563591408580;  alias, 1 drivers
v0x5635913fe860_0 .net "sel", 0 0, L_0x563591420210;  alias, 1 drivers
L_0x563591408580 .functor MUXZ 32, L_0x563591408970, L_0x56359141c450, L_0x563591420210, C4<>;
S_0x5635913fe9d0 .scope module, "MUX1" "MUX4" 3 40, 18 1 0, S_0x5635913b0bd0;
 .timescale 0 0;
    .port_info 0 /INPUT 32 "a0";
    .port_info 1 /INPUT 32 "a1";
    .port_info 2 /INPUT 32 "a2";
    .port_info 3 /INPUT 2 "sel";
    .port_info 4 /OUTPUT 32 "b";
L_0x7f11134d0a80 .functor BUFT 1, C4<00>, C4<0>, C4<0>, C4<0>;
v0x5635913fec30_0 .net/2u *"_ivl_0", 1 0, L_0x7f11134d0a80;  1 drivers
v0x5635913fed30_0 .net *"_ivl_2", 0 0, L_0x563591422320;  1 drivers
L_0x7f11134d0ac8 .functor BUFT 1, C4<01>, C4<0>, C4<0>, C4<0>;
v0x5635913fedf0_0 .net/2u *"_ivl_4", 1 0, L_0x7f11134d0ac8;  1 drivers
v0x5635913feee0_0 .net *"_ivl_6", 0 0, L_0x563591422450;  1 drivers
v0x5635913fefa0_0 .net *"_ivl_8", 31 0, L_0x5635914224f0;  1 drivers
v0x5635913ff0d0_0 .net "a0", 31 0, v0x5635913f8e70_0;  alias, 1 drivers
v0x5635913ff190_0 .net "a1", 31 0, L_0x563591428190;  alias, 1 drivers
v0x5635913ff250_0 .net "a2", 31 0, v0x5635913f3be0_0;  alias, 1 drivers
v0x5635913ff310_0 .net "b", 31 0, L_0x5635914225e0;  alias, 1 drivers
v0x5635913ff490_0 .net "sel", 1 0, L_0x563591420fc0;  alias, 1 drivers
L_0x563591422320 .cmp/eq 2, L_0x563591420fc0, L_0x7f11134d0a80;
L_0x563591422450 .cmp/eq 2, L_0x563591420fc0, L_0x7f11134d0ac8;
L_0x5635914224f0 .functor MUXZ 32, v0x5635913f3be0_0, L_0x563591428190, L_0x563591422450, C4<>;
L_0x5635914225e0 .functor MUXZ 32, L_0x5635914224f0, v0x5635913f8e70_0, L_0x563591422320, C4<>;
S_0x5635913ff610 .scope module, "MUX2" "MUX4" 3 41, 18 1 0, S_0x5635913b0bd0;
 .timescale 0 0;
    .port_info 0 /INPUT 32 "a0";
    .port_info 1 /INPUT 32 "a1";
    .port_info 2 /INPUT 32 "a2";
    .port_info 3 /INPUT 2 "sel";
    .port_info 4 /OUTPUT 32 "b";
L_0x7f11134d0b10 .functor BUFT 1, C4<00>, C4<0>, C4<0>, C4<0>;
v0x5635913ff820_0 .net/2u *"_ivl_0", 1 0, L_0x7f11134d0b10;  1 drivers
v0x5635913ff920_0 .net *"_ivl_2", 0 0, L_0x5635914227b0;  1 drivers
L_0x7f11134d0b58 .functor BUFT 1, C4<01>, C4<0>, C4<0>, C4<0>;
v0x5635913ff9e0_0 .net/2u *"_ivl_4", 1 0, L_0x7f11134d0b58;  1 drivers
v0x5635913ffad0_0 .net *"_ivl_6", 0 0, L_0x5635914228e0;  1 drivers
v0x5635913ffb90_0 .net *"_ivl_8", 31 0, L_0x563591422980;  1 drivers
v0x5635913ffcc0_0 .net "a0", 31 0, v0x5635913f9110_0;  alias, 1 drivers
v0x5635913ffd80_0 .net "a1", 31 0, L_0x563591428190;  alias, 1 drivers
v0x5635913ffe50_0 .net "a2", 31 0, v0x5635913f3be0_0;  alias, 1 drivers
v0x5635913ffef0_0 .net "b", 31 0, L_0x563591422b80;  alias, 1 drivers
v0x563591400070_0 .net "sel", 1 0, L_0x563591421dd0;  alias, 1 drivers
L_0x5635914227b0 .cmp/eq 2, L_0x563591421dd0, L_0x7f11134d0b10;
L_0x5635914228e0 .cmp/eq 2, L_0x563591421dd0, L_0x7f11134d0b58;
L_0x563591422980 .functor MUXZ 32, v0x5635913f3be0_0, L_0x563591428190, L_0x5635914228e0, C4<>;
L_0x563591422b80 .functor MUXZ 32, L_0x563591422980, v0x5635913f9110_0, L_0x5635914227b0, C4<>;
S_0x5635914001f0 .scope module, "MUX3" "MUX2" 3 42, 17 1 0, S_0x5635913b0bd0;
 .timescale 0 0;
    .port_info 0 /INPUT 32 "a0";
    .port_info 1 /INPUT 32 "a1";
    .port_info 2 /INPUT 1 "sel";
    .port_info 3 /OUTPUT 32 "b";
v0x563591400380_0 .net "a0", 31 0, L_0x563591422b80;  alias, 1 drivers
v0x563591400460_0 .net "a1", 31 0, v0x5635913f8640_0;  alias, 1 drivers
v0x563591400520_0 .net "b", 31 0, L_0x563591422d00;  alias, 1 drivers
v0x563591400620_0 .net "sel", 0 0, L_0x563591422e30;  1 drivers
L_0x563591422d00 .functor MUXZ 32, L_0x563591422b80, v0x5635913f8640_0, L_0x563591422e30, C4<>;
S_0x563591400750 .scope module, "MUX4" "MUX2" 3 53, 17 1 0, S_0x5635913b0bd0;
 .timescale 0 0;
    .port_info 0 /INPUT 32 "a0";
    .port_info 1 /INPUT 32 "a1";
    .port_info 2 /INPUT 1 "sel";
    .port_info 3 /OUTPUT 32 "b";
v0x563591400930_0 .net "a0", 31 0, v0x5635913fd6d0_0;  alias, 1 drivers
v0x563591400a40_0 .net "a1", 31 0, v0x5635913fd980_0;  alias, 1 drivers
v0x563591400b10_0 .net "b", 31 0, L_0x563591428190;  alias, 1 drivers
v0x563591400c30_0 .net "sel", 0 0, L_0x563591428230;  1 drivers
L_0x563591428190 .functor MUXZ 32, v0x5635913fd6d0_0, v0x5635913fd980_0, L_0x563591428230, C4<>;
S_0x563591400d50 .scope module, "MUX5" "MUX2" 3 24, 17 1 0, S_0x5635913b0bd0;
 .timescale 0 0;
    .port_info 0 /INPUT 32 "a0";
    .port_info 1 /INPUT 32 "a1";
    .port_info 2 /INPUT 1 "sel";
    .port_info 3 /OUTPUT 32 "b";
v0x563591400f30_0 .net "a0", 31 0, L_0x56359141c450;  alias, 1 drivers
v0x563591401060_0 .net "a1", 31 0, v0x563591401e10_0;  alias, 1 drivers
v0x563591401120_0 .net "b", 31 0, L_0x563591418b20;  alias, 1 drivers
v0x5635914011f0_0 .net "sel", 0 0, L_0x563591420210;  alias, 1 drivers
L_0x563591418b20 .functor MUXZ 32, L_0x56359141c450, v0x563591401e10_0, L_0x563591420210, C4<>;
S_0x563591401330 .scope module, "MUX6" "MUX2" 3 25, 17 1 0, S_0x5635913b0bd0;
 .timescale 0 0;
    .port_info 0 /INPUT 32 "a0";
    .port_info 1 /INPUT 32 "a1";
    .port_info 2 /INPUT 1 "sel";
    .port_info 3 /OUTPUT 32 "b";
v0x563591401510_0 .net "a0", 31 0, L_0x563591408580;  alias, 1 drivers
v0x563591401620_0 .net "a1", 31 0, v0x5635913f8bd0_0;  alias, 1 drivers
v0x5635914016f0_0 .net "b", 31 0, L_0x563591418cd0;  alias, 1 drivers
v0x5635914017c0_0 .net "sel", 0 0, L_0x5635914200a0;  alias, 1 drivers
L_0x563591418cd0 .functor MUXZ 32, L_0x563591408580, v0x5635913f8bd0_0, L_0x5635914200a0, C4<>;
S_0x563591401920 .scope module, "PC" "PC" 3 21, 19 1 0, S_0x5635913b0bd0;
 .timescale 0 0;
    .port_info 0 /INPUT 1 "rst_i";
    .port_info 1 /INPUT 1 "clk_i";
    .port_info 2 /INPUT 1 "PCWrite_i";
    .port_info 3 /INPUT 32 "pc_i";
    .port_info 4 /OUTPUT 32 "pc_o";
v0x563591401b80_0 .net "PCWrite_i", 0 0, L_0x56359141cad0;  alias, 1 drivers
v0x563591401c70_0 .net "clk_i", 0 0, v0x5635914081c0_0;  alias, 1 drivers
v0x563591401d10_0 .net "pc_i", 31 0, L_0x563591418cd0;  alias, 1 drivers
v0x563591401e10_0 .var "pc_o", 31 0;
v0x563591401f40_0 .net "rst_i", 0 0, v0x563591408260_0;  alias, 1 drivers
S_0x5635914020f0 .scope module, "Registers" "Registers" 3 32, 20 1 0, S_0x5635913b0bd0;
 .timescale 0 0;
    .port_info 0 /INPUT 1 "rst_i";
    .port_info 1 /INPUT 1 "clk_i";
    .port_info 2 /INPUT 5 "RS1addr_i";
    .port_info 3 /INPUT 5 "RS2addr_i";
    .port_info 4 /INPUT 5 "RDaddr_i";
    .port_info 5 /INPUT 32 "RDdata_i";
    .port_info 6 /INPUT 1 "RegWrite_i";
    .port_info 7 /OUTPUT 32 "RS1data_o";
    .port_info 8 /OUTPUT 32 "RS2data_o";
L_0x56359141d070 .functor AND 1, L_0x56359141cf40, L_0x56359141db80, C4<1>, C4<1>;
L_0x56359141d4f0 .functor AND 1, L_0x56359141d450, L_0x56359141db80, C4<1>, C4<1>;
v0x5635914023b0_0 .net "RDaddr_i", 4 0, L_0x563591428050;  alias, 1 drivers
v0x5635914024e0_0 .net "RDdata_i", 31 0, L_0x563591428190;  alias, 1 drivers
v0x5635914025a0_0 .net "RS1addr_i", 4 0, L_0x56359141da00;  1 drivers
v0x563591402660_0 .net "RS1data_o", 31 0, L_0x56359141d310;  alias, 1 drivers
v0x563591402720_0 .net "RS2addr_i", 4 0, L_0x56359141daa0;  1 drivers
v0x563591402830_0 .net "RS2data_o", 31 0, L_0x56359141d870;  alias, 1 drivers
v0x5635914028f0_0 .net "RegWrite_i", 0 0, L_0x56359141db80;  1 drivers
v0x563591402990_0 .net *"_ivl_0", 0 0, L_0x56359141cf40;  1 drivers
v0x563591402a50_0 .net *"_ivl_12", 0 0, L_0x56359141d450;  1 drivers
v0x563591402ba0_0 .net *"_ivl_15", 0 0, L_0x56359141d4f0;  1 drivers
v0x563591402c60_0 .net *"_ivl_16", 31 0, L_0x56359141d600;  1 drivers
v0x563591402d40_0 .net *"_ivl_18", 6 0, L_0x56359141d6e0;  1 drivers
L_0x7f11134d02e8 .functor BUFT 1, C4<00>, C4<0>, C4<0>, C4<0>;
v0x563591402e20_0 .net *"_ivl_21", 1 0, L_0x7f11134d02e8;  1 drivers
v0x563591402f00_0 .net *"_ivl_3", 0 0, L_0x56359141d070;  1 drivers
v0x563591402fc0_0 .net *"_ivl_4", 31 0, L_0x56359141d0e0;  1 drivers
v0x5635914030a0_0 .net *"_ivl_6", 6 0, L_0x56359141d180;  1 drivers
L_0x7f11134d02a0 .functor BUFT 1, C4<00>, C4<0>, C4<0>, C4<0>;
v0x563591403180_0 .net *"_ivl_9", 1 0, L_0x7f11134d02a0;  1 drivers
v0x563591403370_0 .net "clk_i", 0 0, v0x5635914081c0_0;  alias, 1 drivers
v0x563591403410_0 .var/i "i", 31 0;
v0x5635914034f0 .array/s "register", 31 0, 31 0;
v0x5635914035b0_0 .net "rst_i", 0 0, v0x563591408260_0;  alias, 1 drivers
L_0x56359141cf40 .cmp/eq 5, L_0x56359141da00, L_0x563591428050;
L_0x56359141d0e0 .array/port v0x5635914034f0, L_0x56359141d180;
L_0x56359141d180 .concat [ 5 2 0 0], L_0x56359141da00, L_0x7f11134d02a0;
L_0x56359141d310 .functor MUXZ 32, L_0x56359141d0e0, L_0x563591428190, L_0x56359141d070, C4<>;
L_0x56359141d450 .cmp/eq 5, L_0x56359141daa0, L_0x563591428050;
L_0x56359141d600 .array/port v0x5635914034f0, L_0x56359141d6e0;
L_0x56359141d6e0 .concat [ 5 2 0 0], L_0x56359141daa0, L_0x7f11134d02e8;
L_0x56359141d870 .functor MUXZ 32, L_0x56359141d600, L_0x563591428190, L_0x56359141d4f0, C4<>;
S_0x563591403770 .scope module, "branch_predictor" "Predictor" 3 35, 21 1 0, S_0x5635913b0bd0;
 .timescale 0 0;
    .port_info 0 /INPUT 1 "rst";
    .port_info 1 /INPUT 1 "clk";
    .port_info 2 /INPUT 1 "idbranch";
    .port_info 3 /INPUT 1 "exbranch";
    .port_info 4 /INPUT 1 "alu";
    .port_info 5 /OUTPUT 1 "pred";
    .port_info 6 /OUTPUT 1 "fail";
    .port_info 7 /OUTPUT 1 "flush";
L_0x56359141ec20 .functor XOR 1, L_0x563591427200, L_0x56359141fea0, C4<0>, C4<0>;
L_0x5635914200a0 .functor AND 1, v0x5635913f8060_0, L_0x56359141ec20, C4<1>, C4<1>;
L_0x5635914202b0 .functor OR 1, L_0x5635914200a0, L_0x563591420210, C4<0>, C4<0>;
L_0x7f11134d0648 .functor BUFT 1, C4<11>, C4<0>, C4<0>, C4<0>;
v0x563591403a20_0 .net/2u *"_ivl_0", 1 0, L_0x7f11134d0648;  1 drivers
L_0x7f11134d06d8 .functor BUFT 1, C4<00>, C4<0>, C4<0>, C4<0>;
v0x563591403b20_0 .net/2u *"_ivl_10", 1 0, L_0x7f11134d06d8;  1 drivers
v0x563591403c00_0 .net *"_ivl_12", 0 0, L_0x56359141f8c0;  1 drivers
L_0x7f11134d0720 .functor BUFT 1, C4<01>, C4<0>, C4<0>, C4<0>;
v0x563591403cd0_0 .net/2u *"_ivl_14", 1 0, L_0x7f11134d0720;  1 drivers
v0x563591403db0_0 .net *"_ivl_16", 1 0, L_0x56359141f960;  1 drivers
v0x563591403ee0_0 .net *"_ivl_18", 1 0, L_0x56359141fa50;  1 drivers
v0x563591403fc0_0 .net *"_ivl_2", 0 0, L_0x56359141f550;  1 drivers
v0x563591404080_0 .net *"_ivl_20", 1 0, L_0x56359141fbd0;  1 drivers
v0x563591404160_0 .net *"_ivl_26", 0 0, L_0x56359141ec20;  1 drivers
v0x563591404220_0 .net *"_ivl_30", 0 0, L_0x563591420110;  1 drivers
L_0x7f11134d0768 .functor BUFT 1, C4<0>, C4<0>, C4<0>, C4<0>;
v0x563591404300_0 .net/2u *"_ivl_32", 0 0, L_0x7f11134d0768;  1 drivers
L_0x7f11134d0690 .functor BUFT 1, C4<01>, C4<0>, C4<0>, C4<0>;
v0x5635914043e0_0 .net/2u *"_ivl_4", 1 0, L_0x7f11134d0690;  1 drivers
v0x5635914044c0_0 .net *"_ivl_6", 1 0, L_0x56359141f640;  1 drivers
v0x5635914045a0_0 .net *"_ivl_8", 1 0, L_0x56359141f780;  1 drivers
v0x563591404680_0 .net "alu", 0 0, L_0x563591427200;  alias, 1 drivers
v0x563591404740_0 .net "clk", 0 0, v0x5635914081c0_0;  alias, 1 drivers
v0x5635914047e0_0 .net "exbranch", 0 0, v0x5635913f8060_0;  alias, 1 drivers
v0x563591404990_0 .net "fail", 0 0, L_0x5635914200a0;  alias, 1 drivers
v0x563591404a30_0 .net "flush", 0 0, L_0x5635914202b0;  alias, 1 drivers
v0x563591404ad0_0 .net "idbranch", 0 0, L_0x56359141ec90;  alias, 1 drivers
v0x563591404bc0_0 .net "pred", 0 0, L_0x563591420210;  alias, 1 drivers
v0x563591404cb0_0 .net "predict_o", 0 0, L_0x56359141fea0;  1 drivers
v0x563591404d50_0 .net "rst", 0 0, v0x563591408260_0;  alias, 1 drivers
v0x563591404df0_0 .var "state", 1 0;
v0x563591404eb0_0 .net "statei", 1 0, L_0x56359141fd60;  1 drivers
L_0x56359141f550 .cmp/eq 2, v0x563591404df0_0, L_0x7f11134d0648;
L_0x56359141f640 .arith/sum 2, v0x563591404df0_0, L_0x7f11134d0690;
L_0x56359141f780 .functor MUXZ 2, L_0x56359141f640, v0x563591404df0_0, L_0x56359141f550, C4<>;
L_0x56359141f8c0 .cmp/eq 2, v0x563591404df0_0, L_0x7f11134d06d8;
L_0x56359141f960 .arith/sub 2, v0x563591404df0_0, L_0x7f11134d0720;
L_0x56359141fa50 .functor MUXZ 2, L_0x56359141f960, v0x563591404df0_0, L_0x56359141f8c0, C4<>;
L_0x56359141fbd0 .functor MUXZ 2, L_0x56359141fa50, L_0x56359141f780, L_0x563591427200, C4<>;
L_0x56359141fd60 .functor MUXZ 2, v0x563591404df0_0, L_0x56359141fbd0, v0x5635913f8060_0, C4<>;
L_0x56359141fea0 .part v0x563591404df0_0, 1, 1;
L_0x563591420110 .functor MUXZ 1, L_0x56359141fea0, L_0x563591427200, L_0x5635914200a0, C4<>;
L_0x563591420210 .functor MUXZ 1, L_0x7f11134d0768, L_0x563591420110, L_0x56359141ec90, C4<>;
    .scope S_0x563591401920;
T_0 ;
    %wait E_0x563591301070;
    %load/vec4 v0x563591401f40_0;
    %inv;
    %flag_set/vec4 8;
    %jmp/0xz  T_0.0, 8;
    %pushi/vec4 0, 0, 32;
    %assign/vec4 v0x563591401e10_0, 0;
    %jmp T_0.1;
T_0.0 ;
    %load/vec4 v0x563591401b80_0;
    %flag_set/vec4 8;
    %jmp/0xz  T_0.2, 8;
    %load/vec4 v0x563591401d10_0;
    %assign/vec4 v0x563591401e10_0, 0;
T_0.2 ;
T_0.1 ;
    %jmp T_0;
    .thread T_0;
    .scope S_0x5635913f9680;
T_1 ;
    %wait E_0x563591301070;
    %load/vec4 v0x5635913fa010_0;
    %inv;
    %flag_set/vec4 8;
    %jmp/0xz  T_1.0, 8;
    %pushi/vec4 0, 0, 32;
    %assign/vec4 v0x5635913f9d90_0, 0;
    %pushi/vec4 0, 0, 32;
    %assign/vec4 v0x5635913f9ab0_0, 0;
    %jmp T_1.1;
T_1.0 ;
    %load/vec4 v0x5635913f99f0_0;
    %flag_set/vec4 8;
    %jmp/0xz  T_1.2, 8;
    %pushi/vec4 0, 0, 32;
    %assign/vec4 v0x5635913f9ab0_0, 0;
    %jmp T_1.3;
T_1.2 ;
    %load/vec4 v0x5635913fa0b0_0;
    %inv;
    %flag_set/vec4 8;
    %jmp/0xz  T_1.4, 8;
    %load/vec4 v0x5635913f9ba0_0;
    %assign/vec4 v0x5635913f9ab0_0, 0;
    %load/vec4 v0x5635913f9e50_0;
    %assign/vec4 v0x5635913f9d90_0, 0;
T_1.4 ;
T_1.3 ;
T_1.1 ;
    %jmp T_1;
    .thread T_1;
    .scope S_0x5635914020f0;
T_2 ;
    %wait E_0x563591301070;
    %load/vec4 v0x5635914035b0_0;
    %inv;
    %flag_set/vec4 8;
    %jmp/0xz  T_2.0, 8;
    %pushi/vec4 0, 0, 32;
    %store/vec4 v0x563591403410_0, 0, 32;
T_2.2 ;
    %load/vec4 v0x563591403410_0;
    %cmpi/s 32, 0, 32;
    %jmp/0xz T_2.3, 5;
    %pushi/vec4 0, 0, 32;
    %ix/getv/s 3, v0x563591403410_0;
    %ix/load 4, 0, 0; Constant delay
    %assign/vec4/a/d v0x5635914034f0, 0, 4;
    ; show_stmt_assign_vector: Get l-value for compressed += operand
    %load/vec4 v0x563591403410_0;
    %pushi/vec4 1, 0, 32;
    %add;
    %store/vec4 v0x563591403410_0, 0, 32;
    %jmp T_2.2;
T_2.3 ;
    %jmp T_2.1;
T_2.0 ;
    %load/vec4 v0x5635914028f0_0;
    %load/vec4 v0x5635914023b0_0;
    %pushi/vec4 0, 0, 5;
    %cmp/ne;
    %flag_get/vec4 4;
    %and;
    %flag_set/vec4 8;
    %jmp/0xz  T_2.4, 8;
    %load/vec4 v0x5635914024e0_0;
    %load/vec4 v0x5635914023b0_0;
    %pad/u 7;
    %ix/vec4 3;
    %ix/load 4, 0, 0; Constant delay
    %assign/vec4/a/d v0x5635914034f0, 0, 4;
T_2.4 ;
T_2.1 ;
    %jmp T_2;
    .thread T_2;
    .scope S_0x563591403770;
T_3 ;
    %wait E_0x563591301070;
    %load/vec4 v0x563591404d50_0;
    %inv;
    %flag_set/vec4 8;
    %jmp/0xz  T_3.0, 8;
    %pushi/vec4 3, 0, 2;
    %assign/vec4 v0x563591404df0_0, 0;
    %jmp T_3.1;
T_3.0 ;
    %load/vec4 v0x5635914047e0_0;
    %flag_set/vec4 8;
    %jmp/0xz  T_3.2, 8;
    %load/vec4 v0x563591404eb0_0;
    %assign/vec4 v0x563591404df0_0, 0;
T_3.2 ;
T_3.1 ;
    %jmp T_3;
    .thread T_3;
    .scope S_0x5635913f7bc0;
T_4 ;
    %wait E_0x563591301070;
    %load/vec4 v0x5635913f93b0_0;
    %inv;
    %flag_set/vec4 8;
    %load/vec4 v0x5635913f8580_0;
    %flag_set/vec4 9;
    %flag_or 9, 8;
    %jmp/0xz  T_4.0, 9;
    %pushi/vec4 0, 0, 7;
    %assign/vec4 v0x5635913f8310_0, 0;
    %pushi/vec4 0, 0, 32;
    %assign/vec4 v0x5635913f8e70_0, 0;
    %pushi/vec4 0, 0, 32;
    %assign/vec4 v0x5635913f9110_0, 0;
    %pushi/vec4 0, 0, 32;
    %assign/vec4 v0x5635913f8640_0, 0;
    %pushi/vec4 0, 0, 32;
    %assign/vec4 v0x5635913f8930_0, 0;
    %pushi/vec4 0, 0, 1;
    %assign/vec4 v0x5635913f8060_0, 0;
    %pushi/vec4 0, 0, 32;
    %assign/vec4 v0x5635913f8bd0_0, 0;
    %jmp T_4.1;
T_4.0 ;
    %load/vec4 v0x5635913f8400_0;
    %assign/vec4 v0x5635913f8310_0, 0;
    %load/vec4 v0x5635913f8f50_0;
    %assign/vec4 v0x5635913f8e70_0, 0;
    %load/vec4 v0x5635913f91f0_0;
    %assign/vec4 v0x5635913f9110_0, 0;
    %load/vec4 v0x5635913f87b0_0;
    %assign/vec4 v0x5635913f8640_0, 0;
    %load/vec4 v0x5635913f8a10_0;
    %assign/vec4 v0x5635913f8930_0, 0;
    %load/vec4 v0x5635913f8120_0;
    %assign/vec4 v0x5635913f8060_0, 0;
    %load/vec4 v0x5635913f8cb0_0;
    %assign/vec4 v0x5635913f8bd0_0, 0;
T_4.1 ;
    %jmp T_4;
    .thread T_4;
    .scope S_0x5635913982c0;
T_5 ;
    %wait E_0x563591301070;
    %load/vec4 v0x5635913f4720_0;
    %inv;
    %flag_set/vec4 8;
    %jmp/0xz  T_5.0, 8;
    %pushi/vec4 0, 0, 4;
    %assign/vec4 v0x5635913f3f70_0, 0;
    %pushi/vec4 0, 0, 32;
    %assign/vec4 v0x5635913f3be0_0, 0;
    %pushi/vec4 0, 0, 32;
    %assign/vec4 v0x5635913f44a0_0, 0;
    %pushi/vec4 0, 0, 5;
    %assign/vec4 v0x5635913f4200_0, 0;
    %jmp T_5.1;
T_5.0 ;
    %load/vec4 v0x5635913f4060_0;
    %assign/vec4 v0x5635913f3f70_0, 0;
    %load/vec4 v0x5635913f3ce0_0;
    %assign/vec4 v0x5635913f3be0_0, 0;
    %load/vec4 v0x5635913f4580_0;
    %assign/vec4 v0x5635913f44a0_0, 0;
    %load/vec4 v0x5635913f42e0_0;
    %assign/vec4 v0x5635913f4200_0, 0;
T_5.1 ;
    %jmp T_5;
    .thread T_5;
    .scope S_0x5635913cd450;
T_6 ;
    %wait E_0x5635913dfb40;
    %load/vec4 v0x5635913f3070_0;
    %flag_set/vec4 8;
    %jmp/0xz  T_6.0, 8;
    %load/vec4 v0x5635913f3760_0;
    %load/vec4 v0x5635913f35c0_0;
    %ix/load 4, 2, 0;
    %flag_set/imm 4, 0;
    %shiftr 4;
    %ix/vec4 3;
    %ix/load 4, 0, 0; Constant delay
    %assign/vec4/a/d v0x5635913f3920, 0, 4;
T_6.0 ;
    %jmp T_6;
    .thread T_6;
    .scope S_0x5635913fd3f0;
T_7 ;
    %wait E_0x563591301070;
    %load/vec4 v0x5635913fe260_0;
    %inv;
    %flag_set/vec4 8;
    %jmp/0xz  T_7.0, 8;
    %pushi/vec4 0, 0, 2;
    %assign/vec4 v0x5635913fdcd0_0, 0;
    %pushi/vec4 0, 0, 32;
    %assign/vec4 v0x5635913fd6d0_0, 0;
    %pushi/vec4 0, 0, 32;
    %assign/vec4 v0x5635913fd980_0, 0;
    %pushi/vec4 0, 0, 32;
    %assign/vec4 v0x5635913fe000_0, 0;
    %jmp T_7.1;
T_7.0 ;
    %load/vec4 v0x5635913fddb0_0;
    %parti/s 1, 0, 2;
    %load/vec4 v0x5635913fe0e0_0;
    %pushi/vec4 0, 0, 5;
    %cmp/ne;
    %flag_get/vec4 4;
    %and;
    %ix/load 4, 0, 0;
    %ix/load 5, 0, 0;
    %flag_set/imm 4, 0;
    %assign/vec4/off/d v0x5635913fdcd0_0, 4, 5;
    %load/vec4 v0x5635913fddb0_0;
    %parti/s 1, 1, 2;
    %ix/load 4, 1, 0;
    %ix/load 5, 0, 0;
    %flag_set/imm 4, 0;
    %assign/vec4/off/d v0x5635913fdcd0_0, 4, 5;
    %load/vec4 v0x5635913fd7b0_0;
    %assign/vec4 v0x5635913fd6d0_0, 0;
    %load/vec4 v0x5635913fda60_0;
    %assign/vec4 v0x5635913fd980_0, 0;
    %load/vec4 v0x5635913fe0e0_0;
    %pad/u 32;
    %assign/vec4 v0x5635913fe000_0, 0;
T_7.1 ;
    %jmp T_7;
    .thread T_7;
    .scope S_0x5635913d03b0;
T_8 ;
    %delay 25, 0;
    %load/vec4 v0x5635914081c0_0;
    %inv;
    %store/vec4 v0x5635914081c0_0, 0, 1;
    %jmp T_8;
    .thread T_8;
    .scope S_0x5635913d03b0;
T_9 ;
    %vpi_call 2 19 "$dumpfile", "waveform.vcd" {0 0 0};
    %vpi_call 2 20 "$dumpvars" {0 0 0};
    %pushi/vec4 0, 0, 32;
    %store/vec4 v0x563591408320_0, 0, 32;
    %pushi/vec4 0, 0, 32;
    %store/vec4 v0x5635914083c0_0, 0, 32;
T_9.0 ;
    %load/vec4 v0x5635914083c0_0;
    %cmpi/s 256, 0, 32;
    %jmp/0xz T_9.1, 5;
    %pushi/vec4 0, 0, 32;
    %ix/getv/s 4, v0x5635914083c0_0;
    %store/vec4a v0x5635913fd2f0, 4, 0;
    %load/vec4 v0x5635914083c0_0;
    %addi 1, 0, 32;
    %store/vec4 v0x5635914083c0_0, 0, 32;
    %jmp T_9.0;
T_9.1 ;
    %pushi/vec4 0, 0, 32;
    %store/vec4 v0x5635914083c0_0, 0, 32;
T_9.2 ;
    %load/vec4 v0x5635914083c0_0;
    %cmpi/s 32, 0, 32;
    %jmp/0xz T_9.3, 5;
    %pushi/vec4 0, 0, 32;
    %ix/getv/s 4, v0x5635914083c0_0;
    %store/vec4a v0x5635913f3920, 4, 0;
    %load/vec4 v0x5635914083c0_0;
    %addi 1, 0, 32;
    %store/vec4 v0x5635914083c0_0, 0, 32;
    %jmp T_9.2;
T_9.3 ;
    %vpi_call 2 35 "$readmemb", "instruction.txt", v0x5635913fd2f0 {0 0 0};
    %vpi_func 2 39 "$fopen" 32, "output.txt" {0 0 0};
    %pushi/vec4 1, 0, 32;
    %or;
    %store/vec4 v0x5635914084a0_0, 0, 32;
    %pushi/vec4 0, 0, 1;
    %store/vec4 v0x5635914081c0_0, 0, 1;
    %pushi/vec4 1, 0, 1;
    %store/vec4 v0x563591408260_0, 0, 1;
    %delay 6, 0;
    %pushi/vec4 0, 0, 1;
    %store/vec4 v0x563591408260_0, 0, 1;
    %delay 6, 0;
    %pushi/vec4 1, 0, 1;
    %store/vec4 v0x563591408260_0, 0, 1;
    %pushi/vec4 5, 0, 32;
    %ix/load 4, 0, 0;
    %flag_set/imm 4, 0;
    %store/vec4a v0x5635913f3920, 4, 0;
    %pushi/vec4 6, 0, 32;
    %ix/load 4, 1, 0;
    %flag_set/imm 4, 0;
    %store/vec4a v0x5635913f3920, 4, 0;
    %pushi/vec4 10, 0, 32;
    %ix/load 4, 2, 0;
    %flag_set/imm 4, 0;
    %store/vec4a v0x5635913f3920, 4, 0;
    %pushi/vec4 18, 0, 32;
    %ix/load 4, 3, 0;
    %flag_set/imm 4, 0;
    %store/vec4a v0x5635913f3920, 4, 0;
    %pushi/vec4 29, 0, 32;
    %ix/load 4, 4, 0;
    %flag_set/imm 4, 0;
    %store/vec4a v0x5635913f3920, 4, 0;
    %pushi/vec4 4294967272, 0, 32;
    %ix/load 4, 24, 0;
    %flag_set/imm 4, 0;
    %store/vec4a v0x5635914034f0, 4, 0;
    %pushi/vec4 4294967271, 0, 32;
    %ix/load 4, 25, 0;
    %flag_set/imm 4, 0;
    %store/vec4a v0x5635914034f0, 4, 0;
    %pushi/vec4 4294967270, 0, 32;
    %ix/load 4, 26, 0;
    %flag_set/imm 4, 0;
    %store/vec4a v0x5635914034f0, 4, 0;
    %pushi/vec4 4294967269, 0, 32;
    %ix/load 4, 27, 0;
    %flag_set/imm 4, 0;
    %store/vec4a v0x5635914034f0, 4, 0;
    %pushi/vec4 56, 0, 32;
    %ix/load 4, 28, 0;
    %flag_set/imm 4, 0;
    %store/vec4a v0x5635914034f0, 4, 0;
    %pushi/vec4 58, 0, 32;
    %ix/load 4, 29, 0;
    %flag_set/imm 4, 0;
    %store/vec4a v0x5635914034f0, 4, 0;
    %pushi/vec4 60, 0, 32;
    %ix/load 4, 30, 0;
    %flag_set/imm 4, 0;
    %store/vec4a v0x5635914034f0, 4, 0;
    %pushi/vec4 62, 0, 32;
    %ix/load 4, 31, 0;
    %flag_set/imm 4, 0;
    %store/vec4a v0x5635914034f0, 4, 0;
    %end;
    .thread T_9;
    .scope S_0x5635913d03b0;
T_10 ;
    %wait E_0x5635913dfb40;
    %load/vec4 v0x563591408320_0;
    %cmpi/e 64, 0, 32;
    %jmp/0xz  T_10.0, 4;
    %vpi_call 2 69 "$finish" {0 0 0};
T_10.0 ;
    %vpi_call 2 73 "$fdisplay", v0x5635914084a0_0, "cycle = %6d, PC = %6d, ", v0x563591408320_0, v0x563591401e10_0 {0 0 0};
    %vpi_call 2 74 "$fdisplay", v0x5635914084a0_0, "Predict = %6d, IFID_Flush = %6d", v0x563591404cb0_0, v0x5635913f99f0_0 {0 0 0};
    %load/vec4 v0x5635913f7f80_0;
    %cmpi/e 1, 0, 1;
    %jmp/0xz  T_10.2, 4;
    %vpi_call 2 76 "$fdisplay", v0x5635914084a0_0, "ALU_out = %6d", v0x5635913edf20_0 {0 0 0};
T_10.2 ;
    %vpi_call 2 80 "$fdisplay", v0x5635914084a0_0, "Registers" {0 0 0};
    %vpi_call 2 81 "$fdisplay", v0x5635914084a0_0, "x0 = %6d, x8  = %6d, x16 = %6d, x24 = %6d", &A<v0x5635914034f0, 0>, &A<v0x5635914034f0, 8>, &A<v0x5635914034f0, 16>, &A<v0x5635914034f0, 24> {0 0 0};
    %vpi_call 2 82 "$fdisplay", v0x5635914084a0_0, "x1 = %6d, x9  = %6d, x17 = %6d, x25 = %6d", &A<v0x5635914034f0, 1>, &A<v0x5635914034f0, 9>, &A<v0x5635914034f0, 17>, &A<v0x5635914034f0, 25> {0 0 0};
    %vpi_call 2 83 "$fdisplay", v0x5635914084a0_0, "x2 = %6d, x10 = %6d, x18 = %6d, x26 = %6d", &A<v0x5635914034f0, 2>, &A<v0x5635914034f0, 10>, &A<v0x5635914034f0, 18>, &A<v0x5635914034f0, 26> {0 0 0};
    %vpi_call 2 84 "$fdisplay", v0x5635914084a0_0, "x3 = %6d, x11 = %6d, x19 = %6d, x27 = %6d", &A<v0x5635914034f0, 3>, &A<v0x5635914034f0, 11>, &A<v0x5635914034f0, 19>, &A<v0x5635914034f0, 27> {0 0 0};
    %vpi_call 2 85 "$fdisplay", v0x5635914084a0_0, "x4 = %6d, x12 = %6d, x20 = %6d, x28 = %6d", &A<v0x5635914034f0, 4>, &A<v0x5635914034f0, 12>, &A<v0x5635914034f0, 20>, &A<v0x5635914034f0, 28> {0 0 0};
    %vpi_call 2 86 "$fdisplay", v0x5635914084a0_0, "x5 = %6d, x13 = %6d, x21 = %6d, x29 = %6d", &A<v0x5635914034f0, 5>, &A<v0x5635914034f0, 13>, &A<v0x5635914034f0, 21>, &A<v0x5635914034f0, 29> {0 0 0};
    %vpi_call 2 87 "$fdisplay", v0x5635914084a0_0, "x6 = %6d, x14 = %6d, x22 = %6d, x30 = %6d", &A<v0x5635914034f0, 6>, &A<v0x5635914034f0, 14>, &A<v0x5635914034f0, 22>, &A<v0x5635914034f0, 30> {0 0 0};
    %vpi_call 2 88 "$fdisplay", v0x5635914084a0_0, "x7 = %6d, x15 = %6d, x23 = %6d, x31 = %6d", &A<v0x5635914034f0, 7>, &A<v0x5635914034f0, 15>, &A<v0x5635914034f0, 23>, &A<v0x5635914034f0, 31> {0 0 0};
    %vpi_call 2 92 "$fdisplay", v0x5635914084a0_0, "Data Memory: 0x00 = %6d", &A<v0x5635913f3920, 0> {0 0 0};
    %vpi_call 2 93 "$fdisplay", v0x5635914084a0_0, "Data Memory: 0x04 = %6d", &A<v0x5635913f3920, 1> {0 0 0};
    %vpi_call 2 94 "$fdisplay", v0x5635914084a0_0, "Data Memory: 0x08 = %6d", &A<v0x5635913f3920, 2> {0 0 0};
    %vpi_call 2 95 "$fdisplay", v0x5635914084a0_0, "Data Memory: 0x0C = %6d", &A<v0x5635913f3920, 3> {0 0 0};
    %vpi_call 2 96 "$fdisplay", v0x5635914084a0_0, "Data Memory: 0x10 = %6d", &A<v0x5635913f3920, 4> {0 0 0};
    %vpi_call 2 97 "$fdisplay", v0x5635914084a0_0, "Data Memory: 0x14 = %6d", &A<v0x5635913f3920, 5> {0 0 0};
    %vpi_call 2 98 "$fdisplay", v0x5635914084a0_0, "Data Memory: 0x18 = %6d", &A<v0x5635913f3920, 6> {0 0 0};
    %vpi_call 2 99 "$fdisplay", v0x5635914084a0_0, "Data Memory: 0x1C = %6d", &A<v0x5635913f3920, 7> {0 0 0};
    %vpi_call 2 101 "$fdisplay", v0x5635914084a0_0, "\012" {0 0 0};
    %load/vec4 v0x563591408320_0;
    %addi 1, 0, 32;
    %store/vec4 v0x563591408320_0, 0, 32;
    %jmp T_10;
    .thread T_10;
# The file index is used to find the file name in the following table.
:file_names 22;
    "N/A";
    "<interactive>";
    "testbench.v";
    "CPU.v";
    "ALU.v";
    "ALUControl.v";
    "Add.v";
    "Control.v";
    "Data_Memory.v";
    "EXMEM.v";
    "ForwardingUnit.v";
    "HazardDetectionUnit.v";
    "IDEX.v";
    "IFID.v";
    "ImmGen.v";
    "Instruction_Memory.v";
    "MEMWB.v";
    "MUX2.v";
    "MUX4.v";
    "PC.v";
    "Registers.v";
    "Predictor.v";
