#! /usr/bin/vvp
:ivl_version "11.0 (stable)";
:ivl_delay_selection "TYPICAL";
:vpi_time_precision + 0;
:vpi_module "/usr/lib/x86_64-linux-gnu/ivl/system.vpi";
:vpi_module "/usr/lib/x86_64-linux-gnu/ivl/vhdl_sys.vpi";
:vpi_module "/usr/lib/x86_64-linux-gnu/ivl/vhdl_textio.vpi";
:vpi_module "/usr/lib/x86_64-linux-gnu/ivl/v2005_math.vpi";
:vpi_module "/usr/lib/x86_64-linux-gnu/ivl/va_math.vpi";
S_0x55cc022c0d40 .scope module, "TestBench" "TestBench" 2 3;
 .timescale 0 0;
P_0x55cc02258180 .param/l "num_cycles" 0 2 10, +C4<00000000000000000000000001000000>;
v0x55cc022f77e0_0 .var "Clk", 0 0;
v0x55cc022f7880_0 .var "Reset", 0 0;
v0x55cc022f7940_0 .var/i "counter", 31 0;
v0x55cc022f79e0_0 .var/i "flush", 31 0;
v0x55cc022f7ac0_0 .var/i "i", 31 0;
v0x55cc022f7ba0_0 .var/i "outfile", 31 0;
v0x55cc022f7c80_0 .var/i "stall", 31 0;
S_0x55cc022a2990 .scope module, "CPU" "CPU" 2 14, 3 1 0, S_0x55cc022c0d40;
 .timescale 0 0;
    .port_info 0 /INPUT 1 "clk_i";
    .port_info 1 /INPUT 1 "rst_i";
L_0x55cc0230e1a0 .functor AND 1, L_0x55cc0230eae0, L_0x55cc0230e210, C4<1>, C4<1>;
v0x55cc022f4d70_0 .net "Branch_o", 0 0, L_0x55cc0230e210;  1 drivers
v0x55cc022f4e60_0 .net "ID_FlushIF", 0 0, L_0x55cc0230e1a0;  1 drivers
v0x55cc022f4f00_0 .net *"_ivl_18", 0 0, L_0x55cc0230eae0;  1 drivers
v0x55cc022f4fa0_0 .net *"_ivl_33", 6 0, L_0x55cc02313110;  1 drivers
v0x55cc022f5060_0 .net *"_ivl_35", 2 0, L_0x55cc02313670;  1 drivers
v0x55cc022f5190_0 .net "alu0", 31 0, L_0x55cc023151f0;  1 drivers
v0x55cc022f52a0_0 .net "alu1", 31 0, v0x55cc022e65d0_0;  1 drivers
v0x55cc022f5360_0 .net "alu2", 31 0, L_0x55cc02315c50;  1 drivers
v0x55cc022f5470_0 .net "alu3", 31 0, v0x55cc022efba0_0;  1 drivers
v0x55cc022f5530_0 .net "alu4", 31 0, v0x55cc022ef8f0_0;  1 drivers
v0x55cc022f5640_0 .net "aluop3", 2 0, L_0x55cc02313430;  1 drivers
v0x55cc022f5750_0 .net "clk_i", 0 0, v0x55cc022f77e0_0;  1 drivers
v0x55cc022f57f0_0 .net "ctrl0", 6 0, L_0x55cc0230e680;  1 drivers
v0x55cc022f5900_0 .net "ctrl1", 6 0, v0x55cc022ea8e0_0;  1 drivers
v0x55cc022f59c0_0 .net "ctrl2", 3 0, v0x55cc022e6960_0;  1 drivers
v0x55cc022f5a60_0 .net "ctrl3", 1 0, v0x55cc022efef0_0;  1 drivers
v0x55cc022f5b00_0 .net "fa", 1 0, L_0x55cc0230f6b0;  1 drivers
v0x55cc022f5d00_0 .net "fb", 1 0, L_0x55cc023103c0;  1 drivers
v0x55cc022f5e10_0 .net "imm0", 31 0, L_0x55cc0230b850;  1 drivers
v0x55cc022f5ed0_0 .net "imm1", 31 0, v0x55cc022eab50_0;  1 drivers
v0x55cc022f5fe0_0 .net "inst0", 31 0, L_0x55cc0223b500;  1 drivers
v0x55cc022f60f0_0 .net "inst1", 31 0, v0x55cc022ebcd0_0;  1 drivers
v0x55cc022f61b0_0 .net "inst2", 31 0, v0x55cc022eae00_0;  1 drivers
v0x55cc022f6270_0 .net "memrd", 4 0, v0x55cc022e6bf0_0;  1 drivers
v0x55cc022f6310_0 .net "noop", 0 0, L_0x55cc0230bf50;  1 drivers
v0x55cc022f6400_0 .net "pc0", 31 0, v0x55cc022f3450_0;  1 drivers
v0x55cc022f64c0_0 .net "pc1", 31 0, L_0x55cc022f8180;  1 drivers
v0x55cc022f6580_0 .net "pc2", 31 0, v0x55cc022ebfb0_0;  1 drivers
v0x55cc022f6690_0 .net "pc3", 31 0, L_0x55cc0230b990;  1 drivers
v0x55cc022f67a0_0 .net "pc4", 31 0, L_0x55cc022f7d60;  1 drivers
v0x55cc022f68b0_0 .net "pcwrite", 0 0, L_0x55cc0230c050;  1 drivers
v0x55cc022f69a0_0 .net "r10", 31 0, L_0x55cc0230c890;  1 drivers
v0x55cc022f6ab0_0 .net "r11", 31 0, v0x55cc022eb130_0;  1 drivers
v0x55cc022f6dd0_0 .net "r12", 31 0, L_0x55cc02310de0;  1 drivers
v0x55cc022f6ee0_0 .net "r20", 31 0, L_0x55cc0230cdf0;  1 drivers
v0x55cc022f6ff0_0 .net "r21", 31 0, v0x55cc022eb3d0_0;  1 drivers
v0x55cc022f7100_0 .net "r22", 31 0, L_0x55cc02311270;  1 drivers
v0x55cc022f71c0_0 .net "r23", 31 0, L_0x55cc023113f0;  1 drivers
v0x55cc022f72d0_0 .net "r24", 31 0, L_0x55cc02315530;  1 drivers
v0x55cc022f73e0_0 .net "rst_i", 0 0, v0x55cc022f7880_0;  1 drivers
v0x55cc022f7480_0 .net "stall", 0 0, L_0x55cc0230be40;  1 drivers
v0x55cc022f7570_0 .net "wbrd", 4 0, L_0x55cc02316130;  1 drivers
v0x55cc022f7630_0 .net "wbwd", 31 0, L_0x55cc02316270;  1 drivers
L_0x55cc0230c0c0 .part v0x55cc022ebcd0_0, 15, 5;
L_0x55cc0230c160 .part v0x55cc022ebcd0_0, 20, 5;
L_0x55cc0230c250 .part v0x55cc022eae00_0, 7, 5;
L_0x55cc0230c380 .part v0x55cc022ea8e0_0, 2, 1;
L_0x55cc0230cf80 .part v0x55cc022ebcd0_0, 15, 5;
L_0x55cc0230d020 .part v0x55cc022ebcd0_0, 20, 5;
L_0x55cc0230d100 .part v0x55cc022efef0_0, 0, 1;
L_0x55cc0230e9f0 .part v0x55cc022ebcd0_0, 0, 7;
L_0x55cc0230eae0 .cmp/eq 32, L_0x55cc0230c890, L_0x55cc0230cdf0;
L_0x55cc023105c0 .part v0x55cc022eae00_0, 15, 5;
L_0x55cc023106c0 .part v0x55cc022eae00_0, 20, 5;
L_0x55cc02310760 .part v0x55cc022efef0_0, 0, 1;
L_0x55cc02310870 .part v0x55cc022e6960_0, 0, 1;
L_0x55cc02311520 .part v0x55cc022ea8e0_0, 6, 1;
L_0x55cc02313110 .part v0x55cc022eae00_0, 25, 7;
L_0x55cc02313670 .part v0x55cc022eae00_0, 12, 3;
L_0x55cc023137a0 .concat [ 3 7 0 0], L_0x55cc02313670, L_0x55cc02313110;
L_0x55cc023139f0 .part v0x55cc022ea8e0_0, 4, 2;
L_0x55cc02315720 .part v0x55cc022ea8e0_0, 0, 4;
L_0x55cc023157c0 .part v0x55cc022eae00_0, 7, 5;
L_0x55cc02315d90 .part v0x55cc022e6960_0, 2, 1;
L_0x55cc02315e80 .part v0x55cc022e6960_0, 3, 1;
L_0x55cc023161d0 .part v0x55cc022e6960_0, 0, 2;
L_0x55cc02316310 .part v0x55cc022efef0_0, 1, 1;
S_0x55cc022999a0 .scope module, "ALU" "ALU" 3 40, 4 1 0, S_0x55cc022a2990;
 .timescale 0 0;
    .port_info 0 /INPUT 32 "a";
    .port_info 1 /INPUT 32 "b";
    .port_info 2 /INPUT 3 "op";
    .port_info 3 /OUTPUT 32 "c";
L_0x55cc02312700 .functor AND 32, L_0x55cc02310de0, L_0x55cc023113f0, C4<11111111111111111111111111111111>, C4<11111111111111111111111111111111>;
L_0x55cc02313c70 .functor XOR 32, L_0x55cc02310de0, L_0x55cc023113f0, C4<00000000000000000000000000000000>, C4<00000000000000000000000000000000>;
L_0x7f415e186f90 .functor BUFT 1, C4<000>, C4<0>, C4<0>, C4<0>;
v0x55cc0227a110_0 .net/2u *"_ivl_0", 2 0, L_0x7f415e186f90;  1 drivers
v0x55cc022bf4f0_0 .net *"_ivl_10", 31 0, L_0x55cc02313c70;  1 drivers
L_0x7f415e187020 .functor BUFT 1, C4<010>, C4<0>, C4<0>, C4<0>;
v0x55cc022bf5f0_0 .net/2u *"_ivl_12", 2 0, L_0x7f415e187020;  1 drivers
v0x55cc0227d270_0 .net *"_ivl_14", 0 0, L_0x55cc02313ce0;  1 drivers
v0x55cc0227d370_0 .net *"_ivl_16", 31 0, L_0x55cc02313d80;  1 drivers
L_0x7f415e187068 .functor BUFT 1, C4<011>, C4<0>, C4<0>, C4<0>;
v0x55cc02296c40_0 .net/2u *"_ivl_18", 2 0, L_0x7f415e187068;  1 drivers
v0x55cc02297f30_0 .net *"_ivl_2", 0 0, L_0x55cc02313b30;  1 drivers
v0x55cc022df910_0 .net *"_ivl_20", 0 0, L_0x55cc02313e20;  1 drivers
v0x55cc022df9d0_0 .net/s *"_ivl_22", 31 0, L_0x55cc02313f10;  1 drivers
L_0x7f415e1870b0 .functor BUFT 1, C4<100>, C4<0>, C4<0>, C4<0>;
v0x55cc022dfab0_0 .net/2u *"_ivl_24", 2 0, L_0x7f415e1870b0;  1 drivers
v0x55cc022dfb90_0 .net *"_ivl_26", 0 0, L_0x55cc02314060;  1 drivers
v0x55cc022dfc50_0 .net/s *"_ivl_28", 31 0, L_0x55cc02314260;  1 drivers
L_0x7f415e1870f8 .functor BUFT 1, C4<101>, C4<0>, C4<0>, C4<0>;
v0x55cc022dfd30_0 .net/2u *"_ivl_30", 2 0, L_0x7f415e1870f8;  1 drivers
v0x55cc022dfe10_0 .net *"_ivl_32", 0 0, L_0x55cc02314570;  1 drivers
v0x55cc022dfed0_0 .net/s *"_ivl_35", 31 0, L_0x55cc02314660;  1 drivers
v0x55cc022dffb0_0 .net *"_ivl_37", 4 0, L_0x55cc02314760;  1 drivers
v0x55cc022e0090_0 .net *"_ivl_38", 31 0, L_0x55cc02314800;  1 drivers
v0x55cc022e0170_0 .net *"_ivl_4", 31 0, L_0x55cc02312700;  1 drivers
v0x55cc022e0250_0 .net *"_ivl_40", 31 0, L_0x55cc02314910;  1 drivers
v0x55cc022e0330_0 .net *"_ivl_42", 31 0, L_0x55cc02314aa0;  1 drivers
v0x55cc022e0410_0 .net *"_ivl_44", 31 0, L_0x55cc02314cb0;  1 drivers
v0x55cc022e04f0_0 .net *"_ivl_46", 31 0, L_0x55cc02314e40;  1 drivers
v0x55cc022e05d0_0 .net *"_ivl_48", 31 0, L_0x55cc02315060;  1 drivers
L_0x7f415e186fd8 .functor BUFT 1, C4<001>, C4<0>, C4<0>, C4<0>;
v0x55cc022e06b0_0 .net/2u *"_ivl_6", 2 0, L_0x7f415e186fd8;  1 drivers
v0x55cc022e0790_0 .net *"_ivl_8", 0 0, L_0x55cc02313bd0;  1 drivers
v0x55cc022e0850_0 .net/s "a", 31 0, L_0x55cc02310de0;  alias, 1 drivers
v0x55cc022e0930_0 .net/s "b", 31 0, L_0x55cc023113f0;  alias, 1 drivers
v0x55cc022e0a10_0 .net "c", 31 0, L_0x55cc023151f0;  alias, 1 drivers
v0x55cc022e0af0_0 .net "op", 2 0, L_0x55cc02313430;  alias, 1 drivers
L_0x55cc02313b30 .cmp/eq 3, L_0x55cc02313430, L_0x7f415e186f90;
L_0x55cc02313bd0 .cmp/eq 3, L_0x55cc02313430, L_0x7f415e186fd8;
L_0x55cc02313ce0 .cmp/eq 3, L_0x55cc02313430, L_0x7f415e187020;
L_0x55cc02313d80 .shift/l 32, L_0x55cc02310de0, L_0x55cc023113f0;
L_0x55cc02313e20 .cmp/eq 3, L_0x55cc02313430, L_0x7f415e187068;
L_0x55cc02313f10 .arith/sum 32, L_0x55cc02310de0, L_0x55cc023113f0;
L_0x55cc02314060 .cmp/eq 3, L_0x55cc02313430, L_0x7f415e1870b0;
L_0x55cc02314260 .arith/sub 32, L_0x55cc02310de0, L_0x55cc023113f0;
L_0x55cc02314570 .cmp/eq 3, L_0x55cc02313430, L_0x7f415e1870f8;
L_0x55cc02314660 .arith/mult 32, L_0x55cc02310de0, L_0x55cc023113f0;
L_0x55cc02314760 .part L_0x55cc023113f0, 0, 5;
L_0x55cc02314800 .shift/rs 32, L_0x55cc02310de0, L_0x55cc02314760;
L_0x55cc02314910 .functor MUXZ 32, L_0x55cc02314800, L_0x55cc02314660, L_0x55cc02314570, C4<>;
L_0x55cc02314aa0 .functor MUXZ 32, L_0x55cc02314910, L_0x55cc02314260, L_0x55cc02314060, C4<>;
L_0x55cc02314cb0 .functor MUXZ 32, L_0x55cc02314aa0, L_0x55cc02313f10, L_0x55cc02313e20, C4<>;
L_0x55cc02314e40 .functor MUXZ 32, L_0x55cc02314cb0, L_0x55cc02313d80, L_0x55cc02313ce0, C4<>;
L_0x55cc02315060 .functor MUXZ 32, L_0x55cc02314e40, L_0x55cc02313c70, L_0x55cc02313bd0, C4<>;
L_0x55cc023151f0 .functor MUXZ 32, L_0x55cc02315060, L_0x55cc02312700, L_0x55cc02313b30, C4<>;
S_0x55cc02299d80 .scope module, "ALUControl" "ALUControl" 3 39, 5 1 0, S_0x55cc022a2990;
 .timescale 0 0;
    .port_info 0 /INPUT 10 "inst";
    .port_info 1 /INPUT 2 "aluop";
    .port_info 2 /OUTPUT 3 "aluop3";
L_0x55cc02310800 .functor AND 1, L_0x55cc023116d0, L_0x55cc02311810, C4<1>, C4<1>;
L_0x55cc02311d50 .functor AND 1, L_0x55cc023119a0, L_0x55cc02311bd0, C4<1>, C4<1>;
L_0x55cc02312090 .functor OR 1, L_0x55cc02311e60, L_0x55cc02311f50, C4<0>, C4<0>;
L_0x55cc02312460 .functor OR 1, L_0x55cc023121a0, L_0x55cc023122d0, C4<0>, C4<0>;
L_0x7f415e186a38 .functor BUFT 1, C4<11>, C4<0>, C4<0>, C4<0>;
v0x55cc022e0cc0_0 .net/2u *"_ivl_0", 1 0, L_0x7f415e186a38;  1 drivers
v0x55cc022e0dc0_0 .net *"_ivl_11", 0 0, L_0x55cc02310800;  1 drivers
L_0x7f415e186ac8 .functor BUFT 1, C4<011>, C4<0>, C4<0>, C4<0>;
v0x55cc022e0e80_0 .net/2u *"_ivl_12", 2 0, L_0x7f415e186ac8;  1 drivers
L_0x7f415e186b10 .functor BUFT 1, C4<11>, C4<0>, C4<0>, C4<0>;
v0x55cc022e0f40_0 .net/2u *"_ivl_14", 1 0, L_0x7f415e186b10;  1 drivers
v0x55cc022e1020_0 .net *"_ivl_16", 0 0, L_0x55cc023119a0;  1 drivers
v0x55cc022e1130_0 .net *"_ivl_19", 2 0, L_0x55cc02311ae0;  1 drivers
v0x55cc022e1210_0 .net *"_ivl_2", 0 0, L_0x55cc023116d0;  1 drivers
L_0x7f415e186b58 .functor BUFT 1, C4<101>, C4<0>, C4<0>, C4<0>;
v0x55cc022e12d0_0 .net/2u *"_ivl_20", 2 0, L_0x7f415e186b58;  1 drivers
v0x55cc022e13b0_0 .net *"_ivl_22", 0 0, L_0x55cc02311bd0;  1 drivers
v0x55cc022e1470_0 .net *"_ivl_25", 0 0, L_0x55cc02311d50;  1 drivers
L_0x7f415e186ba0 .functor BUFT 1, C4<110>, C4<0>, C4<0>, C4<0>;
v0x55cc022e1530_0 .net/2u *"_ivl_26", 2 0, L_0x7f415e186ba0;  1 drivers
L_0x7f415e186be8 .functor BUFT 1, C4<00>, C4<0>, C4<0>, C4<0>;
v0x55cc022e1610_0 .net/2u *"_ivl_28", 1 0, L_0x7f415e186be8;  1 drivers
v0x55cc022e16f0_0 .net *"_ivl_30", 0 0, L_0x55cc02311e60;  1 drivers
L_0x7f415e186c30 .functor BUFT 1, C4<0000000000>, C4<0>, C4<0>, C4<0>;
v0x55cc022e17b0_0 .net/2u *"_ivl_32", 9 0, L_0x7f415e186c30;  1 drivers
v0x55cc022e1890_0 .net *"_ivl_34", 0 0, L_0x55cc02311f50;  1 drivers
v0x55cc022e1950_0 .net *"_ivl_37", 0 0, L_0x55cc02312090;  1 drivers
L_0x7f415e186c78 .functor BUFT 1, C4<011>, C4<0>, C4<0>, C4<0>;
v0x55cc022e1a10_0 .net/2u *"_ivl_38", 2 0, L_0x7f415e186c78;  1 drivers
L_0x7f415e186cc0 .functor BUFT 1, C4<01>, C4<0>, C4<0>, C4<0>;
v0x55cc022e1af0_0 .net/2u *"_ivl_40", 1 0, L_0x7f415e186cc0;  1 drivers
v0x55cc022e1bd0_0 .net *"_ivl_42", 0 0, L_0x55cc023121a0;  1 drivers
L_0x7f415e186d08 .functor BUFT 1, C4<0100000000>, C4<0>, C4<0>, C4<0>;
v0x55cc022e1c90_0 .net/2u *"_ivl_44", 9 0, L_0x7f415e186d08;  1 drivers
v0x55cc022e1d70_0 .net *"_ivl_46", 0 0, L_0x55cc023122d0;  1 drivers
v0x55cc022e1e30_0 .net *"_ivl_49", 0 0, L_0x55cc02312460;  1 drivers
v0x55cc022e1ef0_0 .net *"_ivl_5", 2 0, L_0x55cc02311770;  1 drivers
L_0x7f415e186d50 .functor BUFT 1, C4<100>, C4<0>, C4<0>, C4<0>;
v0x55cc022e1fd0_0 .net/2u *"_ivl_50", 2 0, L_0x7f415e186d50;  1 drivers
L_0x7f415e186d98 .functor BUFT 1, C4<0000000111>, C4<0>, C4<0>, C4<0>;
v0x55cc022e20b0_0 .net/2u *"_ivl_52", 9 0, L_0x7f415e186d98;  1 drivers
v0x55cc022e2190_0 .net *"_ivl_54", 0 0, L_0x55cc02312520;  1 drivers
L_0x7f415e186de0 .functor BUFT 1, C4<000>, C4<0>, C4<0>, C4<0>;
v0x55cc022e2250_0 .net/2u *"_ivl_56", 2 0, L_0x7f415e186de0;  1 drivers
L_0x7f415e186e28 .functor BUFT 1, C4<0000000100>, C4<0>, C4<0>, C4<0>;
v0x55cc022e2330_0 .net/2u *"_ivl_58", 9 0, L_0x7f415e186e28;  1 drivers
L_0x7f415e186a80 .functor BUFT 1, C4<000>, C4<0>, C4<0>, C4<0>;
v0x55cc022e2410_0 .net/2u *"_ivl_6", 2 0, L_0x7f415e186a80;  1 drivers
v0x55cc022e24f0_0 .net *"_ivl_60", 0 0, L_0x55cc02312610;  1 drivers
L_0x7f415e186e70 .functor BUFT 1, C4<001>, C4<0>, C4<0>, C4<0>;
v0x55cc022e25b0_0 .net/2u *"_ivl_62", 2 0, L_0x7f415e186e70;  1 drivers
L_0x7f415e186eb8 .functor BUFT 1, C4<0000000001>, C4<0>, C4<0>, C4<0>;
v0x55cc022e2690_0 .net/2u *"_ivl_64", 9 0, L_0x7f415e186eb8;  1 drivers
v0x55cc022e2770_0 .net *"_ivl_66", 0 0, L_0x55cc023127a0;  1 drivers
L_0x7f415e186f00 .functor BUFT 1, C4<010>, C4<0>, C4<0>, C4<0>;
v0x55cc022e2a40_0 .net/2u *"_ivl_68", 2 0, L_0x7f415e186f00;  1 drivers
L_0x7f415e186f48 .functor BUFT 1, C4<101>, C4<0>, C4<0>, C4<0>;
v0x55cc022e2b20_0 .net/2u *"_ivl_70", 2 0, L_0x7f415e186f48;  1 drivers
v0x55cc022e2c00_0 .net *"_ivl_72", 2 0, L_0x55cc023128f0;  1 drivers
v0x55cc022e2ce0_0 .net *"_ivl_74", 2 0, L_0x55cc02312b30;  1 drivers
v0x55cc022e2dc0_0 .net *"_ivl_76", 2 0, L_0x55cc02312cc0;  1 drivers
v0x55cc022e2ea0_0 .net *"_ivl_78", 2 0, L_0x55cc02312ee0;  1 drivers
v0x55cc022e2f80_0 .net *"_ivl_8", 0 0, L_0x55cc02311810;  1 drivers
v0x55cc022e3040_0 .net *"_ivl_80", 2 0, L_0x55cc02313070;  1 drivers
v0x55cc022e3120_0 .net *"_ivl_82", 2 0, L_0x55cc023132a0;  1 drivers
v0x55cc022e3200_0 .net "aluop", 1 0, L_0x55cc023139f0;  1 drivers
v0x55cc022e32e0_0 .net "aluop3", 2 0, L_0x55cc02313430;  alias, 1 drivers
v0x55cc022e33a0_0 .net "inst", 9 0, L_0x55cc023137a0;  1 drivers
L_0x55cc023116d0 .cmp/eq 2, L_0x55cc023139f0, L_0x7f415e186a38;
L_0x55cc02311770 .part L_0x55cc023137a0, 0, 3;
L_0x55cc02311810 .cmp/eq 3, L_0x55cc02311770, L_0x7f415e186a80;
L_0x55cc023119a0 .cmp/eq 2, L_0x55cc023139f0, L_0x7f415e186b10;
L_0x55cc02311ae0 .part L_0x55cc023137a0, 0, 3;
L_0x55cc02311bd0 .cmp/eq 3, L_0x55cc02311ae0, L_0x7f415e186b58;
L_0x55cc02311e60 .cmp/eq 2, L_0x55cc023139f0, L_0x7f415e186be8;
L_0x55cc02311f50 .cmp/eq 10, L_0x55cc023137a0, L_0x7f415e186c30;
L_0x55cc023121a0 .cmp/eq 2, L_0x55cc023139f0, L_0x7f415e186cc0;
L_0x55cc023122d0 .cmp/eq 10, L_0x55cc023137a0, L_0x7f415e186d08;
L_0x55cc02312520 .cmp/eq 10, L_0x55cc023137a0, L_0x7f415e186d98;
L_0x55cc02312610 .cmp/eq 10, L_0x55cc023137a0, L_0x7f415e186e28;
L_0x55cc023127a0 .cmp/eq 10, L_0x55cc023137a0, L_0x7f415e186eb8;
L_0x55cc023128f0 .functor MUXZ 3, L_0x7f415e186f48, L_0x7f415e186f00, L_0x55cc023127a0, C4<>;
L_0x55cc02312b30 .functor MUXZ 3, L_0x55cc023128f0, L_0x7f415e186e70, L_0x55cc02312610, C4<>;
L_0x55cc02312cc0 .functor MUXZ 3, L_0x55cc02312b30, L_0x7f415e186de0, L_0x55cc02312520, C4<>;
L_0x55cc02312ee0 .functor MUXZ 3, L_0x55cc02312cc0, L_0x7f415e186d50, L_0x55cc02312460, C4<>;
L_0x55cc02313070 .functor MUXZ 3, L_0x55cc02312ee0, L_0x7f415e186c78, L_0x55cc02312090, C4<>;
L_0x55cc023132a0 .functor MUXZ 3, L_0x55cc02313070, L_0x7f415e186ba0, L_0x55cc02311d50, C4<>;
L_0x55cc02313430 .functor MUXZ 3, L_0x55cc023132a0, L_0x7f415e186ac8, L_0x55cc02310800, C4<>;
S_0x55cc0227c510 .scope module, "Add0" "Add" 3 22, 6 1 0, S_0x55cc022a2990;
 .timescale 0 0;
    .port_info 0 /INPUT 32 "a";
    .port_info 1 /INPUT 32 "b";
    .port_info 2 /OUTPUT 32 "c";
v0x55cc022e3530_0 .net/s "a", 31 0, v0x55cc022f3450_0;  alias, 1 drivers
L_0x7f415e186060 .functor BUFT 1, C4<00000000000000000000000000000100>, C4<0>, C4<0>, C4<0>;
v0x55cc022e3610_0 .net/s "b", 31 0, L_0x7f415e186060;  1 drivers
v0x55cc022e36f0_0 .net/s "c", 31 0, L_0x55cc022f8180;  alias, 1 drivers
L_0x55cc022f8180 .arith/sum 32, v0x55cc022f3450_0, L_0x7f415e186060;
S_0x55cc022bdda0 .scope module, "Add1" "Add" 3 27, 6 1 0, S_0x55cc022a2990;
 .timescale 0 0;
    .port_info 0 /INPUT 32 "a";
    .port_info 1 /INPUT 32 "b";
    .port_info 2 /OUTPUT 32 "c";
v0x55cc022e38d0_0 .net/s "a", 31 0, L_0x55cc0230b850;  alias, 1 drivers
v0x55cc022e39d0_0 .net/s "b", 31 0, v0x55cc022ebfb0_0;  alias, 1 drivers
v0x55cc022e3ab0_0 .net/s "c", 31 0, L_0x55cc0230b990;  alias, 1 drivers
L_0x55cc0230b990 .arith/sum 32, L_0x55cc0230b850, v0x55cc022ebfb0_0;
S_0x55cc022be180 .scope module, "Control" "Control" 3 30, 7 1 0, S_0x55cc022a2990;
 .timescale 0 0;
    .port_info 0 /INPUT 7 "inst";
    .port_info 1 /INPUT 1 "noop";
    .port_info 2 /OUTPUT 7 "ctrl";
    .port_info 3 /OUTPUT 1 "Branch_o";
L_0x55cc0230d2e0 .functor OR 1, L_0x55cc0230d1f0, L_0x55cc0230bf50, C4<0>, C4<0>;
v0x55cc022e3cc0_0 .net "Branch_o", 0 0, L_0x55cc0230e210;  alias, 1 drivers
L_0x7f415e186330 .functor BUFT 1, C4<0000000>, C4<0>, C4<0>, C4<0>;
v0x55cc022e3d80_0 .net/2u *"_ivl_0", 6 0, L_0x7f415e186330;  1 drivers
v0x55cc022e3e60_0 .net *"_ivl_10", 0 0, L_0x55cc0230d430;  1 drivers
L_0x7f415e186408 .functor BUFT 1, C4<10000010>, C4<0>, C4<0>, C4<0>;
v0x55cc022e3f30_0 .net/2u *"_ivl_12", 7 0, L_0x7f415e186408;  1 drivers
L_0x7f415e186450 .functor BUFT 1, C4<0010011>, C4<0>, C4<0>, C4<0>;
v0x55cc022e4010_0 .net/2u *"_ivl_14", 6 0, L_0x7f415e186450;  1 drivers
v0x55cc022e4140_0 .net *"_ivl_16", 0 0, L_0x55cc0230d520;  1 drivers
L_0x7f415e186498 .functor BUFT 1, C4<11100010>, C4<0>, C4<0>, C4<0>;
v0x55cc022e4200_0 .net/2u *"_ivl_18", 7 0, L_0x7f415e186498;  1 drivers
v0x55cc022e42e0_0 .net *"_ivl_2", 0 0, L_0x55cc0230d1f0;  1 drivers
L_0x7f415e1864e0 .functor BUFT 1, C4<0000011>, C4<0>, C4<0>, C4<0>;
v0x55cc022e43a0_0 .net/2u *"_ivl_20", 6 0, L_0x7f415e1864e0;  1 drivers
v0x55cc022e4480_0 .net *"_ivl_22", 0 0, L_0x55cc0230d610;  1 drivers
L_0x7f415e186528 .functor BUFT 1, C4<00101011>, C4<0>, C4<0>, C4<0>;
v0x55cc022e4540_0 .net/2u *"_ivl_24", 7 0, L_0x7f415e186528;  1 drivers
L_0x7f415e186570 .functor BUFT 1, C4<0100011>, C4<0>, C4<0>, C4<0>;
v0x55cc022e4620_0 .net/2u *"_ivl_26", 6 0, L_0x7f415e186570;  1 drivers
v0x55cc022e4700_0 .net *"_ivl_28", 0 0, L_0x55cc0230d6b0;  1 drivers
L_0x7f415e1865b8 .functor BUFT 1, C4<00100100>, C4<0>, C4<0>, C4<0>;
v0x55cc022e47c0_0 .net/2u *"_ivl_30", 7 0, L_0x7f415e1865b8;  1 drivers
L_0x7f415e186600 .functor BUFT 1, C4<01010000>, C4<0>, C4<0>, C4<0>;
v0x55cc022e48a0_0 .net/2u *"_ivl_32", 7 0, L_0x7f415e186600;  1 drivers
v0x55cc022e4980_0 .net *"_ivl_34", 7 0, L_0x55cc0230d7a0;  1 drivers
v0x55cc022e4a60_0 .net *"_ivl_36", 7 0, L_0x55cc0230d970;  1 drivers
v0x55cc022e4b40_0 .net *"_ivl_38", 7 0, L_0x55cc0230db00;  1 drivers
v0x55cc022e4c20_0 .net *"_ivl_40", 7 0, L_0x55cc0230dce0;  1 drivers
v0x55cc022e4d00_0 .net *"_ivl_47", 1 0, L_0x55cc0230e010;  1 drivers
v0x55cc022e4de0_0 .net *"_ivl_5", 0 0, L_0x55cc0230d2e0;  1 drivers
v0x55cc022e4ea0_0 .net *"_ivl_51", 0 0, L_0x55cc0230e100;  1 drivers
v0x55cc022e4f80_0 .net *"_ivl_57", 0 0, L_0x55cc0230e390;  1 drivers
L_0x7f415e186378 .functor BUFT 1, C4<00000000>, C4<0>, C4<0>, C4<0>;
v0x55cc022e5060_0 .net/2u *"_ivl_6", 7 0, L_0x7f415e186378;  1 drivers
v0x55cc022e5140_0 .net *"_ivl_61", 0 0, L_0x55cc0230e4b0;  1 drivers
v0x55cc022e5220_0 .net *"_ivl_65", 0 0, L_0x55cc0230e550;  1 drivers
v0x55cc022e5300_0 .net *"_ivl_70", 0 0, L_0x55cc0230e860;  1 drivers
L_0x7f415e1863c0 .functor BUFT 1, C4<0110011>, C4<0>, C4<0>, C4<0>;
v0x55cc022e53e0_0 .net/2u *"_ivl_8", 6 0, L_0x7f415e1863c0;  1 drivers
v0x55cc022e54c0_0 .net "ctrl", 6 0, L_0x55cc0230e680;  alias, 1 drivers
v0x55cc022e55a0_0 .net "inst", 6 0, L_0x55cc0230e9f0;  1 drivers
v0x55cc022e5680_0 .net "noop", 0 0, L_0x55cc0230bf50;  alias, 1 drivers
v0x55cc022e5740_0 .net "out", 7 0, L_0x55cc0230de70;  1 drivers
L_0x55cc0230d1f0 .cmp/eq 7, L_0x55cc0230e9f0, L_0x7f415e186330;
L_0x55cc0230d430 .cmp/eq 7, L_0x55cc0230e9f0, L_0x7f415e1863c0;
L_0x55cc0230d520 .cmp/eq 7, L_0x55cc0230e9f0, L_0x7f415e186450;
L_0x55cc0230d610 .cmp/eq 7, L_0x55cc0230e9f0, L_0x7f415e1864e0;
L_0x55cc0230d6b0 .cmp/eq 7, L_0x55cc0230e9f0, L_0x7f415e186570;
L_0x55cc0230d7a0 .functor MUXZ 8, L_0x7f415e186600, L_0x7f415e1865b8, L_0x55cc0230d6b0, C4<>;
L_0x55cc0230d970 .functor MUXZ 8, L_0x55cc0230d7a0, L_0x7f415e186528, L_0x55cc0230d610, C4<>;
L_0x55cc0230db00 .functor MUXZ 8, L_0x55cc0230d970, L_0x7f415e186498, L_0x55cc0230d520, C4<>;
L_0x55cc0230dce0 .functor MUXZ 8, L_0x55cc0230db00, L_0x7f415e186408, L_0x55cc0230d430, C4<>;
L_0x55cc0230de70 .functor MUXZ 8, L_0x55cc0230dce0, L_0x7f415e186378, L_0x55cc0230d2e0, C4<>;
L_0x55cc0230e010 .part L_0x55cc0230de70, 6, 2;
L_0x55cc0230e100 .part L_0x55cc0230de70, 5, 1;
L_0x55cc0230e210 .part L_0x55cc0230de70, 4, 1;
L_0x55cc0230e390 .part L_0x55cc0230de70, 3, 1;
L_0x55cc0230e4b0 .part L_0x55cc0230de70, 2, 1;
L_0x55cc0230e550 .part L_0x55cc0230de70, 1, 1;
LS_0x55cc0230e680_0_0 .concat8 [ 1 1 1 1], L_0x55cc0230e550, L_0x55cc0230e860, L_0x55cc0230e390, L_0x55cc0230e4b0;
LS_0x55cc0230e680_0_4 .concat8 [ 2 1 0 0], L_0x55cc0230e010, L_0x55cc0230e100;
L_0x55cc0230e680 .concat8 [ 4 3 0 0], LS_0x55cc0230e680_0_0, LS_0x55cc0230e680_0_4;
L_0x55cc0230e860 .part L_0x55cc0230de70, 0, 1;
S_0x55cc022be570 .scope module, "Data_Memory" "Data_Memory" 3 44, 8 1 0, S_0x55cc022a2990;
 .timescale 0 0;
    .port_info 0 /INPUT 1 "clk_i";
    .port_info 1 /INPUT 32 "addr_i";
    .port_info 2 /INPUT 1 "MemRead_i";
    .port_info 3 /INPUT 1 "MemWrite_i";
    .port_info 4 /INPUT 32 "data_i";
    .port_info 5 /OUTPUT 32 "data_o";
v0x55cc022e5980_0 .net "MemRead_i", 0 0, L_0x55cc02315d90;  1 drivers
v0x55cc022e5a60_0 .net "MemWrite_i", 0 0, L_0x55cc02315e80;  1 drivers
v0x55cc022e5b20_0 .net *"_ivl_0", 31 0, L_0x55cc02313a90;  1 drivers
v0x55cc022e5be0_0 .net *"_ivl_2", 31 0, L_0x55cc02315ac0;  1 drivers
v0x55cc022e5cc0_0 .net *"_ivl_4", 29 0, L_0x55cc02315a20;  1 drivers
L_0x7f415e187140 .functor BUFT 1, C4<00>, C4<0>, C4<0>, C4<0>;
v0x55cc022e5df0_0 .net *"_ivl_6", 1 0, L_0x7f415e187140;  1 drivers
L_0x7f415e187188 .functor BUFT 1, C4<00000000000000000000000000000000>, C4<0>, C4<0>, C4<0>;
v0x55cc022e5ed0_0 .net/2s *"_ivl_8", 31 0, L_0x7f415e187188;  1 drivers
v0x55cc022e5fb0_0 .net "addr_i", 31 0, v0x55cc022e65d0_0;  alias, 1 drivers
v0x55cc022e6090_0 .net "clk_i", 0 0, v0x55cc022f77e0_0;  alias, 1 drivers
v0x55cc022e6150_0 .net "data_i", 31 0, L_0x55cc02315530;  alias, 1 drivers
v0x55cc022e6230_0 .net "data_o", 31 0, L_0x55cc02315c50;  alias, 1 drivers
v0x55cc022e6310 .array/s "memory", 1023 0, 31 0;
E_0x55cc022d0220 .event posedge, v0x55cc022e6090_0;
L_0x55cc02313a90 .array/port v0x55cc022e6310, L_0x55cc02315ac0;
L_0x55cc02315a20 .part v0x55cc022e65d0_0, 2, 30;
L_0x55cc02315ac0 .concat [ 30 2 0 0], L_0x55cc02315a20, L_0x7f415e187140;
L_0x55cc02315c50 .functor MUXZ 32, L_0x7f415e187188, L_0x55cc02313a90, L_0x55cc02315d90, C4<>;
S_0x55cc0228fd10 .scope module, "EXMEM" "EXMEM" 3 42, 9 1 0, S_0x55cc022a2990;
 .timescale 0 0;
    .port_info 0 /INPUT 1 "rst";
    .port_info 1 /INPUT 1 "clk";
    .port_info 2 /INPUT 4 "ctrli";
    .port_info 3 /INPUT 32 "alui";
    .port_info 4 /INPUT 32 "r2i";
    .port_info 5 /INPUT 5 "insti";
    .port_info 6 /OUTPUT 4 "ctrlo";
    .port_info 7 /OUTPUT 32 "aluo";
    .port_info 8 /OUTPUT 32 "r2o";
    .port_info 9 /OUTPUT 5 "insto";
L_0x55cc02315530 .functor BUFZ 32, v0x55cc022e6f20_0, C4<00000000000000000000000000000000>, C4<00000000000000000000000000000000>, C4<00000000000000000000000000000000>;
v0x55cc022e65d0_0 .var "alu", 31 0;
v0x55cc022e66d0_0 .net "alui", 31 0, L_0x55cc023151f0;  alias, 1 drivers
v0x55cc022e6790_0 .net "aluo", 31 0, v0x55cc022e65d0_0;  alias, 1 drivers
v0x55cc022e6890_0 .net "clk", 0 0, v0x55cc022f77e0_0;  alias, 1 drivers
v0x55cc022e6960_0 .var "ctrl", 3 0;
v0x55cc022e6a50_0 .net "ctrli", 3 0, L_0x55cc02315720;  1 drivers
v0x55cc022e6b10_0 .net "ctrlo", 3 0, v0x55cc022e6960_0;  alias, 1 drivers
v0x55cc022e6bf0_0 .var "inst", 4 0;
v0x55cc022e6cd0_0 .net "insti", 4 0, L_0x55cc023157c0;  1 drivers
v0x55cc022e6e40_0 .net "insto", 4 0, v0x55cc022e6bf0_0;  alias, 1 drivers
v0x55cc022e6f20_0 .var "r2", 31 0;
v0x55cc022e7000_0 .net "r2i", 31 0, L_0x55cc02311270;  alias, 1 drivers
v0x55cc022e70e0_0 .net "r2o", 31 0, L_0x55cc02315530;  alias, 1 drivers
v0x55cc022e71a0_0 .net "rst", 0 0, v0x55cc022f7880_0;  alias, 1 drivers
E_0x55cc02205c50/0 .event negedge, v0x55cc022e71a0_0;
E_0x55cc02205c50/1 .event posedge, v0x55cc022e6090_0;
E_0x55cc02205c50 .event/or E_0x55cc02205c50/0, E_0x55cc02205c50/1;
S_0x55cc022e7380 .scope module, "FU" "ForwardingUnit" 3 35, 10 1 0, S_0x55cc022a2990;
 .timescale 0 0;
    .port_info 0 /INPUT 5 "exrs1";
    .port_info 1 /INPUT 5 "exrs2";
    .port_info 2 /INPUT 5 "wbrd";
    .port_info 3 /INPUT 1 "wbregwrite";
    .port_info 4 /INPUT 5 "memrd";
    .port_info 5 /INPUT 1 "memregwrite";
    .port_info 6 /OUTPUT 2 "fa";
    .port_info 7 /OUTPUT 2 "fb";
L_0x55cc0230ef70 .functor AND 1, L_0x55cc02310870, L_0x55cc0230ee40, C4<1>, C4<1>;
L_0x55cc0230f080 .functor AND 1, L_0x55cc0230ef70, L_0x55cc0230efe0, C4<1>, C4<1>;
L_0x55cc0230f230 .functor AND 1, L_0x55cc02310760, L_0x55cc0230f140, C4<1>, C4<1>;
L_0x55cc0230f410 .functor AND 1, L_0x55cc0230f230, L_0x55cc0230f2f0, C4<1>, C4<1>;
L_0x55cc0230f970 .functor AND 1, L_0x55cc02310870, L_0x55cc0230f880, C4<1>, C4<1>;
L_0x55cc0230fb70 .functor AND 1, L_0x55cc0230f970, L_0x55cc0230fa80, C4<1>, C4<1>;
L_0x55cc0230fec0 .functor AND 1, L_0x55cc02310760, L_0x55cc0230fcc0, C4<1>, C4<1>;
L_0x55cc02310120 .functor AND 1, L_0x55cc0230fec0, L_0x55cc0230ffd0, C4<1>, C4<1>;
L_0x7f415e186648 .functor BUFT 1, C4<00000>, C4<0>, C4<0>, C4<0>;
v0x55cc022e7630_0 .net/2u *"_ivl_0", 4 0, L_0x7f415e186648;  1 drivers
L_0x7f415e186690 .functor BUFT 1, C4<10>, C4<0>, C4<0>, C4<0>;
v0x55cc022e7730_0 .net/2u *"_ivl_10", 1 0, L_0x7f415e186690;  1 drivers
L_0x7f415e1866d8 .functor BUFT 1, C4<00000>, C4<0>, C4<0>, C4<0>;
v0x55cc022e7810_0 .net/2u *"_ivl_12", 4 0, L_0x7f415e1866d8;  1 drivers
v0x55cc022e7900_0 .net *"_ivl_14", 0 0, L_0x55cc0230f140;  1 drivers
v0x55cc022e79c0_0 .net *"_ivl_17", 0 0, L_0x55cc0230f230;  1 drivers
v0x55cc022e7ad0_0 .net *"_ivl_18", 0 0, L_0x55cc0230f2f0;  1 drivers
v0x55cc022e7b90_0 .net *"_ivl_2", 0 0, L_0x55cc0230ee40;  1 drivers
v0x55cc022e7c50_0 .net *"_ivl_21", 0 0, L_0x55cc0230f410;  1 drivers
L_0x7f415e186720 .functor BUFT 1, C4<01>, C4<0>, C4<0>, C4<0>;
v0x55cc022e7d10_0 .net/2u *"_ivl_22", 1 0, L_0x7f415e186720;  1 drivers
L_0x7f415e186768 .functor BUFT 1, C4<00>, C4<0>, C4<0>, C4<0>;
v0x55cc022e7e80_0 .net/2u *"_ivl_24", 1 0, L_0x7f415e186768;  1 drivers
v0x55cc022e7f60_0 .net *"_ivl_26", 1 0, L_0x55cc0230f520;  1 drivers
L_0x7f415e1867b0 .functor BUFT 1, C4<00000>, C4<0>, C4<0>, C4<0>;
v0x55cc022e8040_0 .net/2u *"_ivl_30", 4 0, L_0x7f415e1867b0;  1 drivers
v0x55cc022e8120_0 .net *"_ivl_32", 0 0, L_0x55cc0230f880;  1 drivers
v0x55cc022e81e0_0 .net *"_ivl_35", 0 0, L_0x55cc0230f970;  1 drivers
v0x55cc022e82a0_0 .net *"_ivl_36", 0 0, L_0x55cc0230fa80;  1 drivers
v0x55cc022e8360_0 .net *"_ivl_39", 0 0, L_0x55cc0230fb70;  1 drivers
L_0x7f415e1867f8 .functor BUFT 1, C4<10>, C4<0>, C4<0>, C4<0>;
v0x55cc022e8420_0 .net/2u *"_ivl_40", 1 0, L_0x7f415e1867f8;  1 drivers
L_0x7f415e186840 .functor BUFT 1, C4<00000>, C4<0>, C4<0>, C4<0>;
v0x55cc022e8610_0 .net/2u *"_ivl_42", 4 0, L_0x7f415e186840;  1 drivers
v0x55cc022e86f0_0 .net *"_ivl_44", 0 0, L_0x55cc0230fcc0;  1 drivers
v0x55cc022e87b0_0 .net *"_ivl_47", 0 0, L_0x55cc0230fec0;  1 drivers
v0x55cc022e8870_0 .net *"_ivl_48", 0 0, L_0x55cc0230ffd0;  1 drivers
v0x55cc022e8930_0 .net *"_ivl_5", 0 0, L_0x55cc0230ef70;  1 drivers
v0x55cc022e89f0_0 .net *"_ivl_51", 0 0, L_0x55cc02310120;  1 drivers
L_0x7f415e186888 .functor BUFT 1, C4<01>, C4<0>, C4<0>, C4<0>;
v0x55cc022e8ab0_0 .net/2u *"_ivl_52", 1 0, L_0x7f415e186888;  1 drivers
L_0x7f415e1868d0 .functor BUFT 1, C4<00>, C4<0>, C4<0>, C4<0>;
v0x55cc022e8b90_0 .net/2u *"_ivl_54", 1 0, L_0x7f415e1868d0;  1 drivers
v0x55cc022e8c70_0 .net *"_ivl_56", 1 0, L_0x55cc02310230;  1 drivers
v0x55cc022e8d50_0 .net *"_ivl_6", 0 0, L_0x55cc0230efe0;  1 drivers
v0x55cc022e8e10_0 .net *"_ivl_9", 0 0, L_0x55cc0230f080;  1 drivers
v0x55cc022e8ed0_0 .net "exrs1", 4 0, L_0x55cc023105c0;  1 drivers
v0x55cc022e8fb0_0 .net "exrs2", 4 0, L_0x55cc023106c0;  1 drivers
v0x55cc022e9090_0 .net "fa", 1 0, L_0x55cc0230f6b0;  alias, 1 drivers
v0x55cc022e9170_0 .net "fb", 1 0, L_0x55cc023103c0;  alias, 1 drivers
v0x55cc022e9250_0 .net "memrd", 4 0, v0x55cc022e6bf0_0;  alias, 1 drivers
v0x55cc022e9520_0 .net "memregwrite", 0 0, L_0x55cc02310870;  1 drivers
v0x55cc022e95c0_0 .net "wbrd", 4 0, L_0x55cc02316130;  alias, 1 drivers
v0x55cc022e96a0_0 .net "wbregwrite", 0 0, L_0x55cc02310760;  1 drivers
L_0x55cc0230ee40 .cmp/ne 5, v0x55cc022e6bf0_0, L_0x7f415e186648;
L_0x55cc0230efe0 .cmp/eq 5, v0x55cc022e6bf0_0, L_0x55cc023105c0;
L_0x55cc0230f140 .cmp/ne 5, L_0x55cc02316130, L_0x7f415e1866d8;
L_0x55cc0230f2f0 .cmp/eq 5, L_0x55cc02316130, L_0x55cc023105c0;
L_0x55cc0230f520 .functor MUXZ 2, L_0x7f415e186768, L_0x7f415e186720, L_0x55cc0230f410, C4<>;
L_0x55cc0230f6b0 .functor MUXZ 2, L_0x55cc0230f520, L_0x7f415e186690, L_0x55cc0230f080, C4<>;
L_0x55cc0230f880 .cmp/ne 5, v0x55cc022e6bf0_0, L_0x7f415e1867b0;
L_0x55cc0230fa80 .cmp/eq 5, v0x55cc022e6bf0_0, L_0x55cc023106c0;
L_0x55cc0230fcc0 .cmp/ne 5, L_0x55cc02316130, L_0x7f415e186840;
L_0x55cc0230ffd0 .cmp/eq 5, L_0x55cc02316130, L_0x55cc023106c0;
L_0x55cc02310230 .functor MUXZ 2, L_0x7f415e1868d0, L_0x7f415e186888, L_0x55cc02310120, C4<>;
L_0x55cc023103c0 .functor MUXZ 2, L_0x55cc02310230, L_0x7f415e1867f8, L_0x55cc0230fb70, C4<>;
S_0x55cc022e9860 .scope module, "Hazard_Detection" "HazardDetectionUnit" 3 28, 11 1 0, S_0x55cc022a2990;
 .timescale 0 0;
    .port_info 0 /INPUT 5 "rs1";
    .port_info 1 /INPUT 5 "rs2";
    .port_info 2 /INPUT 5 "rd";
    .port_info 3 /INPUT 1 "memread";
    .port_info 4 /OUTPUT 1 "pcwrite";
    .port_info 5 /OUTPUT 1 "Stall_o";
    .port_info 6 /OUTPUT 1 "noop";
L_0x55cc023092f0 .functor OR 1, L_0x55cc0230bac0, L_0x55cc0230bb60, C4<0>, C4<0>;
L_0x55cc0230bc50 .functor AND 1, L_0x55cc0230c380, L_0x55cc023092f0, C4<1>, C4<1>;
L_0x55cc0230be40 .functor AND 1, L_0x55cc0230bc50, L_0x55cc0230bda0, C4<1>, C4<1>;
L_0x55cc0230bf50 .functor BUFZ 1, L_0x55cc0230be40, C4<0>, C4<0>, C4<0>;
L_0x55cc0230c050 .functor NOT 1, L_0x55cc0230be40, C4<0>, C4<0>, C4<0>;
v0x55cc022e9aa0_0 .net "Stall_o", 0 0, L_0x55cc0230be40;  alias, 1 drivers
v0x55cc022e9b80_0 .net *"_ivl_0", 0 0, L_0x55cc0230bac0;  1 drivers
v0x55cc022e9c40_0 .net *"_ivl_10", 0 0, L_0x55cc0230bda0;  1 drivers
v0x55cc022e9d10_0 .net *"_ivl_2", 0 0, L_0x55cc0230bb60;  1 drivers
v0x55cc022e9dd0_0 .net *"_ivl_5", 0 0, L_0x55cc023092f0;  1 drivers
v0x55cc022e9e90_0 .net *"_ivl_7", 0 0, L_0x55cc0230bc50;  1 drivers
L_0x7f415e186258 .functor BUFT 1, C4<00000>, C4<0>, C4<0>, C4<0>;
v0x55cc022e9f50_0 .net/2u *"_ivl_8", 4 0, L_0x7f415e186258;  1 drivers
v0x55cc022ea030_0 .net "memread", 0 0, L_0x55cc0230c380;  1 drivers
v0x55cc022ea0f0_0 .net "noop", 0 0, L_0x55cc0230bf50;  alias, 1 drivers
v0x55cc022ea220_0 .net "pcwrite", 0 0, L_0x55cc0230c050;  alias, 1 drivers
v0x55cc022ea2c0_0 .net "rd", 4 0, L_0x55cc0230c250;  1 drivers
v0x55cc022ea3a0_0 .net "rs1", 4 0, L_0x55cc0230c0c0;  1 drivers
v0x55cc022ea480_0 .net "rs2", 4 0, L_0x55cc0230c160;  1 drivers
L_0x55cc0230bac0 .cmp/eq 5, L_0x55cc0230c0c0, L_0x55cc0230c250;
L_0x55cc0230bb60 .cmp/eq 5, L_0x55cc0230c160, L_0x55cc0230c250;
L_0x55cc0230bda0 .cmp/ne 5, L_0x55cc0230c250, L_0x7f415e186258;
S_0x55cc022ea640 .scope module, "IDEX" "IDEX" 3 33, 12 1 0, S_0x55cc022a2990;
 .timescale 0 0;
    .port_info 0 /INPUT 1 "rst";
    .port_info 1 /INPUT 1 "clk";
    .port_info 2 /INPUT 7 "ctrli";
    .port_info 3 /INPUT 32 "r1i";
    .port_info 4 /INPUT 32 "r2i";
    .port_info 5 /INPUT 32 "immi";
    .port_info 6 /INPUT 32 "insti";
    .port_info 7 /OUTPUT 7 "ctrlo";
    .port_info 8 /OUTPUT 32 "r1o";
    .port_info 9 /OUTPUT 32 "r2o";
    .port_info 10 /OUTPUT 32 "immo";
    .port_info 11 /OUTPUT 32 "insto";
v0x55cc022ea7d0_0 .net "clk", 0 0, v0x55cc022f77e0_0;  alias, 1 drivers
v0x55cc022ea8e0_0 .var "ctrl", 6 0;
v0x55cc022ea9c0_0 .net "ctrli", 6 0, L_0x55cc0230e680;  alias, 1 drivers
v0x55cc022eaa90_0 .net "ctrlo", 6 0, v0x55cc022ea8e0_0;  alias, 1 drivers
v0x55cc022eab50_0 .var "imm", 31 0;
v0x55cc022eac80_0 .net "immi", 31 0, L_0x55cc0230b850;  alias, 1 drivers
v0x55cc022ead40_0 .net "immo", 31 0, v0x55cc022eab50_0;  alias, 1 drivers
v0x55cc022eae00_0 .var "inst", 31 0;
v0x55cc022eaee0_0 .net "insti", 31 0, v0x55cc022ebcd0_0;  alias, 1 drivers
v0x55cc022eb050_0 .net "insto", 31 0, v0x55cc022eae00_0;  alias, 1 drivers
v0x55cc022eb130_0 .var "r1", 31 0;
v0x55cc022eb210_0 .net "r1i", 31 0, L_0x55cc0230c890;  alias, 1 drivers
v0x55cc022eb2f0_0 .net "r1o", 31 0, v0x55cc022eb130_0;  alias, 1 drivers
v0x55cc022eb3d0_0 .var "r2", 31 0;
v0x55cc022eb4b0_0 .net "r2i", 31 0, L_0x55cc0230cdf0;  alias, 1 drivers
v0x55cc022eb590_0 .net "r2o", 31 0, v0x55cc022eb3d0_0;  alias, 1 drivers
v0x55cc022eb670_0 .net "rst", 0 0, v0x55cc022f7880_0;  alias, 1 drivers
S_0x55cc022eb8a0 .scope module, "IFID" "IFID" 3 24, 13 1 0, S_0x55cc022a2990;
 .timescale 0 0;
    .port_info 0 /INPUT 1 "rst";
    .port_info 1 /INPUT 1 "clk";
    .port_info 2 /INPUT 32 "pci";
    .port_info 3 /INPUT 32 "insti";
    .port_info 4 /INPUT 1 "flush";
    .port_info 5 /INPUT 1 "stall";
    .port_info 6 /OUTPUT 32 "pco";
    .port_info 7 /OUTPUT 32 "insto";
v0x55cc022ebb50_0 .net "clk", 0 0, v0x55cc022f77e0_0;  alias, 1 drivers
v0x55cc022ebc10_0 .net "flush", 0 0, L_0x55cc0230e1a0;  alias, 1 drivers
v0x55cc022ebcd0_0 .var "inst", 31 0;
v0x55cc022ebdc0_0 .net "insti", 31 0, L_0x55cc0223b500;  alias, 1 drivers
v0x55cc022ebea0_0 .net "insto", 31 0, v0x55cc022ebcd0_0;  alias, 1 drivers
v0x55cc022ebfb0_0 .var "pc", 31 0;
v0x55cc022ec070_0 .net "pci", 31 0, v0x55cc022f3450_0;  alias, 1 drivers
v0x55cc022ec160_0 .net "pco", 31 0, v0x55cc022ebfb0_0;  alias, 1 drivers
v0x55cc022ec230_0 .net "rst", 0 0, v0x55cc022f7880_0;  alias, 1 drivers
v0x55cc022ec2d0_0 .net "stall", 0 0, L_0x55cc0230be40;  alias, 1 drivers
S_0x55cc022ec480 .scope module, "ImmGen" "ImmGen" 3 26, 14 1 0, S_0x55cc022a2990;
 .timescale 0 0;
    .port_info 0 /INPUT 32 "inst";
    .port_info 1 /OUTPUT 32 "res";
v0x55cc022ec630_0 .net *"_ivl_1", 2 0, L_0x55cc023083a0;  1 drivers
v0x55cc022ec730_0 .net *"_ivl_11", 0 0, L_0x55cc02308710;  1 drivers
v0x55cc022ec810_0 .net *"_ivl_12", 19 0, L_0x55cc023087b0;  1 drivers
v0x55cc022ec900_0 .net *"_ivl_15", 11 0, L_0x55cc02308d40;  1 drivers
v0x55cc022ec9e0_0 .net *"_ivl_16", 31 0, L_0x55cc02308de0;  1 drivers
L_0x7f415e1860f0 .functor BUFT 1, C4<1010010011>, C4<0>, C4<0>, C4<0>;
v0x55cc022ecb10_0 .net/2u *"_ivl_18", 9 0, L_0x7f415e1860f0;  1 drivers
v0x55cc022ecbf0_0 .net *"_ivl_20", 0 0, L_0x55cc02308f20;  1 drivers
L_0x7f415e186138 .functor BUFT 1, C4<000000000000000000000000000>, C4<0>, C4<0>, C4<0>;
v0x55cc022eccb0_0 .net/2u *"_ivl_22", 26 0, L_0x7f415e186138;  1 drivers
v0x55cc022ecd90_0 .net *"_ivl_25", 4 0, L_0x55cc02309060;  1 drivers
v0x55cc022ecf00_0 .net *"_ivl_26", 31 0, L_0x55cc02309160;  1 drivers
L_0x7f415e186180 .functor BUFT 1, C4<0100000011>, C4<0>, C4<0>, C4<0>;
v0x55cc022ecfe0_0 .net/2u *"_ivl_28", 9 0, L_0x7f415e186180;  1 drivers
v0x55cc022ed0c0_0 .net *"_ivl_3", 6 0, L_0x55cc02308440;  1 drivers
v0x55cc022ed1a0_0 .net *"_ivl_30", 0 0, L_0x55cc02309250;  1 drivers
v0x55cc022ed260_0 .net *"_ivl_33", 0 0, L_0x55cc02309360;  1 drivers
v0x55cc022ed340_0 .net *"_ivl_34", 19 0, L_0x55cc02309400;  1 drivers
v0x55cc022ed420_0 .net *"_ivl_37", 11 0, L_0x55cc02309940;  1 drivers
v0x55cc022ed500_0 .net *"_ivl_38", 31 0, L_0x55cc023099e0;  1 drivers
L_0x7f415e1861c8 .functor BUFT 1, C4<0100100011>, C4<0>, C4<0>, C4<0>;
v0x55cc022ed6f0_0 .net/2u *"_ivl_40", 9 0, L_0x7f415e1861c8;  1 drivers
v0x55cc022ed7d0_0 .net *"_ivl_42", 0 0, L_0x55cc02309b60;  1 drivers
v0x55cc022ed890_0 .net *"_ivl_45", 0 0, L_0x55cc02309c50;  1 drivers
v0x55cc022ed970_0 .net *"_ivl_46", 19 0, L_0x55cc02309d90;  1 drivers
v0x55cc022eda50_0 .net *"_ivl_49", 6 0, L_0x55cc0230a140;  1 drivers
v0x55cc022edb30_0 .net *"_ivl_51", 4 0, L_0x55cc02309cf0;  1 drivers
v0x55cc022edc10_0 .net *"_ivl_52", 31 0, L_0x55cc0230a290;  1 drivers
v0x55cc022edcf0_0 .net *"_ivl_55", 0 0, L_0x55cc0230a490;  1 drivers
v0x55cc022eddd0_0 .net *"_ivl_56", 18 0, L_0x55cc0230a530;  1 drivers
v0x55cc022edeb0_0 .net *"_ivl_59", 0 0, L_0x55cc0230a900;  1 drivers
L_0x7f415e1860a8 .functor BUFT 1, C4<0000010011>, C4<0>, C4<0>, C4<0>;
v0x55cc022edf90_0 .net/2u *"_ivl_6", 9 0, L_0x7f415e1860a8;  1 drivers
v0x55cc022ee070_0 .net *"_ivl_61", 0 0, L_0x55cc0230abb0;  1 drivers
v0x55cc022ee150_0 .net *"_ivl_63", 5 0, L_0x55cc0230ad30;  1 drivers
v0x55cc022ee230_0 .net *"_ivl_65", 3 0, L_0x55cc0230add0;  1 drivers
L_0x7f415e186210 .functor BUFT 1, C4<0>, C4<0>, C4<0>, C4<0>;
v0x55cc022ee310_0 .net/2u *"_ivl_66", 0 0, L_0x7f415e186210;  1 drivers
v0x55cc022ee3f0_0 .net *"_ivl_68", 31 0, L_0x55cc0230af60;  1 drivers
v0x55cc022ee6e0_0 .net *"_ivl_70", 31 0, L_0x55cc0230b190;  1 drivers
v0x55cc022ee7c0_0 .net *"_ivl_72", 31 0, L_0x55cc0230b420;  1 drivers
v0x55cc022ee8a0_0 .net *"_ivl_74", 31 0, L_0x55cc0230b5b0;  1 drivers
v0x55cc022ee980_0 .net *"_ivl_8", 0 0, L_0x55cc023085d0;  1 drivers
v0x55cc022eea40_0 .net "func", 9 0, L_0x55cc023084e0;  1 drivers
v0x55cc022eeb20_0 .net "inst", 31 0, v0x55cc022ebcd0_0;  alias, 1 drivers
v0x55cc022eebe0_0 .net "res", 31 0, L_0x55cc0230b850;  alias, 1 drivers
L_0x55cc023083a0 .part v0x55cc022ebcd0_0, 12, 3;
L_0x55cc02308440 .part v0x55cc022ebcd0_0, 0, 7;
L_0x55cc023084e0 .concat [ 7 3 0 0], L_0x55cc02308440, L_0x55cc023083a0;
L_0x55cc023085d0 .cmp/eq 10, L_0x55cc023084e0, L_0x7f415e1860a8;
L_0x55cc02308710 .part v0x55cc022ebcd0_0, 31, 1;
LS_0x55cc023087b0_0_0 .concat [ 1 1 1 1], L_0x55cc02308710, L_0x55cc02308710, L_0x55cc02308710, L_0x55cc02308710;
LS_0x55cc023087b0_0_4 .concat [ 1 1 1 1], L_0x55cc02308710, L_0x55cc02308710, L_0x55cc02308710, L_0x55cc02308710;
LS_0x55cc023087b0_0_8 .concat [ 1 1 1 1], L_0x55cc02308710, L_0x55cc02308710, L_0x55cc02308710, L_0x55cc02308710;
LS_0x55cc023087b0_0_12 .concat [ 1 1 1 1], L_0x55cc02308710, L_0x55cc02308710, L_0x55cc02308710, L_0x55cc02308710;
LS_0x55cc023087b0_0_16 .concat [ 1 1 1 1], L_0x55cc02308710, L_0x55cc02308710, L_0x55cc02308710, L_0x55cc02308710;
LS_0x55cc023087b0_1_0 .concat [ 4 4 4 4], LS_0x55cc023087b0_0_0, LS_0x55cc023087b0_0_4, LS_0x55cc023087b0_0_8, LS_0x55cc023087b0_0_12;
LS_0x55cc023087b0_1_4 .concat [ 4 0 0 0], LS_0x55cc023087b0_0_16;
L_0x55cc023087b0 .concat [ 16 4 0 0], LS_0x55cc023087b0_1_0, LS_0x55cc023087b0_1_4;
L_0x55cc02308d40 .part v0x55cc022ebcd0_0, 20, 12;
L_0x55cc02308de0 .concat [ 12 20 0 0], L_0x55cc02308d40, L_0x55cc023087b0;
L_0x55cc02308f20 .cmp/eq 10, L_0x55cc023084e0, L_0x7f415e1860f0;
L_0x55cc02309060 .part v0x55cc022ebcd0_0, 20, 5;
L_0x55cc02309160 .concat [ 5 27 0 0], L_0x55cc02309060, L_0x7f415e186138;
L_0x55cc02309250 .cmp/eq 10, L_0x55cc023084e0, L_0x7f415e186180;
L_0x55cc02309360 .part v0x55cc022ebcd0_0, 31, 1;
LS_0x55cc02309400_0_0 .concat [ 1 1 1 1], L_0x55cc02309360, L_0x55cc02309360, L_0x55cc02309360, L_0x55cc02309360;
LS_0x55cc02309400_0_4 .concat [ 1 1 1 1], L_0x55cc02309360, L_0x55cc02309360, L_0x55cc02309360, L_0x55cc02309360;
LS_0x55cc02309400_0_8 .concat [ 1 1 1 1], L_0x55cc02309360, L_0x55cc02309360, L_0x55cc02309360, L_0x55cc02309360;
LS_0x55cc02309400_0_12 .concat [ 1 1 1 1], L_0x55cc02309360, L_0x55cc02309360, L_0x55cc02309360, L_0x55cc02309360;
LS_0x55cc02309400_0_16 .concat [ 1 1 1 1], L_0x55cc02309360, L_0x55cc02309360, L_0x55cc02309360, L_0x55cc02309360;
LS_0x55cc02309400_1_0 .concat [ 4 4 4 4], LS_0x55cc02309400_0_0, LS_0x55cc02309400_0_4, LS_0x55cc02309400_0_8, LS_0x55cc02309400_0_12;
LS_0x55cc02309400_1_4 .concat [ 4 0 0 0], LS_0x55cc02309400_0_16;
L_0x55cc02309400 .concat [ 16 4 0 0], LS_0x55cc02309400_1_0, LS_0x55cc02309400_1_4;
L_0x55cc02309940 .part v0x55cc022ebcd0_0, 20, 12;
L_0x55cc023099e0 .concat [ 12 20 0 0], L_0x55cc02309940, L_0x55cc02309400;
L_0x55cc02309b60 .cmp/eq 10, L_0x55cc023084e0, L_0x7f415e1861c8;
L_0x55cc02309c50 .part v0x55cc022ebcd0_0, 31, 1;
LS_0x55cc02309d90_0_0 .concat [ 1 1 1 1], L_0x55cc02309c50, L_0x55cc02309c50, L_0x55cc02309c50, L_0x55cc02309c50;
LS_0x55cc02309d90_0_4 .concat [ 1 1 1 1], L_0x55cc02309c50, L_0x55cc02309c50, L_0x55cc02309c50, L_0x55cc02309c50;
LS_0x55cc02309d90_0_8 .concat [ 1 1 1 1], L_0x55cc02309c50, L_0x55cc02309c50, L_0x55cc02309c50, L_0x55cc02309c50;
LS_0x55cc02309d90_0_12 .concat [ 1 1 1 1], L_0x55cc02309c50, L_0x55cc02309c50, L_0x55cc02309c50, L_0x55cc02309c50;
LS_0x55cc02309d90_0_16 .concat [ 1 1 1 1], L_0x55cc02309c50, L_0x55cc02309c50, L_0x55cc02309c50, L_0x55cc02309c50;
LS_0x55cc02309d90_1_0 .concat [ 4 4 4 4], LS_0x55cc02309d90_0_0, LS_0x55cc02309d90_0_4, LS_0x55cc02309d90_0_8, LS_0x55cc02309d90_0_12;
LS_0x55cc02309d90_1_4 .concat [ 4 0 0 0], LS_0x55cc02309d90_0_16;
L_0x55cc02309d90 .concat [ 16 4 0 0], LS_0x55cc02309d90_1_0, LS_0x55cc02309d90_1_4;
L_0x55cc0230a140 .part v0x55cc022ebcd0_0, 25, 7;
L_0x55cc02309cf0 .part v0x55cc022ebcd0_0, 7, 5;
L_0x55cc0230a290 .concat [ 5 7 20 0], L_0x55cc02309cf0, L_0x55cc0230a140, L_0x55cc02309d90;
L_0x55cc0230a490 .part v0x55cc022ebcd0_0, 31, 1;
LS_0x55cc0230a530_0_0 .concat [ 1 1 1 1], L_0x55cc0230a490, L_0x55cc0230a490, L_0x55cc0230a490, L_0x55cc0230a490;
LS_0x55cc0230a530_0_4 .concat [ 1 1 1 1], L_0x55cc0230a490, L_0x55cc0230a490, L_0x55cc0230a490, L_0x55cc0230a490;
LS_0x55cc0230a530_0_8 .concat [ 1 1 1 1], L_0x55cc0230a490, L_0x55cc0230a490, L_0x55cc0230a490, L_0x55cc0230a490;
LS_0x55cc0230a530_0_12 .concat [ 1 1 1 1], L_0x55cc0230a490, L_0x55cc0230a490, L_0x55cc0230a490, L_0x55cc0230a490;
LS_0x55cc0230a530_0_16 .concat [ 1 1 1 0], L_0x55cc0230a490, L_0x55cc0230a490, L_0x55cc0230a490;
LS_0x55cc0230a530_1_0 .concat [ 4 4 4 4], LS_0x55cc0230a530_0_0, LS_0x55cc0230a530_0_4, LS_0x55cc0230a530_0_8, LS_0x55cc0230a530_0_12;
LS_0x55cc0230a530_1_4 .concat [ 3 0 0 0], LS_0x55cc0230a530_0_16;
L_0x55cc0230a530 .concat [ 16 3 0 0], LS_0x55cc0230a530_1_0, LS_0x55cc0230a530_1_4;
L_0x55cc0230a900 .part v0x55cc022ebcd0_0, 31, 1;
L_0x55cc0230abb0 .part v0x55cc022ebcd0_0, 7, 1;
L_0x55cc0230ad30 .part v0x55cc022ebcd0_0, 25, 6;
L_0x55cc0230add0 .part v0x55cc022ebcd0_0, 8, 4;
LS_0x55cc0230af60_0_0 .concat [ 1 4 6 1], L_0x7f415e186210, L_0x55cc0230add0, L_0x55cc0230ad30, L_0x55cc0230abb0;
LS_0x55cc0230af60_0_4 .concat [ 1 19 0 0], L_0x55cc0230a900, L_0x55cc0230a530;
L_0x55cc0230af60 .concat [ 12 20 0 0], LS_0x55cc0230af60_0_0, LS_0x55cc0230af60_0_4;
L_0x55cc0230b190 .functor MUXZ 32, L_0x55cc0230af60, L_0x55cc0230a290, L_0x55cc02309b60, C4<>;
L_0x55cc0230b420 .functor MUXZ 32, L_0x55cc0230b190, L_0x55cc023099e0, L_0x55cc02309250, C4<>;
L_0x55cc0230b5b0 .functor MUXZ 32, L_0x55cc0230b420, L_0x55cc02309160, L_0x55cc02308f20, C4<>;
L_0x55cc0230b850 .functor MUXZ 32, L_0x55cc0230b5b0, L_0x55cc02308de0, L_0x55cc023085d0, C4<>;
S_0x55cc022eed50 .scope module, "Instruction_Memory" "Instruction_Memory" 3 21, 15 1 0, S_0x55cc022a2990;
 .timescale 0 0;
    .port_info 0 /INPUT 32 "addr_i";
    .port_info 1 /OUTPUT 32 "instr_o";
L_0x55cc0223b500 .functor BUFZ 32, L_0x55cc022f7e40, C4<00000000000000000000000000000000>, C4<00000000000000000000000000000000>, C4<00000000000000000000000000000000>;
v0x55cc022eef70_0 .net *"_ivl_0", 31 0, L_0x55cc022f7e40;  1 drivers
v0x55cc022ef070_0 .net *"_ivl_2", 31 0, L_0x55cc022f7fa0;  1 drivers
v0x55cc022ef150_0 .net *"_ivl_4", 29 0, L_0x55cc022f7f00;  1 drivers
L_0x7f415e186018 .functor BUFT 1, C4<00>, C4<0>, C4<0>, C4<0>;
v0x55cc022ef210_0 .net *"_ivl_6", 1 0, L_0x7f415e186018;  1 drivers
v0x55cc022ef2f0_0 .net "addr_i", 31 0, v0x55cc022f3450_0;  alias, 1 drivers
v0x55cc022ef450_0 .net "instr_o", 31 0, L_0x55cc0223b500;  alias, 1 drivers
v0x55cc022ef510 .array "memory", 255 0, 31 0;
L_0x55cc022f7e40 .array/port v0x55cc022ef510, L_0x55cc022f7fa0;
L_0x55cc022f7f00 .part v0x55cc022f3450_0, 2, 30;
L_0x55cc022f7fa0 .concat [ 30 2 0 0], L_0x55cc022f7f00, L_0x7f415e186018;
S_0x55cc022ef610 .scope module, "MEMWB" "MEMWB" 3 46, 16 1 0, S_0x55cc022a2990;
 .timescale 0 0;
    .port_info 0 /INPUT 1 "rst";
    .port_info 1 /INPUT 1 "clk";
    .port_info 2 /INPUT 2 "ctrli";
    .port_info 3 /INPUT 32 "alu1i";
    .port_info 4 /INPUT 32 "alu2i";
    .port_info 5 /INPUT 5 "rdi";
    .port_info 6 /OUTPUT 2 "ctrlo";
    .port_info 7 /OUTPUT 32 "alu1o";
    .port_info 8 /OUTPUT 32 "alu2o";
    .port_info 9 /OUTPUT 5 "rdo";
v0x55cc022ef8f0_0 .var "alu1", 31 0;
v0x55cc022ef9d0_0 .net "alu1i", 31 0, v0x55cc022e65d0_0;  alias, 1 drivers
v0x55cc022efae0_0 .net "alu1o", 31 0, v0x55cc022ef8f0_0;  alias, 1 drivers
v0x55cc022efba0_0 .var "alu2", 31 0;
v0x55cc022efc80_0 .net "alu2i", 31 0, L_0x55cc02315c50;  alias, 1 drivers
v0x55cc022efd90_0 .net "alu2o", 31 0, v0x55cc022efba0_0;  alias, 1 drivers
v0x55cc022efe50_0 .net "clk", 0 0, v0x55cc022f77e0_0;  alias, 1 drivers
v0x55cc022efef0_0 .var "ctrl", 1 0;
v0x55cc022effd0_0 .net "ctrli", 1 0, L_0x55cc023161d0;  1 drivers
v0x55cc022f0140_0 .net "ctrlo", 1 0, v0x55cc022efef0_0;  alias, 1 drivers
v0x55cc022f0220_0 .var "rd", 31 0;
v0x55cc022f0300_0 .net "rdi", 4 0, v0x55cc022e6bf0_0;  alias, 1 drivers
v0x55cc022f03c0_0 .net "rdo", 4 0, L_0x55cc02316130;  alias, 1 drivers
v0x55cc022f0480_0 .net "rst", 0 0, v0x55cc022f7880_0;  alias, 1 drivers
L_0x55cc02316130 .part v0x55cc022f0220_0, 0, 5;
S_0x55cc022f06a0 .scope module, "MUX0" "MUX2" 3 19, 17 1 0, S_0x55cc022a2990;
 .timescale 0 0;
    .port_info 0 /INPUT 32 "a0";
    .port_info 1 /INPUT 32 "a1";
    .port_info 2 /INPUT 1 "sel";
    .port_info 3 /OUTPUT 32 "b";
v0x55cc022f0830_0 .net "a0", 31 0, L_0x55cc022f8180;  alias, 1 drivers
v0x55cc022f0910_0 .net "a1", 31 0, L_0x55cc0230b990;  alias, 1 drivers
v0x55cc022f09b0_0 .net "b", 31 0, L_0x55cc022f7d60;  alias, 1 drivers
v0x55cc022f0a80_0 .net "sel", 0 0, L_0x55cc0230e1a0;  alias, 1 drivers
L_0x55cc022f7d60 .functor MUXZ 32, L_0x55cc022f8180, L_0x55cc0230b990, L_0x55cc0230e1a0, C4<>;
S_0x55cc022f0be0 .scope module, "MUX1" "MUX4" 3 36, 18 1 0, S_0x55cc022a2990;
 .timescale 0 0;
    .port_info 0 /INPUT 32 "a0";
    .port_info 1 /INPUT 32 "a1";
    .port_info 2 /INPUT 32 "a2";
    .port_info 3 /INPUT 2 "sel";
    .port_info 4 /OUTPUT 32 "b";
L_0x7f415e186918 .functor BUFT 1, C4<00>, C4<0>, C4<0>, C4<0>;
v0x55cc022f0e40_0 .net/2u *"_ivl_0", 1 0, L_0x7f415e186918;  1 drivers
v0x55cc022f0f40_0 .net *"_ivl_2", 0 0, L_0x55cc02310b20;  1 drivers
L_0x7f415e186960 .functor BUFT 1, C4<01>, C4<0>, C4<0>, C4<0>;
v0x55cc022f1000_0 .net/2u *"_ivl_4", 1 0, L_0x7f415e186960;  1 drivers
v0x55cc022f10f0_0 .net *"_ivl_6", 0 0, L_0x55cc02310c50;  1 drivers
v0x55cc022f11b0_0 .net *"_ivl_8", 31 0, L_0x55cc02310cf0;  1 drivers
v0x55cc022f12e0_0 .net "a0", 31 0, v0x55cc022eb130_0;  alias, 1 drivers
v0x55cc022f13a0_0 .net "a1", 31 0, L_0x55cc02316270;  alias, 1 drivers
v0x55cc022f1460_0 .net "a2", 31 0, v0x55cc022e65d0_0;  alias, 1 drivers
v0x55cc022f1520_0 .net "b", 31 0, L_0x55cc02310de0;  alias, 1 drivers
v0x55cc022f16a0_0 .net "sel", 1 0, L_0x55cc0230f6b0;  alias, 1 drivers
L_0x55cc02310b20 .cmp/eq 2, L_0x55cc0230f6b0, L_0x7f415e186918;
L_0x55cc02310c50 .cmp/eq 2, L_0x55cc0230f6b0, L_0x7f415e186960;
L_0x55cc02310cf0 .functor MUXZ 32, v0x55cc022e65d0_0, L_0x55cc02316270, L_0x55cc02310c50, C4<>;
L_0x55cc02310de0 .functor MUXZ 32, L_0x55cc02310cf0, v0x55cc022eb130_0, L_0x55cc02310b20, C4<>;
S_0x55cc022f1820 .scope module, "MUX2" "MUX4" 3 37, 18 1 0, S_0x55cc022a2990;
 .timescale 0 0;
    .port_info 0 /INPUT 32 "a0";
    .port_info 1 /INPUT 32 "a1";
    .port_info 2 /INPUT 32 "a2";
    .port_info 3 /INPUT 2 "sel";
    .port_info 4 /OUTPUT 32 "b";
L_0x7f415e1869a8 .functor BUFT 1, C4<00>, C4<0>, C4<0>, C4<0>;
v0x55cc022f1a30_0 .net/2u *"_ivl_0", 1 0, L_0x7f415e1869a8;  1 drivers
v0x55cc022f1b30_0 .net *"_ivl_2", 0 0, L_0x55cc02310fb0;  1 drivers
L_0x7f415e1869f0 .functor BUFT 1, C4<01>, C4<0>, C4<0>, C4<0>;
v0x55cc022f1bf0_0 .net/2u *"_ivl_4", 1 0, L_0x7f415e1869f0;  1 drivers
v0x55cc022f1ce0_0 .net *"_ivl_6", 0 0, L_0x55cc023110e0;  1 drivers
v0x55cc022f1da0_0 .net *"_ivl_8", 31 0, L_0x55cc02311180;  1 drivers
v0x55cc022f1ed0_0 .net "a0", 31 0, v0x55cc022eb3d0_0;  alias, 1 drivers
v0x55cc022f1f90_0 .net "a1", 31 0, L_0x55cc02316270;  alias, 1 drivers
v0x55cc022f2060_0 .net "a2", 31 0, v0x55cc022e65d0_0;  alias, 1 drivers
v0x55cc022f2100_0 .net "b", 31 0, L_0x55cc02311270;  alias, 1 drivers
v0x55cc022f2280_0 .net "sel", 1 0, L_0x55cc023103c0;  alias, 1 drivers
L_0x55cc02310fb0 .cmp/eq 2, L_0x55cc023103c0, L_0x7f415e1869a8;
L_0x55cc023110e0 .cmp/eq 2, L_0x55cc023103c0, L_0x7f415e1869f0;
L_0x55cc02311180 .functor MUXZ 32, v0x55cc022e65d0_0, L_0x55cc02316270, L_0x55cc023110e0, C4<>;
L_0x55cc02311270 .functor MUXZ 32, L_0x55cc02311180, v0x55cc022eb3d0_0, L_0x55cc02310fb0, C4<>;
S_0x55cc022f2400 .scope module, "MUX3" "MUX2" 3 38, 17 1 0, S_0x55cc022a2990;
 .timescale 0 0;
    .port_info 0 /INPUT 32 "a0";
    .port_info 1 /INPUT 32 "a1";
    .port_info 2 /INPUT 1 "sel";
    .port_info 3 /OUTPUT 32 "b";
v0x55cc022f2590_0 .net "a0", 31 0, L_0x55cc02311270;  alias, 1 drivers
v0x55cc022f2670_0 .net "a1", 31 0, v0x55cc022eab50_0;  alias, 1 drivers
v0x55cc022f2730_0 .net "b", 31 0, L_0x55cc023113f0;  alias, 1 drivers
v0x55cc022f2830_0 .net "sel", 0 0, L_0x55cc02311520;  1 drivers
L_0x55cc023113f0 .functor MUXZ 32, L_0x55cc02311270, v0x55cc022eab50_0, L_0x55cc02311520, C4<>;
S_0x55cc022f2960 .scope module, "MUX4" "MUX2" 3 48, 17 1 0, S_0x55cc022a2990;
 .timescale 0 0;
    .port_info 0 /INPUT 32 "a0";
    .port_info 1 /INPUT 32 "a1";
    .port_info 2 /INPUT 1 "sel";
    .port_info 3 /OUTPUT 32 "b";
v0x55cc022f2b40_0 .net "a0", 31 0, v0x55cc022ef8f0_0;  alias, 1 drivers
v0x55cc022f2c50_0 .net "a1", 31 0, v0x55cc022efba0_0;  alias, 1 drivers
v0x55cc022f2d20_0 .net "b", 31 0, L_0x55cc02316270;  alias, 1 drivers
v0x55cc022f2e40_0 .net "sel", 0 0, L_0x55cc02316310;  1 drivers
L_0x55cc02316270 .functor MUXZ 32, v0x55cc022ef8f0_0, v0x55cc022efba0_0, L_0x55cc02316310, C4<>;
S_0x55cc022f2f60 .scope module, "PC" "PC" 3 20, 19 1 0, S_0x55cc022a2990;
 .timescale 0 0;
    .port_info 0 /INPUT 1 "rst_i";
    .port_info 1 /INPUT 1 "clk_i";
    .port_info 2 /INPUT 1 "PCWrite_i";
    .port_info 3 /INPUT 32 "pc_i";
    .port_info 4 /OUTPUT 32 "pc_o";
v0x55cc022f31c0_0 .net "PCWrite_i", 0 0, L_0x55cc0230c050;  alias, 1 drivers
v0x55cc022f32b0_0 .net "clk_i", 0 0, v0x55cc022f77e0_0;  alias, 1 drivers
v0x55cc022f3350_0 .net "pc_i", 31 0, L_0x55cc022f7d60;  alias, 1 drivers
v0x55cc022f3450_0 .var "pc_o", 31 0;
v0x55cc022f34f0_0 .net "rst_i", 0 0, v0x55cc022f7880_0;  alias, 1 drivers
S_0x55cc022f36f0 .scope module, "Registers" "Registers" 3 29, 20 1 0, S_0x55cc022a2990;
 .timescale 0 0;
    .port_info 0 /INPUT 1 "rst_i";
    .port_info 1 /INPUT 1 "clk_i";
    .port_info 2 /INPUT 5 "RS1addr_i";
    .port_info 3 /INPUT 5 "RS2addr_i";
    .port_info 4 /INPUT 5 "RDaddr_i";
    .port_info 5 /INPUT 32 "RDdata_i";
    .port_info 6 /INPUT 1 "RegWrite_i";
    .port_info 7 /OUTPUT 32 "RS1data_o";
    .port_info 8 /OUTPUT 32 "RS2data_o";
L_0x55cc0230c5f0 .functor AND 1, L_0x55cc0230c4c0, L_0x55cc0230d100, C4<1>, C4<1>;
L_0x55cc0230ca70 .functor AND 1, L_0x55cc0230c9d0, L_0x55cc0230d100, C4<1>, C4<1>;
v0x55cc022f39b0_0 .net "RDaddr_i", 4 0, L_0x55cc02316130;  alias, 1 drivers
v0x55cc022f3ae0_0 .net "RDdata_i", 31 0, L_0x55cc02316270;  alias, 1 drivers
v0x55cc022f3ba0_0 .net "RS1addr_i", 4 0, L_0x55cc0230cf80;  1 drivers
v0x55cc022f3c60_0 .net "RS1data_o", 31 0, L_0x55cc0230c890;  alias, 1 drivers
v0x55cc022f3d20_0 .net "RS2addr_i", 4 0, L_0x55cc0230d020;  1 drivers
v0x55cc022f3e30_0 .net "RS2data_o", 31 0, L_0x55cc0230cdf0;  alias, 1 drivers
v0x55cc022f3ef0_0 .net "RegWrite_i", 0 0, L_0x55cc0230d100;  1 drivers
v0x55cc022f3f90_0 .net *"_ivl_0", 0 0, L_0x55cc0230c4c0;  1 drivers
v0x55cc022f4050_0 .net *"_ivl_12", 0 0, L_0x55cc0230c9d0;  1 drivers
v0x55cc022f41a0_0 .net *"_ivl_15", 0 0, L_0x55cc0230ca70;  1 drivers
v0x55cc022f4260_0 .net *"_ivl_16", 31 0, L_0x55cc0230cb80;  1 drivers
v0x55cc022f4340_0 .net *"_ivl_18", 6 0, L_0x55cc0230cc60;  1 drivers
L_0x7f415e1862e8 .functor BUFT 1, C4<00>, C4<0>, C4<0>, C4<0>;
v0x55cc022f4420_0 .net *"_ivl_21", 1 0, L_0x7f415e1862e8;  1 drivers
v0x55cc022f4500_0 .net *"_ivl_3", 0 0, L_0x55cc0230c5f0;  1 drivers
v0x55cc022f45c0_0 .net *"_ivl_4", 31 0, L_0x55cc0230c660;  1 drivers
v0x55cc022f46a0_0 .net *"_ivl_6", 6 0, L_0x55cc0230c700;  1 drivers
L_0x7f415e1862a0 .functor BUFT 1, C4<00>, C4<0>, C4<0>, C4<0>;
v0x55cc022f4780_0 .net *"_ivl_9", 1 0, L_0x7f415e1862a0;  1 drivers
v0x55cc022f4970_0 .net "clk_i", 0 0, v0x55cc022f77e0_0;  alias, 1 drivers
v0x55cc022f4a10_0 .var/i "i", 31 0;
v0x55cc022f4af0 .array/s "register", 31 0, 31 0;
v0x55cc022f4bb0_0 .net "rst_i", 0 0, v0x55cc022f7880_0;  alias, 1 drivers
L_0x55cc0230c4c0 .cmp/eq 5, L_0x55cc0230cf80, L_0x55cc02316130;
L_0x55cc0230c660 .array/port v0x55cc022f4af0, L_0x55cc0230c700;
L_0x55cc0230c700 .concat [ 5 2 0 0], L_0x55cc0230cf80, L_0x7f415e1862a0;
L_0x55cc0230c890 .functor MUXZ 32, L_0x55cc0230c660, L_0x55cc02316270, L_0x55cc0230c5f0, C4<>;
L_0x55cc0230c9d0 .cmp/eq 5, L_0x55cc0230d020, L_0x55cc02316130;
L_0x55cc0230cb80 .array/port v0x55cc022f4af0, L_0x55cc0230cc60;
L_0x55cc0230cc60 .concat [ 5 2 0 0], L_0x55cc0230d020, L_0x7f415e1862e8;
L_0x55cc0230cdf0 .functor MUXZ 32, L_0x55cc0230cb80, L_0x55cc02316270, L_0x55cc0230ca70, C4<>;
    .scope S_0x55cc022f2f60;
T_0 ;
    %wait E_0x55cc02205c50;
    %load/vec4 v0x55cc022f34f0_0;
    %inv;
    %flag_set/vec4 8;
    %jmp/0xz  T_0.0, 8;
    %pushi/vec4 0, 0, 32;
    %assign/vec4 v0x55cc022f3450_0, 0;
    %jmp T_0.1;
T_0.0 ;
    %load/vec4 v0x55cc022f31c0_0;
    %flag_set/vec4 8;
    %jmp/0xz  T_0.2, 8;
    %load/vec4 v0x55cc022f3350_0;
    %assign/vec4 v0x55cc022f3450_0, 0;
T_0.2 ;
T_0.1 ;
    %jmp T_0;
    .thread T_0;
    .scope S_0x55cc022eb8a0;
T_1 ;
    %wait E_0x55cc02205c50;
    %load/vec4 v0x55cc022ec230_0;
    %inv;
    %flag_set/vec4 8;
    %jmp/0xz  T_1.0, 8;
    %pushi/vec4 0, 0, 32;
    %assign/vec4 v0x55cc022ebfb0_0, 0;
    %pushi/vec4 0, 0, 32;
    %assign/vec4 v0x55cc022ebcd0_0, 0;
    %jmp T_1.1;
T_1.0 ;
    %load/vec4 v0x55cc022ebc10_0;
    %flag_set/vec4 8;
    %jmp/0xz  T_1.2, 8;
    %pushi/vec4 0, 0, 32;
    %assign/vec4 v0x55cc022ebcd0_0, 0;
    %jmp T_1.3;
T_1.2 ;
    %load/vec4 v0x55cc022ec2d0_0;
    %inv;
    %flag_set/vec4 8;
    %jmp/0xz  T_1.4, 8;
    %load/vec4 v0x55cc022ebdc0_0;
    %assign/vec4 v0x55cc022ebcd0_0, 0;
    %load/vec4 v0x55cc022ec070_0;
    %assign/vec4 v0x55cc022ebfb0_0, 0;
T_1.4 ;
T_1.3 ;
T_1.1 ;
    %jmp T_1;
    .thread T_1;
    .scope S_0x55cc022f36f0;
T_2 ;
    %wait E_0x55cc02205c50;
    %load/vec4 v0x55cc022f4bb0_0;
    %inv;
    %flag_set/vec4 8;
    %jmp/0xz  T_2.0, 8;
    %pushi/vec4 0, 0, 32;
    %store/vec4 v0x55cc022f4a10_0, 0, 32;
T_2.2 ;
    %load/vec4 v0x55cc022f4a10_0;
    %cmpi/s 32, 0, 32;
    %jmp/0xz T_2.3, 5;
    %pushi/vec4 0, 0, 32;
    %ix/getv/s 3, v0x55cc022f4a10_0;
    %ix/load 4, 0, 0; Constant delay
    %assign/vec4/a/d v0x55cc022f4af0, 0, 4;
    ; show_stmt_assign_vector: Get l-value for compressed += operand
    %load/vec4 v0x55cc022f4a10_0;
    %pushi/vec4 1, 0, 32;
    %add;
    %store/vec4 v0x55cc022f4a10_0, 0, 32;
    %jmp T_2.2;
T_2.3 ;
    %jmp T_2.1;
T_2.0 ;
    %load/vec4 v0x55cc022f3ef0_0;
    %load/vec4 v0x55cc022f39b0_0;
    %pushi/vec4 0, 0, 5;
    %cmp/ne;
    %flag_get/vec4 4;
    %and;
    %flag_set/vec4 8;
    %jmp/0xz  T_2.4, 8;
    %load/vec4 v0x55cc022f3ae0_0;
    %load/vec4 v0x55cc022f39b0_0;
    %pad/u 7;
    %ix/vec4 3;
    %ix/load 4, 0, 0; Constant delay
    %assign/vec4/a/d v0x55cc022f4af0, 0, 4;
T_2.4 ;
T_2.1 ;
    %jmp T_2;
    .thread T_2;
    .scope S_0x55cc022ea640;
T_3 ;
    %wait E_0x55cc02205c50;
    %load/vec4 v0x55cc022eb670_0;
    %inv;
    %flag_set/vec4 8;
    %jmp/0xz  T_3.0, 8;
    %pushi/vec4 0, 0, 7;
    %assign/vec4 v0x55cc022ea8e0_0, 0;
    %pushi/vec4 0, 0, 32;
    %assign/vec4 v0x55cc022eb130_0, 0;
    %pushi/vec4 0, 0, 32;
    %assign/vec4 v0x55cc022eb3d0_0, 0;
    %pushi/vec4 0, 0, 32;
    %assign/vec4 v0x55cc022eab50_0, 0;
    %pushi/vec4 0, 0, 32;
    %assign/vec4 v0x55cc022eae00_0, 0;
    %jmp T_3.1;
T_3.0 ;
    %load/vec4 v0x55cc022ea9c0_0;
    %assign/vec4 v0x55cc022ea8e0_0, 0;
    %load/vec4 v0x55cc022eb210_0;
    %assign/vec4 v0x55cc022eb130_0, 0;
    %load/vec4 v0x55cc022eb4b0_0;
    %assign/vec4 v0x55cc022eb3d0_0, 0;
    %load/vec4 v0x55cc022eac80_0;
    %assign/vec4 v0x55cc022eab50_0, 0;
    %load/vec4 v0x55cc022eaee0_0;
    %assign/vec4 v0x55cc022eae00_0, 0;
T_3.1 ;
    %jmp T_3;
    .thread T_3;
    .scope S_0x55cc0228fd10;
T_4 ;
    %wait E_0x55cc02205c50;
    %load/vec4 v0x55cc022e71a0_0;
    %inv;
    %flag_set/vec4 8;
    %jmp/0xz  T_4.0, 8;
    %pushi/vec4 0, 0, 4;
    %assign/vec4 v0x55cc022e6960_0, 0;
    %pushi/vec4 0, 0, 32;
    %assign/vec4 v0x55cc022e65d0_0, 0;
    %pushi/vec4 0, 0, 32;
    %assign/vec4 v0x55cc022e6f20_0, 0;
    %pushi/vec4 0, 0, 5;
    %assign/vec4 v0x55cc022e6bf0_0, 0;
    %jmp T_4.1;
T_4.0 ;
    %load/vec4 v0x55cc022e6a50_0;
    %assign/vec4 v0x55cc022e6960_0, 0;
    %load/vec4 v0x55cc022e66d0_0;
    %assign/vec4 v0x55cc022e65d0_0, 0;
    %load/vec4 v0x55cc022e7000_0;
    %assign/vec4 v0x55cc022e6f20_0, 0;
    %load/vec4 v0x55cc022e6cd0_0;
    %assign/vec4 v0x55cc022e6bf0_0, 0;
T_4.1 ;
    %jmp T_4;
    .thread T_4;
    .scope S_0x55cc022be570;
T_5 ;
    %wait E_0x55cc022d0220;
    %load/vec4 v0x55cc022e5a60_0;
    %flag_set/vec4 8;
    %jmp/0xz  T_5.0, 8;
    %load/vec4 v0x55cc022e6150_0;
    %load/vec4 v0x55cc022e5fb0_0;
    %ix/load 4, 2, 0;
    %flag_set/imm 4, 0;
    %shiftr 4;
    %ix/vec4 3;
    %ix/load 4, 0, 0; Constant delay
    %assign/vec4/a/d v0x55cc022e6310, 0, 4;
T_5.0 ;
    %jmp T_5;
    .thread T_5;
    .scope S_0x55cc022ef610;
T_6 ;
    %wait E_0x55cc02205c50;
    %load/vec4 v0x55cc022f0480_0;
    %inv;
    %flag_set/vec4 8;
    %jmp/0xz  T_6.0, 8;
    %pushi/vec4 0, 0, 2;
    %assign/vec4 v0x55cc022efef0_0, 0;
    %pushi/vec4 0, 0, 32;
    %assign/vec4 v0x55cc022ef8f0_0, 0;
    %pushi/vec4 0, 0, 32;
    %assign/vec4 v0x55cc022efba0_0, 0;
    %pushi/vec4 0, 0, 32;
    %assign/vec4 v0x55cc022f0220_0, 0;
    %jmp T_6.1;
T_6.0 ;
    %load/vec4 v0x55cc022effd0_0;
    %assign/vec4 v0x55cc022efef0_0, 0;
    %load/vec4 v0x55cc022ef9d0_0;
    %assign/vec4 v0x55cc022ef8f0_0, 0;
    %load/vec4 v0x55cc022efc80_0;
    %assign/vec4 v0x55cc022efba0_0, 0;
    %load/vec4 v0x55cc022f0300_0;
    %pad/u 32;
    %assign/vec4 v0x55cc022f0220_0, 0;
T_6.1 ;
    %jmp T_6;
    .thread T_6;
    .scope S_0x55cc022c0d40;
T_7 ;
    %delay 25, 0;
    %load/vec4 v0x55cc022f77e0_0;
    %inv;
    %store/vec4 v0x55cc022f77e0_0, 0, 1;
    %jmp T_7;
    .thread T_7;
    .scope S_0x55cc022c0d40;
T_8 ;
    %vpi_call 2 20 "$dumpfile", "waveform.vcd" {0 0 0};
    %vpi_call 2 21 "$dumpvars" {0 0 0};
    %pushi/vec4 0, 0, 32;
    %store/vec4 v0x55cc022f7940_0, 0, 32;
    %pushi/vec4 0, 0, 32;
    %store/vec4 v0x55cc022f7c80_0, 0, 32;
    %pushi/vec4 0, 0, 32;
    %store/vec4 v0x55cc022f79e0_0, 0, 32;
    %pushi/vec4 0, 0, 32;
    %store/vec4 v0x55cc022f7ac0_0, 0, 32;
T_8.0 ;
    %load/vec4 v0x55cc022f7ac0_0;
    %cmpi/s 256, 0, 32;
    %jmp/0xz T_8.1, 5;
    %pushi/vec4 0, 0, 32;
    %ix/getv/s 4, v0x55cc022f7ac0_0;
    %store/vec4a v0x55cc022ef510, 4, 0;
    %load/vec4 v0x55cc022f7ac0_0;
    %addi 1, 0, 32;
    %store/vec4 v0x55cc022f7ac0_0, 0, 32;
    %jmp T_8.0;
T_8.1 ;
    %pushi/vec4 0, 0, 32;
    %store/vec4 v0x55cc022f7ac0_0, 0, 32;
T_8.2 ;
    %load/vec4 v0x55cc022f7ac0_0;
    %cmpi/s 32, 0, 32;
    %jmp/0xz T_8.3, 5;
    %pushi/vec4 0, 0, 32;
    %ix/getv/s 4, v0x55cc022f7ac0_0;
    %store/vec4a v0x55cc022e6310, 4, 0;
    %load/vec4 v0x55cc022f7ac0_0;
    %addi 1, 0, 32;
    %store/vec4 v0x55cc022f7ac0_0, 0, 32;
    %jmp T_8.2;
T_8.3 ;
    %vpi_call 2 39 "$readmemb", "instruction.txt", v0x55cc022ef510 {0 0 0};
    %vpi_func 2 43 "$fopen" 32, "output.txt" {0 0 0};
    %pushi/vec4 1, 0, 32;
    %or;
    %store/vec4 v0x55cc022f7ba0_0, 0, 32;
    %pushi/vec4 0, 0, 1;
    %store/vec4 v0x55cc022f77e0_0, 0, 1;
    %pushi/vec4 1, 0, 1;
    %store/vec4 v0x55cc022f7880_0, 0, 1;
    %delay 6, 0;
    %pushi/vec4 0, 0, 1;
    %store/vec4 v0x55cc022f7880_0, 0, 1;
    %delay 6, 0;
    %pushi/vec4 1, 0, 1;
    %store/vec4 v0x55cc022f7880_0, 0, 1;
    %pushi/vec4 5, 0, 32;
    %ix/load 4, 0, 0;
    %flag_set/imm 4, 0;
    %store/vec4a v0x55cc022e6310, 4, 0;
    %pushi/vec4 6, 0, 32;
    %ix/load 4, 1, 0;
    %flag_set/imm 4, 0;
    %store/vec4a v0x55cc022e6310, 4, 0;
    %pushi/vec4 10, 0, 32;
    %ix/load 4, 2, 0;
    %flag_set/imm 4, 0;
    %store/vec4a v0x55cc022e6310, 4, 0;
    %pushi/vec4 18, 0, 32;
    %ix/load 4, 3, 0;
    %flag_set/imm 4, 0;
    %store/vec4a v0x55cc022e6310, 4, 0;
    %pushi/vec4 29, 0, 32;
    %ix/load 4, 4, 0;
    %flag_set/imm 4, 0;
    %store/vec4a v0x55cc022e6310, 4, 0;
    %pushi/vec4 4294967272, 0, 32;
    %ix/load 4, 24, 0;
    %flag_set/imm 4, 0;
    %store/vec4a v0x55cc022f4af0, 4, 0;
    %pushi/vec4 4294967271, 0, 32;
    %ix/load 4, 25, 0;
    %flag_set/imm 4, 0;
    %store/vec4a v0x55cc022f4af0, 4, 0;
    %pushi/vec4 4294967270, 0, 32;
    %ix/load 4, 26, 0;
    %flag_set/imm 4, 0;
    %store/vec4a v0x55cc022f4af0, 4, 0;
    %pushi/vec4 4294967269, 0, 32;
    %ix/load 4, 27, 0;
    %flag_set/imm 4, 0;
    %store/vec4a v0x55cc022f4af0, 4, 0;
    %pushi/vec4 56, 0, 32;
    %ix/load 4, 28, 0;
    %flag_set/imm 4, 0;
    %store/vec4a v0x55cc022f4af0, 4, 0;
    %pushi/vec4 58, 0, 32;
    %ix/load 4, 29, 0;
    %flag_set/imm 4, 0;
    %store/vec4a v0x55cc022f4af0, 4, 0;
    %pushi/vec4 60, 0, 32;
    %ix/load 4, 30, 0;
    %flag_set/imm 4, 0;
    %store/vec4a v0x55cc022f4af0, 4, 0;
    %pushi/vec4 62, 0, 32;
    %ix/load 4, 31, 0;
    %flag_set/imm 4, 0;
    %store/vec4a v0x55cc022f4af0, 4, 0;
    %end;
    .thread T_8;
    .scope S_0x55cc022c0d40;
T_9 ;
    %wait E_0x55cc022d0220;
    %load/vec4 v0x55cc022f7940_0;
    %cmpi/e 64, 0, 32;
    %jmp/0xz  T_9.0, 4;
    %vpi_call 2 74 "$finish" {0 0 0};
T_9.0 ;
    %load/vec4 v0x55cc022e9aa0_0;
    %pad/u 32;
    %pushi/vec4 1, 0, 32;
    %cmp/e;
    %flag_get/vec4 4;
    %load/vec4 v0x55cc022e3cc0_0;
    %pad/u 32;
    %pushi/vec4 0, 0, 32;
    %cmp/e;
    %flag_get/vec4 4;
    %and;
    %flag_set/vec4 8;
    %jmp/0xz  T_9.2, 8;
    %load/vec4 v0x55cc022f7c80_0;
    %addi 1, 0, 32;
    %store/vec4 v0x55cc022f7c80_0, 0, 32;
T_9.2 ;
    %load/vec4 v0x55cc022f4e60_0;
    %pad/u 32;
    %cmpi/e 1, 0, 32;
    %jmp/0xz  T_9.4, 4;
    %load/vec4 v0x55cc022f79e0_0;
    %addi 1, 0, 32;
    %store/vec4 v0x55cc022f79e0_0, 0, 32;
T_9.4 ;
    %vpi_call 2 82 "$fdisplay", v0x55cc022f7ba0_0, "cycle = %d, Stall = %0d, Flush = %0d\012PC = %d", v0x55cc022f7940_0, v0x55cc022f7c80_0, v0x55cc022f79e0_0, v0x55cc022f3450_0 {0 0 0};
    %vpi_call 2 86 "$fdisplay", v0x55cc022f7ba0_0, "Registers" {0 0 0};
    %vpi_call 2 87 "$fdisplay", v0x55cc022f7ba0_0, "x0 = %d, x8  = %d, x16 = %d, x24 = %d", &A<v0x55cc022f4af0, 0>, &A<v0x55cc022f4af0, 8>, &A<v0x55cc022f4af0, 16>, &A<v0x55cc022f4af0, 24> {0 0 0};
    %vpi_call 2 88 "$fdisplay", v0x55cc022f7ba0_0, "x1 = %d, x9  = %d, x17 = %d, x25 = %d", &A<v0x55cc022f4af0, 1>, &A<v0x55cc022f4af0, 9>, &A<v0x55cc022f4af0, 17>, &A<v0x55cc022f4af0, 25> {0 0 0};
    %vpi_call 2 89 "$fdisplay", v0x55cc022f7ba0_0, "x2 = %d, x10 = %d, x18 = %d, x26 = %d", &A<v0x55cc022f4af0, 2>, &A<v0x55cc022f4af0, 10>, &A<v0x55cc022f4af0, 18>, &A<v0x55cc022f4af0, 26> {0 0 0};
    %vpi_call 2 90 "$fdisplay", v0x55cc022f7ba0_0, "x3 = %d, x11 = %d, x19 = %d, x27 = %d", &A<v0x55cc022f4af0, 3>, &A<v0x55cc022f4af0, 11>, &A<v0x55cc022f4af0, 19>, &A<v0x55cc022f4af0, 27> {0 0 0};
    %vpi_call 2 91 "$fdisplay", v0x55cc022f7ba0_0, "x4 = %d, x12 = %d, x20 = %d, x28 = %d", &A<v0x55cc022f4af0, 4>, &A<v0x55cc022f4af0, 12>, &A<v0x55cc022f4af0, 20>, &A<v0x55cc022f4af0, 28> {0 0 0};
    %vpi_call 2 92 "$fdisplay", v0x55cc022f7ba0_0, "x5 = %d, x13 = %d, x21 = %d, x29 = %d", &A<v0x55cc022f4af0, 5>, &A<v0x55cc022f4af0, 13>, &A<v0x55cc022f4af0, 21>, &A<v0x55cc022f4af0, 29> {0 0 0};
    %vpi_call 2 93 "$fdisplay", v0x55cc022f7ba0_0, "x6 = %d, x14 = %d, x22 = %d, x30 = %d", &A<v0x55cc022f4af0, 6>, &A<v0x55cc022f4af0, 14>, &A<v0x55cc022f4af0, 22>, &A<v0x55cc022f4af0, 30> {0 0 0};
    %vpi_call 2 94 "$fdisplay", v0x55cc022f7ba0_0, "x7 = %d, x15 = %d, x23 = %d, x31 = %d", &A<v0x55cc022f4af0, 7>, &A<v0x55cc022f4af0, 15>, &A<v0x55cc022f4af0, 23>, &A<v0x55cc022f4af0, 31> {0 0 0};
    %vpi_call 2 98 "$fdisplay", v0x55cc022f7ba0_0, "Data Memory: 0x00 = %10d", &A<v0x55cc022e6310, 0> {0 0 0};
    %vpi_call 2 99 "$fdisplay", v0x55cc022f7ba0_0, "Data Memory: 0x04 = %10d", &A<v0x55cc022e6310, 1> {0 0 0};
    %vpi_call 2 100 "$fdisplay", v0x55cc022f7ba0_0, "Data Memory: 0x08 = %10d", &A<v0x55cc022e6310, 2> {0 0 0};
    %vpi_call 2 101 "$fdisplay", v0x55cc022f7ba0_0, "Data Memory: 0x0C = %10d", &A<v0x55cc022e6310, 3> {0 0 0};
    %vpi_call 2 102 "$fdisplay", v0x55cc022f7ba0_0, "Data Memory: 0x10 = %10d", &A<v0x55cc022e6310, 4> {0 0 0};
    %vpi_call 2 103 "$fdisplay", v0x55cc022f7ba0_0, "Data Memory: 0x14 = %10d", &A<v0x55cc022e6310, 5> {0 0 0};
    %vpi_call 2 104 "$fdisplay", v0x55cc022f7ba0_0, "Data Memory: 0x18 = %10d", &A<v0x55cc022e6310, 6> {0 0 0};
    %vpi_call 2 105 "$fdisplay", v0x55cc022f7ba0_0, "Data Memory: 0x1C = %10d", &A<v0x55cc022e6310, 7> {0 0 0};
    %vpi_call 2 107 "$fdisplay", v0x55cc022f7ba0_0, "\012" {0 0 0};
    %load/vec4 v0x55cc022f7940_0;
    %addi 1, 0, 32;
    %store/vec4 v0x55cc022f7940_0, 0, 32;
    %jmp T_9;
    .thread T_9;
# The file index is used to find the file name in the following table.
:file_names 21;
    "N/A";
    "<interactive>";
    "testbench.v";
    "CPU.v";
    "ALU.v";
    "ALUControl.v";
    "Add.v";
    "Control.v";
    "Data_Memory.v";
    "EXMEM.v";
    "ForwardingUnit.v";
    "HazardDetectionUnit.v";
    "IDEX.v";
    "IFID.v";
    "ImmGen.v";
    "Instruction_Memory.v";
    "MEMWB.v";
    "MUX2.v";
    "MUX4.v";
    "PC.v";
    "Registers.v";
