mktextfm DFKai-SB
mktextfm DFKai-SB
mktextfm DFKai-SB
mktextfm DFKai-SB
mktextfm DFKai-SB
mktextfm DFKai-SB
mktextfm kaiu
mktextfm kaiu
mktextfm kaiu
mktextfm STKaiti/OT
mktextfm STKaiti/OT
mktextfm STKaiti/OT
mktextfm STKaiti/BI/OT
mktextfm STKaiti/OT
mktextfm STKaiti/B/OT
mktextfm STKaiti/OT
mktextfm STKaiti/I/OT
mktextfm STKaiti/OT
mktextfm STKaiti/OT
mktextfm STKaiti/OT
mktextfm STKaiti/OT
mktextfm STKaiti/BI/OT
mktextfm STKaiti/OT
mktextfm STKaiti/B/OT
mktextfm STKaiti/OT
mktextfm STKaiti/I/OT
mktextfm STKaiti/OT
mktextfm STKaiti/OT
mktextfm STKaiti/OT
mktextfm STKaiti/OT
mktextfm STKaiti/BI/OT
mktextfm STKaiti/OT
mktextfm STKaiti/B/OT
mktextfm STKaiti/OT
mktextfm STKaiti/I/OT
mktextfm STKaiti/OT
mktextfm STKaiti
mktextfm STKaiti
mktextfm STKaiti
mktextfm STKaiti/BI
mktextfm STKaiti
mktextfm STKaiti/B
mktextfm STKaiti
mktextfm STKaiti/I
mktextfm STKaiti
